1 2 2 3 4 5 6 7 8 9 10 
1 2 2 3 4 5 6 7 8 10 9 
1 2 2 3 4 5 6 7 9 8 10 
1 2 2 3 4 5 6 7 9 10 8 
1 2 2 3 4 5 6 7 10 8 9 
1 2 2 3 4 5 6 7 10 9 8 
1 2 2 3 4 5 6 8 7 9 10 
1 2 2 3 4 5 6 8 7 10 9 
1 2 2 3 4 5 6 8 9 7 10 
1 2 2 3 4 5 6 8 9 10 7 
1 2 2 3 4 5 6 8 10 7 9 
1 2 2 3 4 5 6 8 10 9 7 
1 2 2 3 4 5 6 9 7 8 10 
1 2 2 3 4 5 6 9 7 10 8 
1 2 2 3 4 5 6 9 8 7 10 
1 2 2 3 4 5 6 9 8 10 7 
1 2 2 3 4 5 6 9 10 7 8 
1 2 2 3 4 5 6 9 10 8 7 
1 2 2 3 4 5 6 10 7 8 9 
1 2 2 3 4 5 6 10 7 9 8 
1 2 2 3 4 5 6 10 8 7 9 
1 2 2 3 4 5 6 10 8 9 7 
1 2 2 3 4 5 6 10 9 7 8 
1 2 2 3 4 5 6 10 9 8 7 
1 2 2 3 4 5 7 6 8 9 10 
1 2 2 3 4 5 7 6 8 10 9 
1 2 2 3 4 5 7 6 9 8 10 
1 2 2 3 4 5 7 6 9 10 8 
1 2 2 3 4 5 7 6 10 8 9 
1 2 2 3 4 5 7 6 10 9 8 
1 2 2 3 4 5 7 8 6 9 10 
1 2 2 3 4 5 7 8 6 10 9 
1 2 2 3 4 5 7 8 9 6 10 
1 2 2 3 4 5 7 8 9 10 6 
1 2 2 3 4 5 7 8 10 6 9 
1 2 2 3 4 5 7 8 10 9 6 
1 2 2 3 4 5 7 9 6 8 10 
1 2 2 3 4 5 7 9 6 10 8 
1 2 2 3 4 5 7 9 8 6 10 
1 2 2 3 4 5 7 9 8 10 6 
1 2 2 3 4 5 7 9 10 6 8 
1 2 2 3 4 5 7 9 10 8 6 
1 2 2 3 4 5 7 10 6 8 9 
1 2 2 3 4 5 7 10 6 9 8 
1 2 2 3 4 5 7 10 8 6 9 
1 2 2 3 4 5 7 10 8 9 6 
1 2 2 3 4 5 7 10 9 6 8 
1 2 2 3 4 5 7 10 9 8 6 
1 2 2 3 4 5 8 6 7 9 10 
1 2 2 3 4 5 8 6 7 10 9 
1 2 2 3 4 5 8 6 9 7 10 
1 2 2 3 4 5 8 6 9 10 7 
1 2 2 3 4 5 8 6 10 7 9 
1 2 2 3 4 5 8 6 10 9 7 
1 2 2 3 4 5 8 7 6 9 10 
1 2 2 3 4 5 8 7 6 10 9 
1 2 2 3 4 5 8 7 9 6 10 
1 2 2 3 4 5 8 7 9 10 6 
1 2 2 3 4 5 8 7 10 6 9 
1 2 2 3 4 5 8 7 10 9 6 
1 2 2 3 4 5 8 9 6 7 10 
1 2 2 3 4 5 8 9 6 10 7 
1 2 2 3 4 5 8 9 7 6 10 
1 2 2 3 4 5 8 9 7 10 6 
1 2 2 3 4 5 8 9 10 6 7 
1 2 2 3 4 5 8 9 10 7 6 
1 2 2 3 4 5 8 10 6 7 9 
1 2 2 3 4 5 8 10 6 9 7 
1 2 2 3 4 5 8 10 7 6 9 
1 2 2 3 4 5 8 10 7 9 6 
1 2 2 3 4 5 8 10 9 6 7 
1 2 2 3 4 5 8 10 9 7 6 
1 2 2 3 4 5 9 6 7 8 10 
1 2 2 3 4 5 9 6 7 10 8 
1 2 2 3 4 5 9 6 8 7 10 
1 2 2 3 4 5 9 6 8 10 7 
1 2 2 3 4 5 9 6 10 7 8 
1 2 2 3 4 5 9 6 10 8 7 
1 2 2 3 4 5 9 7 6 8 10 
1 2 2 3 4 5 9 7 6 10 8 
1 2 2 3 4 5 9 7 8 6 10 
1 2 2 3 4 5 9 7 8 10 6 
1 2 2 3 4 5 9 7 10 6 8 
1 2 2 3 4 5 9 7 10 8 6 
1 2 2 3 4 5 9 8 6 7 10 
1 2 2 3 4 5 9 8 6 10 7 
1 2 2 3 4 5 9 8 7 6 10 
1 2 2 3 4 5 9 8 7 10 6 
1 2 2 3 4 5 9 8 10 6 7 
1 2 2 3 4 5 9 8 10 7 6 
1 2 2 3 4 5 9 10 6 7 8 
1 2 2 3 4 5 9 10 6 8 7 
1 2 2 3 4 5 9 10 7 6 8 
1 2 2 3 4 5 9 10 7 8 6 
1 2 2 3 4 5 9 10 8 6 7 
1 2 2 3 4 5 9 10 8 7 6 
1 2 2 3 4 5 10 6 7 8 9 
1 2 2 3 4 5 10 6 7 9 8 
1 2 2 3 4 5 10 6 8 7 9 
1 2 2 3 4 5 10 6 8 9 7 
1 2 2 3 4 5 10 6 9 7 8 
1 2 2 3 4 5 10 6 9 8 7 
1 2 2 3 4 5 10 7 6 8 9 
1 2 2 3 4 5 10 7 6 9 8 
1 2 2 3 4 5 10 7 8 6 9 
1 2 2 3 4 5 10 7 8 9 6 
1 2 2 3 4 5 10 7 9 6 8 
1 2 2 3 4 5 10 7 9 8 6 
1 2 2 3 4 5 10 8 6 7 9 
1 2 2 3 4 5 10 8 6 9 7 
1 2 2 3 4 5 10 8 7 6 9 
1 2 2 3 4 5 10 8 7 9 6 
1 2 2 3 4 5 10 8 9 6 7 
1 2 2 3 4 5 10 8 9 7 6 
1 2 2 3 4 5 10 9 6 7 8 
1 2 2 3 4 5 10 9 6 8 7 
1 2 2 3 4 5 10 9 7 6 8 
1 2 2 3 4 5 10 9 7 8 6 
1 2 2 3 4 5 10 9 8 6 7 
1 2 2 3 4 5 10 9 8 7 6 
1 2 2 3 4 6 5 7 8 9 10 
1 2 2 3 4 6 5 7 8 10 9 
1 2 2 3 4 6 5 7 9 8 10 
1 2 2 3 4 6 5 7 9 10 8 
1 2 2 3 4 6 5 7 10 8 9 
1 2 2 3 4 6 5 7 10 9 8 
1 2 2 3 4 6 5 8 7 9 10 
1 2 2 3 4 6 5 8 7 10 9 
1 2 2 3 4 6 5 8 9 7 10 
1 2 2 3 4 6 5 8 9 10 7 
1 2 2 3 4 6 5 8 10 7 9 
1 2 2 3 4 6 5 8 10 9 7 
1 2 2 3 4 6 5 9 7 8 10 
1 2 2 3 4 6 5 9 7 10 8 
1 2 2 3 4 6 5 9 8 7 10 
1 2 2 3 4 6 5 9 8 10 7 
1 2 2 3 4 6 5 9 10 7 8 
1 2 2 3 4 6 5 9 10 8 7 
1 2 2 3 4 6 5 10 7 8 9 
1 2 2 3 4 6 5 10 7 9 8 
1 2 2 3 4 6 5 10 8 7 9 
1 2 2 3 4 6 5 10 8 9 7 
1 2 2 3 4 6 5 10 9 7 8 
1 2 2 3 4 6 5 10 9 8 7 
1 2 2 3 4 6 7 5 8 9 10 
1 2 2 3 4 6 7 5 8 10 9 
1 2 2 3 4 6 7 5 9 8 10 
1 2 2 3 4 6 7 5 9 10 8 
1 2 2 3 4 6 7 5 10 8 9 
1 2 2 3 4 6 7 5 10 9 8 
1 2 2 3 4 6 7 8 5 9 10 
1 2 2 3 4 6 7 8 5 10 9 
1 2 2 3 4 6 7 8 9 5 10 
1 2 2 3 4 6 7 8 9 10 5 
1 2 2 3 4 6 7 8 10 5 9 
1 2 2 3 4 6 7 8 10 9 5 
1 2 2 3 4 6 7 9 5 8 10 
1 2 2 3 4 6 7 9 5 10 8 
1 2 2 3 4 6 7 9 8 5 10 
1 2 2 3 4 6 7 9 8 10 5 
1 2 2 3 4 6 7 9 10 5 8 
1 2 2 3 4 6 7 9 10 8 5 
1 2 2 3 4 6 7 10 5 8 9 
1 2 2 3 4 6 7 10 5 9 8 
1 2 2 3 4 6 7 10 8 5 9 
1 2 2 3 4 6 7 10 8 9 5 
1 2 2 3 4 6 7 10 9 5 8 
1 2 2 3 4 6 7 10 9 8 5 
1 2 2 3 4 6 8 5 7 9 10 
1 2 2 3 4 6 8 5 7 10 9 
1 2 2 3 4 6 8 5 9 7 10 
1 2 2 3 4 6 8 5 9 10 7 
1 2 2 3 4 6 8 5 10 7 9 
1 2 2 3 4 6 8 5 10 9 7 
1 2 2 3 4 6 8 7 5 9 10 
1 2 2 3 4 6 8 7 5 10 9 
1 2 2 3 4 6 8 7 9 5 10 
1 2 2 3 4 6 8 7 9 10 5 
1 2 2 3 4 6 8 7 10 5 9 
1 2 2 3 4 6 8 7 10 9 5 
1 2 2 3 4 6 8 9 5 7 10 
1 2 2 3 4 6 8 9 5 10 7 
1 2 2 3 4 6 8 9 7 5 10 
1 2 2 3 4 6 8 9 7 10 5 
1 2 2 3 4 6 8 9 10 5 7 
1 2 2 3 4 6 8 9 10 7 5 
1 2 2 3 4 6 8 10 5 7 9 
1 2 2 3 4 6 8 10 5 9 7 
1 2 2 3 4 6 8 10 7 5 9 
1 2 2 3 4 6 8 10 7 9 5 
1 2 2 3 4 6 8 10 9 5 7 
1 2 2 3 4 6 8 10 9 7 5 
1 2 2 3 4 6 9 5 7 8 10 
1 2 2 3 4 6 9 5 7 10 8 
1 2 2 3 4 6 9 5 8 7 10 
1 2 2 3 4 6 9 5 8 10 7 
1 2 2 3 4 6 9 5 10 7 8 
1 2 2 3 4 6 9 5 10 8 7 
1 2 2 3 4 6 9 7 5 8 10 
1 2 2 3 4 6 9 7 5 10 8 
1 2 2 3 4 6 9 7 8 5 10 
1 2 2 3 4 6 9 7 8 10 5 
1 2 2 3 4 6 9 7 10 5 8 
1 2 2 3 4 6 9 7 10 8 5 
1 2 2 3 4 6 9 8 5 7 10 
1 2 2 3 4 6 9 8 5 10 7 
1 2 2 3 4 6 9 8 7 5 10 
1 2 2 3 4 6 9 8 7 10 5 
1 2 2 3 4 6 9 8 10 5 7 
1 2 2 3 4 6 9 8 10 7 5 
1 2 2 3 4 6 9 10 5 7 8 
1 2 2 3 4 6 9 10 5 8 7 
1 2 2 3 4 6 9 10 7 5 8 
1 2 2 3 4 6 9 10 7 8 5 
1 2 2 3 4 6 9 10 8 5 7 
1 2 2 3 4 6 9 10 8 7 5 
1 2 2 3 4 6 10 5 7 8 9 
1 2 2 3 4 6 10 5 7 9 8 
1 2 2 3 4 6 10 5 8 7 9 
1 2 2 3 4 6 10 5 8 9 7 
1 2 2 3 4 6 10 5 9 7 8 
1 2 2 3 4 6 10 5 9 8 7 
1 2 2 3 4 6 10 7 5 8 9 
1 2 2 3 4 6 10 7 5 9 8 
1 2 2 3 4 6 10 7 8 5 9 
1 2 2 3 4 6 10 7 8 9 5 
1 2 2 3 4 6 10 7 9 5 8 
1 2 2 3 4 6 10 7 9 8 5 
1 2 2 3 4 6 10 8 5 7 9 
1 2 2 3 4 6 10 8 5 9 7 
1 2 2 3 4 6 10 8 7 5 9 
1 2 2 3 4 6 10 8 7 9 5 
1 2 2 3 4 6 10 8 9 5 7 
1 2 2 3 4 6 10 8 9 7 5 
1 2 2 3 4 6 10 9 5 7 8 
1 2 2 3 4 6 10 9 5 8 7 
1 2 2 3 4 6 10 9 7 5 8 
1 2 2 3 4 6 10 9 7 8 5 
1 2 2 3 4 6 10 9 8 5 7 
1 2 2 3 4 6 10 9 8 7 5 
1 2 2 3 4 7 5 6 8 9 10 
1 2 2 3 4 7 5 6 8 10 9 
1 2 2 3 4 7 5 6 9 8 10 
1 2 2 3 4 7 5 6 9 10 8 
1 2 2 3 4 7 5 6 10 8 9 
1 2 2 3 4 7 5 6 10 9 8 
1 2 2 3 4 7 5 8 6 9 10 
1 2 2 3 4 7 5 8 6 10 9 
1 2 2 3 4 7 5 8 9 6 10 
1 2 2 3 4 7 5 8 9 10 6 
1 2 2 3 4 7 5 8 10 6 9 
1 2 2 3 4 7 5 8 10 9 6 
1 2 2 3 4 7 5 9 6 8 10 
1 2 2 3 4 7 5 9 6 10 8 
1 2 2 3 4 7 5 9 8 6 10 
1 2 2 3 4 7 5 9 8 10 6 
1 2 2 3 4 7 5 9 10 6 8 
1 2 2 3 4 7 5 9 10 8 6 
1 2 2 3 4 7 5 10 6 8 9 
1 2 2 3 4 7 5 10 6 9 8 
1 2 2 3 4 7 5 10 8 6 9 
1 2 2 3 4 7 5 10 8 9 6 
1 2 2 3 4 7 5 10 9 6 8 
1 2 2 3 4 7 5 10 9 8 6 
1 2 2 3 4 7 6 5 8 9 10 
1 2 2 3 4 7 6 5 8 10 9 
1 2 2 3 4 7 6 5 9 8 10 
1 2 2 3 4 7 6 5 9 10 8 
1 2 2 3 4 7 6 5 10 8 9 
1 2 2 3 4 7 6 5 10 9 8 
1 2 2 3 4 7 6 8 5 9 10 
1 2 2 3 4 7 6 8 5 10 9 
1 2 2 3 4 7 6 8 9 5 10 
1 2 2 3 4 7 6 8 9 10 5 
1 2 2 3 4 7 6 8 10 5 9 
1 2 2 3 4 7 6 8 10 9 5 
1 2 2 3 4 7 6 9 5 8 10 
1 2 2 3 4 7 6 9 5 10 8 
1 2 2 3 4 7 6 9 8 5 10 
1 2 2 3 4 7 6 9 8 10 5 
1 2 2 3 4 7 6 9 10 5 8 
1 2 2 3 4 7 6 9 10 8 5 
1 2 2 3 4 7 6 10 5 8 9 
1 2 2 3 4 7 6 10 5 9 8 
1 2 2 3 4 7 6 10 8 5 9 
1 2 2 3 4 7 6 10 8 9 5 
1 2 2 3 4 7 6 10 9 5 8 
1 2 2 3 4 7 6 10 9 8 5 
1 2 2 3 4 7 8 5 6 9 10 
1 2 2 3 4 7 8 5 6 10 9 
1 2 2 3 4 7 8 5 9 6 10 
1 2 2 3 4 7 8 5 9 10 6 
1 2 2 3 4 7 8 5 10 6 9 
1 2 2 3 4 7 8 5 10 9 6 
1 2 2 3 4 7 8 6 5 9 10 
1 2 2 3 4 7 8 6 5 10 9 
1 2 2 3 4 7 8 6 9 5 10 
1 2 2 3 4 7 8 6 9 10 5 
1 2 2 3 4 7 8 6 10 5 9 
1 2 2 3 4 7 8 6 10 9 5 
1 2 2 3 4 7 8 9 5 6 10 
1 2 2 3 4 7 8 9 5 10 6 
1 2 2 3 4 7 8 9 6 5 10 
1 2 2 3 4 7 8 9 6 10 5 
1 2 2 3 4 7 8 9 10 5 6 
1 2 2 3 4 7 8 9 10 6 5 
1 2 2 3 4 7 8 10 5 6 9 
1 2 2 3 4 7 8 10 5 9 6 
1 2 2 3 4 7 8 10 6 5 9 
1 2 2 3 4 7 8 10 6 9 5 
1 2 2 3 4 7 8 10 9 5 6 
1 2 2 3 4 7 8 10 9 6 5 
1 2 2 3 4 7 9 5 6 8 10 
1 2 2 3 4 7 9 5 6 10 8 
1 2 2 3 4 7 9 5 8 6 10 
1 2 2 3 4 7 9 5 8 10 6 
1 2 2 3 4 7 9 5 10 6 8 
1 2 2 3 4 7 9 5 10 8 6 
1 2 2 3 4 7 9 6 5 8 10 
1 2 2 3 4 7 9 6 5 10 8 
1 2 2 3 4 7 9 6 8 5 10 
1 2 2 3 4 7 9 6 8 10 5 
1 2 2 3 4 7 9 6 10 5 8 
1 2 2 3 4 7 9 6 10 8 5 
1 2 2 3 4 7 9 8 5 6 10 
1 2 2 3 4 7 9 8 5 10 6 
1 2 2 3 4 7 9 8 6 5 10 
1 2 2 3 4 7 9 8 6 10 5 
1 2 2 3 4 7 9 8 10 5 6 
1 2 2 3 4 7 9 8 10 6 5 
1 2 2 3 4 7 9 10 5 6 8 
1 2 2 3 4 7 9 10 5 8 6 
1 2 2 3 4 7 9 10 6 5 8 
1 2 2 3 4 7 9 10 6 8 5 
1 2 2 3 4 7 9 10 8 5 6 
1 2 2 3 4 7 9 10 8 6 5 
1 2 2 3 4 7 10 5 6 8 9 
1 2 2 3 4 7 10 5 6 9 8 
1 2 2 3 4 7 10 5 8 6 9 
1 2 2 3 4 7 10 5 8 9 6 
1 2 2 3 4 7 10 5 9 6 8 
1 2 2 3 4 7 10 5 9 8 6 
1 2 2 3 4 7 10 6 5 8 9 
1 2 2 3 4 7 10 6 5 9 8 
1 2 2 3 4 7 10 6 8 5 9 
1 2 2 3 4 7 10 6 8 9 5 
1 2 2 3 4 7 10 6 9 5 8 
1 2 2 3 4 7 10 6 9 8 5 
1 2 2 3 4 7 10 8 5 6 9 
1 2 2 3 4 7 10 8 5 9 6 
1 2 2 3 4 7 10 8 6 5 9 
1 2 2 3 4 7 10 8 6 9 5 
1 2 2 3 4 7 10 8 9 5 6 
1 2 2 3 4 7 10 8 9 6 5 
1 2 2 3 4 7 10 9 5 6 8 
1 2 2 3 4 7 10 9 5 8 6 
1 2 2 3 4 7 10 9 6 5 8 
1 2 2 3 4 7 10 9 6 8 5 
1 2 2 3 4 7 10 9 8 5 6 
1 2 2 3 4 7 10 9 8 6 5 
1 2 2 3 4 8 5 6 7 9 10 
1 2 2 3 4 8 5 6 7 10 9 
1 2 2 3 4 8 5 6 9 7 10 
1 2 2 3 4 8 5 6 9 10 7 
1 2 2 3 4 8 5 6 10 7 9 
1 2 2 3 4 8 5 6 10 9 7 
1 2 2 3 4 8 5 7 6 9 10 
1 2 2 3 4 8 5 7 6 10 9 
1 2 2 3 4 8 5 7 9 6 10 
1 2 2 3 4 8 5 7 9 10 6 
1 2 2 3 4 8 5 7 10 6 9 
1 2 2 3 4 8 5 7 10 9 6 
1 2 2 3 4 8 5 9 6 7 10 
1 2 2 3 4 8 5 9 6 10 7 
1 2 2 3 4 8 5 9 7 6 10 
1 2 2 3 4 8 5 9 7 10 6 
1 2 2 3 4 8 5 9 10 6 7 
1 2 2 3 4 8 5 9 10 7 6 
1 2 2 3 4 8 5 10 6 7 9 
1 2 2 3 4 8 5 10 6 9 7 
1 2 2 3 4 8 5 10 7 6 9 
1 2 2 3 4 8 5 10 7 9 6 
1 2 2 3 4 8 5 10 9 6 7 
1 2 2 3 4 8 5 10 9 7 6 
1 2 2 3 4 8 6 5 7 9 10 
1 2 2 3 4 8 6 5 7 10 9 
1 2 2 3 4 8 6 5 9 7 10 
1 2 2 3 4 8 6 5 9 10 7 
1 2 2 3 4 8 6 5 10 7 9 
1 2 2 3 4 8 6 5 10 9 7 
1 2 2 3 4 8 6 7 5 9 10 
1 2 2 3 4 8 6 7 5 10 9 
1 2 2 3 4 8 6 7 9 5 10 
1 2 2 3 4 8 6 7 9 10 5 
1 2 2 3 4 8 6 7 10 5 9 
1 2 2 3 4 8 6 7 10 9 5 
1 2 2 3 4 8 6 9 5 7 10 
1 2 2 3 4 8 6 9 5 10 7 
1 2 2 3 4 8 6 9 7 5 10 
1 2 2 3 4 8 6 9 7 10 5 
1 2 2 3 4 8 6 9 10 5 7 
1 2 2 3 4 8 6 9 10 7 5 
1 2 2 3 4 8 6 10 5 7 9 
1 2 2 3 4 8 6 10 5 9 7 
1 2 2 3 4 8 6 10 7 5 9 
1 2 2 3 4 8 6 10 7 9 5 
1 2 2 3 4 8 6 10 9 5 7 
1 2 2 3 4 8 6 10 9 7 5 
1 2 2 3 4 8 7 5 6 9 10 
1 2 2 3 4 8 7 5 6 10 9 
1 2 2 3 4 8 7 5 9 6 10 
1 2 2 3 4 8 7 5 9 10 6 
1 2 2 3 4 8 7 5 10 6 9 
1 2 2 3 4 8 7 5 10 9 6 
1 2 2 3 4 8 7 6 5 9 10 
1 2 2 3 4 8 7 6 5 10 9 
1 2 2 3 4 8 7 6 9 5 10 
1 2 2 3 4 8 7 6 9 10 5 
1 2 2 3 4 8 7 6 10 5 9 
1 2 2 3 4 8 7 6 10 9 5 
1 2 2 3 4 8 7 9 5 6 10 
1 2 2 3 4 8 7 9 5 10 6 
1 2 2 3 4 8 7 9 6 5 10 
1 2 2 3 4 8 7 9 6 10 5 
1 2 2 3 4 8 7 9 10 5 6 
1 2 2 3 4 8 7 9 10 6 5 
1 2 2 3 4 8 7 10 5 6 9 
1 2 2 3 4 8 7 10 5 9 6 
1 2 2 3 4 8 7 10 6 5 9 
1 2 2 3 4 8 7 10 6 9 5 
1 2 2 3 4 8 7 10 9 5 6 
1 2 2 3 4 8 7 10 9 6 5 
1 2 2 3 4 8 9 5 6 7 10 
1 2 2 3 4 8 9 5 6 10 7 
1 2 2 3 4 8 9 5 7 6 10 
1 2 2 3 4 8 9 5 7 10 6 
1 2 2 3 4 8 9 5 10 6 7 
1 2 2 3 4 8 9 5 10 7 6 
1 2 2 3 4 8 9 6 5 7 10 
1 2 2 3 4 8 9 6 5 10 7 
1 2 2 3 4 8 9 6 7 5 10 
1 2 2 3 4 8 9 6 7 10 5 
1 2 2 3 4 8 9 6 10 5 7 
1 2 2 3 4 8 9 6 10 7 5 
1 2 2 3 4 8 9 7 5 6 10 
1 2 2 3 4 8 9 7 5 10 6 
1 2 2 3 4 8 9 7 6 5 10 
1 2 2 3 4 8 9 7 6 10 5 
1 2 2 3 4 8 9 7 10 5 6 
1 2 2 3 4 8 9 7 10 6 5 
1 2 2 3 4 8 9 10 5 6 7 
1 2 2 3 4 8 9 10 5 7 6 
1 2 2 3 4 8 9 10 6 5 7 
1 2 2 3 4 8 9 10 6 7 5 
1 2 2 3 4 8 9 10 7 5 6 
1 2 2 3 4 8 9 10 7 6 5 
1 2 2 3 4 8 10 5 6 7 9 
1 2 2 3 4 8 10 5 6 9 7 
1 2 2 3 4 8 10 5 7 6 9 
1 2 2 3 4 8 10 5 7 9 6 
1 2 2 3 4 8 10 5 9 6 7 
1 2 2 3 4 8 10 5 9 7 6 
1 2 2 3 4 8 10 6 5 7 9 
1 2 2 3 4 8 10 6 5 9 7 
1 2 2 3 4 8 10 6 7 5 9 
1 2 2 3 4 8 10 6 7 9 5 
1 2 2 3 4 8 10 6 9 5 7 
1 2 2 3 4 8 10 6 9 7 5 
1 2 2 3 4 8 10 7 5 6 9 
1 2 2 3 4 8 10 7 5 9 6 
1 2 2 3 4 8 10 7 6 5 9 
1 2 2 3 4 8 10 7 6 9 5 
1 2 2 3 4 8 10 7 9 5 6 
1 2 2 3 4 8 10 7 9 6 5 
1 2 2 3 4 8 10 9 5 6 7 
1 2 2 3 4 8 10 9 5 7 6 
1 2 2 3 4 8 10 9 6 5 7 
1 2 2 3 4 8 10 9 6 7 5 
1 2 2 3 4 8 10 9 7 5 6 
1 2 2 3 4 8 10 9 7 6 5 
1 2 2 3 4 9 5 6 7 8 10 
1 2 2 3 4 9 5 6 7 10 8 
1 2 2 3 4 9 5 6 8 7 10 
1 2 2 3 4 9 5 6 8 10 7 
1 2 2 3 4 9 5 6 10 7 8 
1 2 2 3 4 9 5 6 10 8 7 
1 2 2 3 4 9 5 7 6 8 10 
1 2 2 3 4 9 5 7 6 10 8 
1 2 2 3 4 9 5 7 8 6 10 
1 2 2 3 4 9 5 7 8 10 6 
1 2 2 3 4 9 5 7 10 6 8 
1 2 2 3 4 9 5 7 10 8 6 
1 2 2 3 4 9 5 8 6 7 10 
1 2 2 3 4 9 5 8 6 10 7 
1 2 2 3 4 9 5 8 7 6 10 
1 2 2 3 4 9 5 8 7 10 6 
1 2 2 3 4 9 5 8 10 6 7 
1 2 2 3 4 9 5 8 10 7 6 
1 2 2 3 4 9 5 10 6 7 8 
1 2 2 3 4 9 5 10 6 8 7 
1 2 2 3 4 9 5 10 7 6 8 
1 2 2 3 4 9 5 10 7 8 6 
1 2 2 3 4 9 5 10 8 6 7 
1 2 2 3 4 9 5 10 8 7 6 
1 2 2 3 4 9 6 5 7 8 10 
1 2 2 3 4 9 6 5 7 10 8 
1 2 2 3 4 9 6 5 8 7 10 
1 2 2 3 4 9 6 5 8 10 7 
1 2 2 3 4 9 6 5 10 7 8 
1 2 2 3 4 9 6 5 10 8 7 
1 2 2 3 4 9 6 7 5 8 10 
1 2 2 3 4 9 6 7 5 10 8 
1 2 2 3 4 9 6 7 8 5 10 
1 2 2 3 4 9 6 7 8 10 5 
1 2 2 3 4 9 6 7 10 5 8 
1 2 2 3 4 9 6 7 10 8 5 
1 2 2 3 4 9 6 8 5 7 10 
1 2 2 3 4 9 6 8 5 10 7 
1 2 2 3 4 9 6 8 7 5 10 
1 2 2 3 4 9 6 8 7 10 5 
1 2 2 3 4 9 6 8 10 5 7 
1 2 2 3 4 9 6 8 10 7 5 
1 2 2 3 4 9 6 10 5 7 8 
1 2 2 3 4 9 6 10 5 8 7 
1 2 2 3 4 9 6 10 7 5 8 
1 2 2 3 4 9 6 10 7 8 5 
1 2 2 3 4 9 6 10 8 5 7 
1 2 2 3 4 9 6 10 8 7 5 
1 2 2 3 4 9 7 5 6 8 10 
1 2 2 3 4 9 7 5 6 10 8 
1 2 2 3 4 9 7 5 8 6 10 
1 2 2 3 4 9 7 5 8 10 6 
1 2 2 3 4 9 7 5 10 6 8 
1 2 2 3 4 9 7 5 10 8 6 
1 2 2 3 4 9 7 6 5 8 10 
1 2 2 3 4 9 7 6 5 10 8 
1 2 2 3 4 9 7 6 8 5 10 
1 2 2 3 4 9 7 6 8 10 5 
1 2 2 3 4 9 7 6 10 5 8 
1 2 2 3 4 9 7 6 10 8 5 
1 2 2 3 4 9 7 8 5 6 10 
1 2 2 3 4 9 7 8 5 10 6 
1 2 2 3 4 9 7 8 6 5 10 
1 2 2 3 4 9 7 8 6 10 5 
1 2 2 3 4 9 7 8 10 5 6 
1 2 2 3 4 9 7 8 10 6 5 
1 2 2 3 4 9 7 10 5 6 8 
1 2 2 3 4 9 7 10 5 8 6 
1 2 2 3 4 9 7 10 6 5 8 
1 2 2 3 4 9 7 10 6 8 5 
1 2 2 3 4 9 7 10 8 5 6 
1 2 2 3 4 9 7 10 8 6 5 
1 2 2 3 4 9 8 5 6 7 10 
1 2 2 3 4 9 8 5 6 10 7 
1 2 2 3 4 9 8 5 7 6 10 
1 2 2 3 4 9 8 5 7 10 6 
1 2 2 3 4 9 8 5 10 6 7 
1 2 2 3 4 9 8 5 10 7 6 
1 2 2 3 4 9 8 6 5 7 10 
1 2 2 3 4 9 8 6 5 10 7 
1 2 2 3 4 9 8 6 7 5 10 
1 2 2 3 4 9 8 6 7 10 5 
1 2 2 3 4 9 8 6 10 5 7 
1 2 2 3 4 9 8 6 10 7 5 
1 2 2 3 4 9 8 7 5 6 10 
1 2 2 3 4 9 8 7 5 10 6 
1 2 2 3 4 9 8 7 6 5 10 
1 2 2 3 4 9 8 7 6 10 5 
1 2 2 3 4 9 8 7 10 5 6 
1 2 2 3 4 9 8 7 10 6 5 
1 2 2 3 4 9 8 10 5 6 7 
1 2 2 3 4 9 8 10 5 7 6 
1 2 2 3 4 9 8 10 6 5 7 
1 2 2 3 4 9 8 10 6 7 5 
1 2 2 3 4 9 8 10 7 5 6 
1 2 2 3 4 9 8 10 7 6 5 
1 2 2 3 4 9 10 5 6 7 8 
1 2 2 3 4 9 10 5 6 8 7 
1 2 2 3 4 9 10 5 7 6 8 
1 2 2 3 4 9 10 5 7 8 6 
1 2 2 3 4 9 10 5 8 6 7 
1 2 2 3 4 9 10 5 8 7 6 
1 2 2 3 4 9 10 6 5 7 8 
1 2 2 3 4 9 10 6 5 8 7 
1 2 2 3 4 9 10 6 7 5 8 
1 2 2 3 4 9 10 6 7 8 5 
1 2 2 3 4 9 10 6 8 5 7 
1 2 2 3 4 9 10 6 8 7 5 
1 2 2 3 4 9 10 7 5 6 8 
1 2 2 3 4 9 10 7 5 8 6 
1 2 2 3 4 9 10 7 6 5 8 
1 2 2 3 4 9 10 7 6 8 5 
1 2 2 3 4 9 10 7 8 5 6 
1 2 2 3 4 9 10 7 8 6 5 
1 2 2 3 4 9 10 8 5 6 7 
1 2 2 3 4 9 10 8 5 7 6 
1 2 2 3 4 9 10 8 6 5 7 
1 2 2 3 4 9 10 8 6 7 5 
1 2 2 3 4 9 10 8 7 5 6 
1 2 2 3 4 9 10 8 7 6 5 
1 2 2 3 4 10 5 6 7 8 9 
1 2 2 3 4 10 5 6 7 9 8 
1 2 2 3 4 10 5 6 8 7 9 
1 2 2 3 4 10 5 6 8 9 7 
1 2 2 3 4 10 5 6 9 7 8 
1 2 2 3 4 10 5 6 9 8 7 
1 2 2 3 4 10 5 7 6 8 9 
1 2 2 3 4 10 5 7 6 9 8 
1 2 2 3 4 10 5 7 8 6 9 
1 2 2 3 4 10 5 7 8 9 6 
1 2 2 3 4 10 5 7 9 6 8 
1 2 2 3 4 10 5 7 9 8 6 
1 2 2 3 4 10 5 8 6 7 9 
1 2 2 3 4 10 5 8 6 9 7 
1 2 2 3 4 10 5 8 7 6 9 
1 2 2 3 4 10 5 8 7 9 6 
1 2 2 3 4 10 5 8 9 6 7 
1 2 2 3 4 10 5 8 9 7 6 
1 2 2 3 4 10 5 9 6 7 8 
1 2 2 3 4 10 5 9 6 8 7 
1 2 2 3 4 10 5 9 7 6 8 
1 2 2 3 4 10 5 9 7 8 6 
1 2 2 3 4 10 5 9 8 6 7 
1 2 2 3 4 10 5 9 8 7 6 
1 2 2 3 4 10 6 5 7 8 9 
1 2 2 3 4 10 6 5 7 9 8 
1 2 2 3 4 10 6 5 8 7 9 
1 2 2 3 4 10 6 5 8 9 7 
1 2 2 3 4 10 6 5 9 7 8 
1 2 2 3 4 10 6 5 9 8 7 
1 2 2 3 4 10 6 7 5 8 9 
1 2 2 3 4 10 6 7 5 9 8 
1 2 2 3 4 10 6 7 8 5 9 
1 2 2 3 4 10 6 7 8 9 5 
1 2 2 3 4 10 6 7 9 5 8 
1 2 2 3 4 10 6 7 9 8 5 
1 2 2 3 4 10 6 8 5 7 9 
1 2 2 3 4 10 6 8 5 9 7 
1 2 2 3 4 10 6 8 7 5 9 
1 2 2 3 4 10 6 8 7 9 5 
1 2 2 3 4 10 6 8 9 5 7 
1 2 2 3 4 10 6 8 9 7 5 
1 2 2 3 4 10 6 9 5 7 8 
1 2 2 3 4 10 6 9 5 8 7 
1 2 2 3 4 10 6 9 7 5 8 
1 2 2 3 4 10 6 9 7 8 5 
1 2 2 3 4 10 6 9 8 5 7 
1 2 2 3 4 10 6 9 8 7 5 
1 2 2 3 4 10 7 5 6 8 9 
1 2 2 3 4 10 7 5 6 9 8 
1 2 2 3 4 10 7 5 8 6 9 
1 2 2 3 4 10 7 5 8 9 6 
1 2 2 3 4 10 7 5 9 6 8 
1 2 2 3 4 10 7 5 9 8 6 
1 2 2 3 4 10 7 6 5 8 9 
1 2 2 3 4 10 7 6 5 9 8 
1 2 2 3 4 10 7 6 8 5 9 
1 2 2 3 4 10 7 6 8 9 5 
1 2 2 3 4 10 7 6 9 5 8 
1 2 2 3 4 10 7 6 9 8 5 
1 2 2 3 4 10 7 8 5 6 9 
1 2 2 3 4 10 7 8 5 9 6 
1 2 2 3 4 10 7 8 6 5 9 
1 2 2 3 4 10 7 8 6 9 5 
1 2 2 3 4 10 7 8 9 5 6 
1 2 2 3 4 10 7 8 9 6 5 
1 2 2 3 4 10 7 9 5 6 8 
1 2 2 3 4 10 7 9 5 8 6 
1 2 2 3 4 10 7 9 6 5 8 
1 2 2 3 4 10 7 9 6 8 5 
1 2 2 3 4 10 7 9 8 5 6 
1 2 2 3 4 10 7 9 8 6 5 
1 2 2 3 4 10 8 5 6 7 9 
1 2 2 3 4 10 8 5 6 9 7 
1 2 2 3 4 10 8 5 7 6 9 
1 2 2 3 4 10 8 5 7 9 6 
1 2 2 3 4 10 8 5 9 6 7 
1 2 2 3 4 10 8 5 9 7 6 
1 2 2 3 4 10 8 6 5 7 9 
1 2 2 3 4 10 8 6 5 9 7 
1 2 2 3 4 10 8 6 7 5 9 
1 2 2 3 4 10 8 6 7 9 5 
1 2 2 3 4 10 8 6 9 5 7 
1 2 2 3 4 10 8 6 9 7 5 
1 2 2 3 4 10 8 7 5 6 9 
1 2 2 3 4 10 8 7 5 9 6 
1 2 2 3 4 10 8 7 6 5 9 
1 2 2 3 4 10 8 7 6 9 5 
1 2 2 3 4 10 8 7 9 5 6 
1 2 2 3 4 10 8 7 9 6 5 
1 2 2 3 4 10 8 9 5 6 7 
1 2 2 3 4 10 8 9 5 7 6 
1 2 2 3 4 10 8 9 6 5 7 
1 2 2 3 4 10 8 9 6 7 5 
1 2 2 3 4 10 8 9 7 5 6 
1 2 2 3 4 10 8 9 7 6 5 
1 2 2 3 4 10 9 5 6 7 8 
1 2 2 3 4 10 9 5 6 8 7 
1 2 2 3 4 10 9 5 7 6 8 
1 2 2 3 4 10 9 5 7 8 6 
1 2 2 3 4 10 9 5 8 6 7 
1 2 2 3 4 10 9 5 8 7 6 
1 2 2 3 4 10 9 6 5 7 8 
1 2 2 3 4 10 9 6 5 8 7 
1 2 2 3 4 10 9 6 7 5 8 
1 2 2 3 4 10 9 6 7 8 5 
1 2 2 3 4 10 9 6 8 5 7 
1 2 2 3 4 10 9 6 8 7 5 
1 2 2 3 4 10 9 7 5 6 8 
1 2 2 3 4 10 9 7 5 8 6 
1 2 2 3 4 10 9 7 6 5 8 
1 2 2 3 4 10 9 7 6 8 5 
1 2 2 3 4 10 9 7 8 5 6 
1 2 2 3 4 10 9 7 8 6 5 
1 2 2 3 4 10 9 8 5 6 7 
1 2 2 3 4 10 9 8 5 7 6 
1 2 2 3 4 10 9 8 6 5 7 
1 2 2 3 4 10 9 8 6 7 5 
1 2 2 3 4 10 9 8 7 5 6 
1 2 2 3 4 10 9 8 7 6 5 
1 2 2 3 5 4 6 7 8 9 10 
1 2 2 3 5 4 6 7 8 10 9 
1 2 2 3 5 4 6 7 9 8 10 
1 2 2 3 5 4 6 7 9 10 8 
1 2 2 3 5 4 6 7 10 8 9 
1 2 2 3 5 4 6 7 10 9 8 
1 2 2 3 5 4 6 8 7 9 10 
1 2 2 3 5 4 6 8 7 10 9 
1 2 2 3 5 4 6 8 9 7 10 
1 2 2 3 5 4 6 8 9 10 7 
1 2 2 3 5 4 6 8 10 7 9 
1 2 2 3 5 4 6 8 10 9 7 
1 2 2 3 5 4 6 9 7 8 10 
1 2 2 3 5 4 6 9 7 10 8 
1 2 2 3 5 4 6 9 8 7 10 
1 2 2 3 5 4 6 9 8 10 7 
1 2 2 3 5 4 6 9 10 7 8 
1 2 2 3 5 4 6 9 10 8 7 
1 2 2 3 5 4 6 10 7 8 9 
1 2 2 3 5 4 6 10 7 9 8 
1 2 2 3 5 4 6 10 8 7 9 
1 2 2 3 5 4 6 10 8 9 7 
1 2 2 3 5 4 6 10 9 7 8 
1 2 2 3 5 4 6 10 9 8 7 
1 2 2 3 5 4 7 6 8 9 10 
1 2 2 3 5 4 7 6 8 10 9 
1 2 2 3 5 4 7 6 9 8 10 
1 2 2 3 5 4 7 6 9 10 8 
1 2 2 3 5 4 7 6 10 8 9 
1 2 2 3 5 4 7 6 10 9 8 
1 2 2 3 5 4 7 8 6 9 10 
1 2 2 3 5 4 7 8 6 10 9 
1 2 2 3 5 4 7 8 9 6 10 
1 2 2 3 5 4 7 8 9 10 6 
1 2 2 3 5 4 7 8 10 6 9 
1 2 2 3 5 4 7 8 10 9 6 
1 2 2 3 5 4 7 9 6 8 10 
1 2 2 3 5 4 7 9 6 10 8 
1 2 2 3 5 4 7 9 8 6 10 
1 2 2 3 5 4 7 9 8 10 6 
1 2 2 3 5 4 7 9 10 6 8 
1 2 2 3 5 4 7 9 10 8 6 
1 2 2 3 5 4 7 10 6 8 9 
1 2 2 3 5 4 7 10 6 9 8 
1 2 2 3 5 4 7 10 8 6 9 
1 2 2 3 5 4 7 10 8 9 6 
1 2 2 3 5 4 7 10 9 6 8 
1 2 2 3 5 4 7 10 9 8 6 
1 2 2 3 5 4 8 6 7 9 10 
1 2 2 3 5 4 8 6 7 10 9 
1 2 2 3 5 4 8 6 9 7 10 
1 2 2 3 5 4 8 6 9 10 7 
1 2 2 3 5 4 8 6 10 7 9 
1 2 2 3 5 4 8 6 10 9 7 
1 2 2 3 5 4 8 7 6 9 10 
1 2 2 3 5 4 8 7 6 10 9 
1 2 2 3 5 4 8 7 9 6 10 
1 2 2 3 5 4 8 7 9 10 6 
1 2 2 3 5 4 8 7 10 6 9 
1 2 2 3 5 4 8 7 10 9 6 
1 2 2 3 5 4 8 9 6 7 10 
1 2 2 3 5 4 8 9 6 10 7 
1 2 2 3 5 4 8 9 7 6 10 
1 2 2 3 5 4 8 9 7 10 6 
1 2 2 3 5 4 8 9 10 6 7 
1 2 2 3 5 4 8 9 10 7 6 
1 2 2 3 5 4 8 10 6 7 9 
1 2 2 3 5 4 8 10 6 9 7 
1 2 2 3 5 4 8 10 7 6 9 
1 2 2 3 5 4 8 10 7 9 6 
1 2 2 3 5 4 8 10 9 6 7 
1 2 2 3 5 4 8 10 9 7 6 
1 2 2 3 5 4 9 6 7 8 10 
1 2 2 3 5 4 9 6 7 10 8 
1 2 2 3 5 4 9 6 8 7 10 
1 2 2 3 5 4 9 6 8 10 7 
1 2 2 3 5 4 9 6 10 7 8 
1 2 2 3 5 4 9 6 10 8 7 
1 2 2 3 5 4 9 7 6 8 10 
1 2 2 3 5 4 9 7 6 10 8 
1 2 2 3 5 4 9 7 8 6 10 
1 2 2 3 5 4 9 7 8 10 6 
1 2 2 3 5 4 9 7 10 6 8 
1 2 2 3 5 4 9 7 10 8 6 
1 2 2 3 5 4 9 8 6 7 10 
1 2 2 3 5 4 9 8 6 10 7 
1 2 2 3 5 4 9 8 7 6 10 
1 2 2 3 5 4 9 8 7 10 6 
1 2 2 3 5 4 9 8 10 6 7 
1 2 2 3 5 4 9 8 10 7 6 
1 2 2 3 5 4 9 10 6 7 8 
1 2 2 3 5 4 9 10 6 8 7 
1 2 2 3 5 4 9 10 7 6 8 
1 2 2 3 5 4 9 10 7 8 6 
1 2 2 3 5 4 9 10 8 6 7 
1 2 2 3 5 4 9 10 8 7 6 
1 2 2 3 5 4 10 6 7 8 9 
1 2 2 3 5 4 10 6 7 9 8 
1 2 2 3 5 4 10 6 8 7 9 
1 2 2 3 5 4 10 6 8 9 7 
1 2 2 3 5 4 10 6 9 7 8 
1 2 2 3 5 4 10 6 9 8 7 
1 2 2 3 5 4 10 7 6 8 9 
1 2 2 3 5 4 10 7 6 9 8 
1 2 2 3 5 4 10 7 8 6 9 
1 2 2 3 5 4 10 7 8 9 6 
1 2 2 3 5 4 10 7 9 6 8 
1 2 2 3 5 4 10 7 9 8 6 
1 2 2 3 5 4 10 8 6 7 9 
1 2 2 3 5 4 10 8 6 9 7 
1 2 2 3 5 4 10 8 7 6 9 
1 2 2 3 5 4 10 8 7 9 6 
1 2 2 3 5 4 10 8 9 6 7 
1 2 2 3 5 4 10 8 9 7 6 
1 2 2 3 5 4 10 9 6 7 8 
1 2 2 3 5 4 10 9 6 8 7 
1 2 2 3 5 4 10 9 7 6 8 
1 2 2 3 5 4 10 9 7 8 6 
1 2 2 3 5 4 10 9 8 6 7 
1 2 2 3 5 4 10 9 8 7 6 
1 2 2 3 5 6 4 7 8 9 10 
1 2 2 3 5 6 4 7 8 10 9 
1 2 2 3 5 6 4 7 9 8 10 
1 2 2 3 5 6 4 7 9 10 8 
1 2 2 3 5 6 4 7 10 8 9 
1 2 2 3 5 6 4 7 10 9 8 
1 2 2 3 5 6 4 8 7 9 10 
1 2 2 3 5 6 4 8 7 10 9 
1 2 2 3 5 6 4 8 9 7 10 
1 2 2 3 5 6 4 8 9 10 7 
1 2 2 3 5 6 4 8 10 7 9 
1 2 2 3 5 6 4 8 10 9 7 
1 2 2 3 5 6 4 9 7 8 10 
1 2 2 3 5 6 4 9 7 10 8 
1 2 2 3 5 6 4 9 8 7 10 
1 2 2 3 5 6 4 9 8 10 7 
1 2 2 3 5 6 4 9 10 7 8 
1 2 2 3 5 6 4 9 10 8 7 
1 2 2 3 5 6 4 10 7 8 9 
1 2 2 3 5 6 4 10 7 9 8 
1 2 2 3 5 6 4 10 8 7 9 
1 2 2 3 5 6 4 10 8 9 7 
1 2 2 3 5 6 4 10 9 7 8 
1 2 2 3 5 6 4 10 9 8 7 
1 2 2 3 5 6 7 4 8 9 10 
1 2 2 3 5 6 7 4 8 10 9 
1 2 2 3 5 6 7 4 9 8 10 
1 2 2 3 5 6 7 4 9 10 8 
1 2 2 3 5 6 7 4 10 8 9 
1 2 2 3 5 6 7 4 10 9 8 
1 2 2 3 5 6 7 8 4 9 10 
1 2 2 3 5 6 7 8 4 10 9 
1 2 2 3 5 6 7 8 9 4 10 
1 2 2 3 5 6 7 8 9 10 4 
1 2 2 3 5 6 7 8 10 4 9 
1 2 2 3 5 6 7 8 10 9 4 
1 2 2 3 5 6 7 9 4 8 10 
1 2 2 3 5 6 7 9 4 10 8 
1 2 2 3 5 6 7 9 8 4 10 
1 2 2 3 5 6 7 9 8 10 4 
1 2 2 3 5 6 7 9 10 4 8 
1 2 2 3 5 6 7 9 10 8 4 
1 2 2 3 5 6 7 10 4 8 9 
1 2 2 3 5 6 7 10 4 9 8 
1 2 2 3 5 6 7 10 8 4 9 
1 2 2 3 5 6 7 10 8 9 4 
1 2 2 3 5 6 7 10 9 4 8 
1 2 2 3 5 6 7 10 9 8 4 
1 2 2 3 5 6 8 4 7 9 10 
1 2 2 3 5 6 8 4 7 10 9 
1 2 2 3 5 6 8 4 9 7 10 
1 2 2 3 5 6 8 4 9 10 7 
1 2 2 3 5 6 8 4 10 7 9 
1 2 2 3 5 6 8 4 10 9 7 
1 2 2 3 5 6 8 7 4 9 10 
1 2 2 3 5 6 8 7 4 10 9 
1 2 2 3 5 6 8 7 9 4 10 
1 2 2 3 5 6 8 7 9 10 4 
1 2 2 3 5 6 8 7 10 4 9 
1 2 2 3 5 6 8 7 10 9 4 
1 2 2 3 5 6 8 9 4 7 10 
1 2 2 3 5 6 8 9 4 10 7 
1 2 2 3 5 6 8 9 7 4 10 
1 2 2 3 5 6 8 9 7 10 4 
1 2 2 3 5 6 8 9 10 4 7 
1 2 2 3 5 6 8 9 10 7 4 
1 2 2 3 5 6 8 10 4 7 9 
1 2 2 3 5 6 8 10 4 9 7 
1 2 2 3 5 6 8 10 7 4 9 
1 2 2 3 5 6 8 10 7 9 4 
1 2 2 3 5 6 8 10 9 4 7 
1 2 2 3 5 6 8 10 9 7 4 
1 2 2 3 5 6 9 4 7 8 10 
1 2 2 3 5 6 9 4 7 10 8 
1 2 2 3 5 6 9 4 8 7 10 
1 2 2 3 5 6 9 4 8 10 7 
1 2 2 3 5 6 9 4 10 7 8 
1 2 2 3 5 6 9 4 10 8 7 
1 2 2 3 5 6 9 7 4 8 10 
1 2 2 3 5 6 9 7 4 10 8 
1 2 2 3 5 6 9 7 8 4 10 
1 2 2 3 5 6 9 7 8 10 4 
1 2 2 3 5 6 9 7 10 4 8 
1 2 2 3 5 6 9 7 10 8 4 
1 2 2 3 5 6 9 8 4 7 10 
1 2 2 3 5 6 9 8 4 10 7 
1 2 2 3 5 6 9 8 7 4 10 
1 2 2 3 5 6 9 8 7 10 4 
1 2 2 3 5 6 9 8 10 4 7 
1 2 2 3 5 6 9 8 10 7 4 
1 2 2 3 5 6 9 10 4 7 8 
1 2 2 3 5 6 9 10 4 8 7 
1 2 2 3 5 6 9 10 7 4 8 
1 2 2 3 5 6 9 10 7 8 4 
1 2 2 3 5 6 9 10 8 4 7 
1 2 2 3 5 6 9 10 8 7 4 
1 2 2 3 5 6 10 4 7 8 9 
1 2 2 3 5 6 10 4 7 9 8 
1 2 2 3 5 6 10 4 8 7 9 
1 2 2 3 5 6 10 4 8 9 7 
1 2 2 3 5 6 10 4 9 7 8 
1 2 2 3 5 6 10 4 9 8 7 
1 2 2 3 5 6 10 7 4 8 9 
1 2 2 3 5 6 10 7 4 9 8 
1 2 2 3 5 6 10 7 8 4 9 
1 2 2 3 5 6 10 7 8 9 4 
1 2 2 3 5 6 10 7 9 4 8 
1 2 2 3 5 6 10 7 9 8 4 
1 2 2 3 5 6 10 8 4 7 9 
1 2 2 3 5 6 10 8 4 9 7 
1 2 2 3 5 6 10 8 7 4 9 
1 2 2 3 5 6 10 8 7 9 4 
1 2 2 3 5 6 10 8 9 4 7 
1 2 2 3 5 6 10 8 9 7 4 
1 2 2 3 5 6 10 9 4 7 8 
1 2 2 3 5 6 10 9 4 8 7 
1 2 2 3 5 6 10 9 7 4 8 
1 2 2 3 5 6 10 9 7 8 4 
1 2 2 3 5 6 10 9 8 4 7 
1 2 2 3 5 6 10 9 8 7 4 
1 2 2 3 5 7 4 6 8 9 10 
1 2 2 3 5 7 4 6 8 10 9 
1 2 2 3 5 7 4 6 9 8 10 
1 2 2 3 5 7 4 6 9 10 8 
1 2 2 3 5 7 4 6 10 8 9 
1 2 2 3 5 7 4 6 10 9 8 
1 2 2 3 5 7 4 8 6 9 10 
1 2 2 3 5 7 4 8 6 10 9 
1 2 2 3 5 7 4 8 9 6 10 
1 2 2 3 5 7 4 8 9 10 6 
1 2 2 3 5 7 4 8 10 6 9 
1 2 2 3 5 7 4 8 10 9 6 
1 2 2 3 5 7 4 9 6 8 10 
1 2 2 3 5 7 4 9 6 10 8 
1 2 2 3 5 7 4 9 8 6 10 
1 2 2 3 5 7 4 9 8 10 6 
1 2 2 3 5 7 4 9 10 6 8 
1 2 2 3 5 7 4 9 10 8 6 
1 2 2 3 5 7 4 10 6 8 9 
1 2 2 3 5 7 4 10 6 9 8 
1 2 2 3 5 7 4 10 8 6 9 
1 2 2 3 5 7 4 10 8 9 6 
1 2 2 3 5 7 4 10 9 6 8 
1 2 2 3 5 7 4 10 9 8 6 
1 2 2 3 5 7 6 4 8 9 10 
1 2 2 3 5 7 6 4 8 10 9 
1 2 2 3 5 7 6 4 9 8 10 
1 2 2 3 5 7 6 4 9 10 8 
1 2 2 3 5 7 6 4 10 8 9 
1 2 2 3 5 7 6 4 10 9 8 
1 2 2 3 5 7 6 8 4 9 10 
1 2 2 3 5 7 6 8 4 10 9 
1 2 2 3 5 7 6 8 9 4 10 
1 2 2 3 5 7 6 8 9 10 4 
1 2 2 3 5 7 6 8 10 4 9 
1 2 2 3 5 7 6 8 10 9 4 
1 2 2 3 5 7 6 9 4 8 10 
1 2 2 3 5 7 6 9 4 10 8 
1 2 2 3 5 7 6 9 8 4 10 
1 2 2 3 5 7 6 9 8 10 4 
