1 1 1 0 0 0 0 0 0 0 0 0 0 2 3 4 5 6 7 8 9 10 11 
1 1 1 0 0 0 0 0 0 0 0 0 0 2 3 4 5 6 7 8 9 11 10 
1 1 1 0 0 0 0 0 0 0 0 0 0 2 3 4 5 6 7 8 10 9 11 
1 1 1 0 0 0 0 0 0 0 0 0 0 2 3 4 5 6 7 8 10 11 9 
1 1 1 0 0 0 0 0 0 0 0 0 0 2 3 4 5 6 7 8 11 9 10 
1 1 1 0 0 0 0 0 0 0 0 0 0 2 3 4 5 6 7 8 11 10 9 
1 1 1 0 0 0 0 0 0 0 0 0 0 2 3 4 5 6 7 9 8 10 11 
1 1 1 0 0 0 0 0 0 0 0 0 0 2 3 4 5 6 7 9 8 11 10 
1 1 1 0 0 0 0 0 0 0 0 0 0 2 3 4 5 6 7 9 10 8 11 
1 1 1 0 0 0 0 0 0 0 0 0 0 2 3 4 5 6 7 9 10 11 8 
1 1 1 0 0 0 0 0 0 0 0 0 0 2 3 4 5 6 7 9 11 8 10 
1 1 1 0 0 0 0 0 0 0 0 0 0 2 3 4 5 6 7 9 11 10 8 
1 1 1 0 0 0 0 0 0 0 0 0 0 2 3 4 5 6 7 10 8 9 11 
1 1 1 0 0 0 0 0 0 0 0 0 0 2 3 4 5 6 7 10 8 11 9 
1 1 1 0 0 0 0 0 0 0 0 0 0 2 3 4 5 6 7 10 9 8 11 
1 1 1 0 0 0 0 0 0 0 0 0 0 2 3 4 5 6 7 10 9 11 8 
1 1 1 0 0 0 0 0 0 0 0 0 0 2 3 4 5 6 7 10 11 8 9 
1 1 1 0 0 0 0 0 0 0 0 0 0 2 3 4 5 6 7 10 11 9 8 
1 1 1 0 0 0 0 0 0 0 0 0 0 2 3 4 5 6 7 11 8 9 10 
1 1 1 0 0 0 0 0 0 0 0 0 0 2 3 4 5 6 7 11 8 10 9 
1 1 1 0 0 0 0 0 0 0 0 0 0 2 3 4 5 6 7 11 9 8 10 
1 1 1 0 0 0 0 0 0 0 0 0 0 2 3 4 5 6 7 11 9 10 8 
1 1 1 0 0 0 0 0 0 0 0 0 0 2 3 4 5 6 7 11 10 8 9 
1 1 1 0 0 0 0 0 0 0 0 0 0 2 3 4 5 6 7 11 10 9 8 
1 1 1 0 0 0 0 0 0 0 0 0 0 2 3 4 5 6 8 7 9 10 11 
1 1 1 0 0 0 0 0 0 0 0 0 0 2 3 4 5 6 8 7 9 11 10 
1 1 1 0 0 0 0 0 0 0 0 0 0 2 3 4 5 6 8 7 10 9 11 
1 1 1 0 0 0 0 0 0 0 0 0 0 2 3 4 5 6 8 7 10 11 9 
1 1 1 0 0 0 0 0 0 0 0 0 0 2 3 4 5 6 8 7 11 9 10 
1 1 1 0 0 0 0 0 0 0 0 0 0 2 3 4 5 6 8 7 11 10 9 
1 1 1 0 0 0 0 0 0 0 0 0 0 2 3 4 5 6 8 9 7 10 11 
1 1 1 0 0 0 0 0 0 0 0 0 0 2 3 4 5 6 8 9 7 11 10 
1 1 1 0 0 0 0 0 0 0 0 0 0 2 3 4 5 6 8 9 10 7 11 
1 1 1 0 0 0 0 0 0 0 0 0 0 2 3 4 5 6 8 9 10 11 7 
1 1 1 0 0 0 0 0 0 0 0 0 0 2 3 4 5 6 8 9 11 7 10 
1 1 1 0 0 0 0 0 0 0 0 0 0 2 3 4 5 6 8 9 11 10 7 
1 1 1 0 0 0 0 0 0 0 0 0 0 2 3 4 5 6 8 10 7 9 11 
1 1 1 0 0 0 0 0 0 0 0 0 0 2 3 4 5 6 8 10 7 11 9 
1 1 1 0 0 0 0 0 0 0 0 0 0 2 3 4 5 6 8 10 9 7 11 
1 1 1 0 0 0 0 0 0 0 0 0 0 2 3 4 5 6 8 10 9 11 7 
1 1 1 0 0 0 0 0 0 0 0 0 0 2 3 4 5 6 8 10 11 7 9 
1 1 1 0 0 0 0 0 0 0 0 0 0 2 3 4 5 6 8 10 11 9 7 
1 1 1 0 0 0 0 0 0 0 0 0 0 2 3 4 5 6 8 11 7 9 10 
1 1 1 0 0 0 0 0 0 0 0 0 0 2 3 4 5 6 8 11 7 10 9 
1 1 1 0 0 0 0 0 0 0 0 0 0 2 3 4 5 6 8 11 9 7 10 
1 1 1 0 0 0 0 0 0 0 0 0 0 2 3 4 5 6 8 11 9 10 7 
1 1 1 0 0 0 0 0 0 0 0 0 0 2 3 4 5 6 8 11 10 7 9 
1 1 1 0 0 0 0 0 0 0 0 0 0 2 3 4 5 6 8 11 10 9 7 
1 1 1 0 0 0 0 0 0 0 0 0 0 2 3 4 5 6 9 7 8 10 11 
1 1 1 0 0 0 0 0 0 0 0 0 0 2 3 4 5 6 9 7 8 11 10 
1 1 1 0 0 0 0 0 0 0 0 0 0 2 3 4 5 6 9 7 10 8 11 
1 1 1 0 0 0 0 0 0 0 0 0 0 2 3 4 5 6 9 7 10 11 8 
1 1 1 0 0 0 0 0 0 0 0 0 0 2 3 4 5 6 9 7 11 8 10 
1 1 1 0 0 0 0 0 0 0 0 0 0 2 3 4 5 6 9 7 11 10 8 
1 1 1 0 0 0 0 0 0 0 0 0 0 2 3 4 5 6 9 8 7 10 11 
1 1 1 0 0 0 0 0 0 0 0 0 0 2 3 4 5 6 9 8 7 11 10 
1 1 1 0 0 0 0 0 0 0 0 0 0 2 3 4 5 6 9 8 10 7 11 
1 1 1 0 0 0 0 0 0 0 0 0 0 2 3 4 5 6 9 8 10 11 7 
1 1 1 0 0 0 0 0 0 0 0 0 0 2 3 4 5 6 9 8 11 7 10 
1 1 1 0 0 0 0 0 0 0 0 0 0 2 3 4 5 6 9 8 11 10 7 
1 1 1 0 0 0 0 0 0 0 0 0 0 2 3 4 5 6 9 10 7 8 11 
1 1 1 0 0 0 0 0 0 0 0 0 0 2 3 4 5 6 9 10 7 11 8 
1 1 1 0 0 0 0 0 0 0 0 0 0 2 3 4 5 6 9 10 8 7 11 
1 1 1 0 0 0 0 0 0 0 0 0 0 2 3 4 5 6 9 10 8 11 7 
1 1 1 0 0 0 0 0 0 0 0 0 0 2 3 4 5 6 9 10 11 7 8 
1 1 1 0 0 0 0 0 0 0 0 0 0 2 3 4 5 6 9 10 11 8 7 
1 1 1 0 0 0 0 0 0 0 0 0 0 2 3 4 5 6 9 11 7 8 10 
1 1 1 0 0 0 0 0 0 0 0 0 0 2 3 4 5 6 9 11 7 10 8 
1 1 1 0 0 0 0 0 0 0 0 0 0 2 3 4 5 6 9 11 8 7 10 
1 1 1 0 0 0 0 0 0 0 0 0 0 2 3 4 5 6 9 11 8 10 7 
1 1 1 0 0 0 0 0 0 0 0 0 0 2 3 4 5 6 9 11 10 7 8 
1 1 1 0 0 0 0 0 0 0 0 0 0 2 3 4 5 6 9 11 10 8 7 
1 1 1 0 0 0 0 0 0 0 0 0 0 2 3 4 5 6 10 7 8 9 11 
1 1 1 0 0 0 0 0 0 0 0 0 0 2 3 4 5 6 10 7 8 11 9 
1 1 1 0 0 0 0 0 0 0 0 0 0 2 3 4 5 6 10 7 9 8 11 
1 1 1 0 0 0 0 0 0 0 0 0 0 2 3 4 5 6 10 7 9 11 8 
1 1 1 0 0 0 0 0 0 0 0 0 0 2 3 4 5 6 10 7 11 8 9 
1 1 1 0 0 0 0 0 0 0 0 0 0 2 3 4 5 6 10 7 11 9 8 
1 1 1 0 0 0 0 0 0 0 0 0 0 2 3 4 5 6 10 8 7 9 11 
1 1 1 0 0 0 0 0 0 0 0 0 0 2 3 4 5 6 10 8 7 11 9 
1 1 1 0 0 0 0 0 0 0 0 0 0 2 3 4 5 6 10 8 9 7 11 
1 1 1 0 0 0 0 0 0 0 0 0 0 2 3 4 5 6 10 8 9 11 7 
1 1 1 0 0 0 0 0 0 0 0 0 0 2 3 4 5 6 10 8 11 7 9 
1 1 1 0 0 0 0 0 0 0 0 0 0 2 3 4 5 6 10 8 11 9 7 
1 1 1 0 0 0 0 0 0 0 0 0 0 2 3 4 5 6 10 9 7 8 11 
1 1 1 0 0 0 0 0 0 0 0 0 0 2 3 4 5 6 10 9 7 11 8 
1 1 1 0 0 0 0 0 0 0 0 0 0 2 3 4 5 6 10 9 8 7 11 
1 1 1 0 0 0 0 0 0 0 0 0 0 2 3 4 5 6 10 9 8 11 7 
1 1 1 0 0 0 0 0 0 0 0 0 0 2 3 4 5 6 10 9 11 7 8 
1 1 1 0 0 0 0 0 0 0 0 0 0 2 3 4 5 6 10 9 11 8 7 
1 1 1 0 0 0 0 0 0 0 0 0 0 2 3 4 5 6 10 11 7 8 9 
1 1 1 0 0 0 0 0 0 0 0 0 0 2 3 4 5 6 10 11 7 9 8 
1 1 1 0 0 0 0 0 0 0 0 0 0 2 3 4 5 6 10 11 8 7 9 
1 1 1 0 0 0 0 0 0 0 0 0 0 2 3 4 5 6 10 11 8 9 7 
1 1 1 0 0 0 0 0 0 0 0 0 0 2 3 4 5 6 10 11 9 7 8 
1 1 1 0 0 0 0 0 0 0 0 0 0 2 3 4 5 6 10 11 9 8 7 
1 1 1 0 0 0 0 0 0 0 0 0 0 2 3 4 5 6 11 7 8 9 10 
1 1 1 0 0 0 0 0 0 0 0 0 0 2 3 4 5 6 11 7 8 10 9 
1 1 1 0 0 0 0 0 0 0 0 0 0 2 3 4 5 6 11 7 9 8 10 
1 1 1 0 0 0 0 0 0 0 0 0 0 2 3 4 5 6 11 7 9 10 8 
1 1 1 0 0 0 0 0 0 0 0 0 0 2 3 4 5 6 11 7 10 8 9 
1 1 1 0 0 0 0 0 0 0 0 0 0 2 3 4 5 6 11 7 10 9 8 
1 1 1 0 0 0 0 0 0 0 0 0 0 2 3 4 5 6 11 8 7 9 10 
1 1 1 0 0 0 0 0 0 0 0 0 0 2 3 4 5 6 11 8 7 10 9 
1 1 1 0 0 0 0 0 0 0 0 0 0 2 3 4 5 6 11 8 9 7 10 
1 1 1 0 0 0 0 0 0 0 0 0 0 2 3 4 5 6 11 8 9 10 7 
1 1 1 0 0 0 0 0 0 0 0 0 0 2 3 4 5 6 11 8 10 7 9 
1 1 1 0 0 0 0 0 0 0 0 0 0 2 3 4 5 6 11 8 10 9 7 
1 1 1 0 0 0 0 0 0 0 0 0 0 2 3 4 5 6 11 9 7 8 10 
1 1 1 0 0 0 0 0 0 0 0 0 0 2 3 4 5 6 11 9 7 10 8 
1 1 1 0 0 0 0 0 0 0 0 0 0 2 3 4 5 6 11 9 8 7 10 
1 1 1 0 0 0 0 0 0 0 0 0 0 2 3 4 5 6 11 9 8 10 7 
1 1 1 0 0 0 0 0 0 0 0 0 0 2 3 4 5 6 11 9 10 7 8 
1 1 1 0 0 0 0 0 0 0 0 0 0 2 3 4 5 6 11 9 10 8 7 
1 1 1 0 0 0 0 0 0 0 0 0 0 2 3 4 5 6 11 10 7 8 9 
1 1 1 0 0 0 0 0 0 0 0 0 0 2 3 4 5 6 11 10 7 9 8 
1 1 1 0 0 0 0 0 0 0 0 0 0 2 3 4 5 6 11 10 8 7 9 
1 1 1 0 0 0 0 0 0 0 0 0 0 2 3 4 5 6 11 10 8 9 7 
1 1 1 0 0 0 0 0 0 0 0 0 0 2 3 4 5 6 11 10 9 7 8 
1 1 1 0 0 0 0 0 0 0 0 0 0 2 3 4 5 6 11 10 9 8 7 
1 1 1 0 0 0 0 0 0 0 0 0 0 2 3 4 5 7 6 8 9 10 11 
1 1 1 0 0 0 0 0 0 0 0 0 0 2 3 4 5 7 6 8 9 11 10 
1 1 1 0 0 0 0 0 0 0 0 0 0 2 3 4 5 7 6 8 10 9 11 
1 1 1 0 0 0 0 0 0 0 0 0 0 2 3 4 5 7 6 8 10 11 9 
1 1 1 0 0 0 0 0 0 0 0 0 0 2 3 4 5 7 6 8 11 9 10 
1 1 1 0 0 0 0 0 0 0 0 0 0 2 3 4 5 7 6 8 11 10 9 
1 1 1 0 0 0 0 0 0 0 0 0 0 2 3 4 5 7 6 9 8 10 11 
1 1 1 0 0 0 0 0 0 0 0 0 0 2 3 4 5 7 6 9 8 11 10 
1 1 1 0 0 0 0 0 0 0 0 0 0 2 3 4 5 7 6 9 10 8 11 
1 1 1 0 0 0 0 0 0 0 0 0 0 2 3 4 5 7 6 9 10 11 8 
1 1 1 0 0 0 0 0 0 0 0 0 0 2 3 4 5 7 6 9 11 8 10 
1 1 1 0 0 0 0 0 0 0 0 0 0 2 3 4 5 7 6 9 11 10 8 
1 1 1 0 0 0 0 0 0 0 0 0 0 2 3 4 5 7 6 10 8 9 11 
1 1 1 0 0 0 0 0 0 0 0 0 0 2 3 4 5 7 6 10 8 11 9 
1 1 1 0 0 0 0 0 0 0 0 0 0 2 3 4 5 7 6 10 9 8 11 
1 1 1 0 0 0 0 0 0 0 0 0 0 2 3 4 5 7 6 10 9 11 8 
1 1 1 0 0 0 0 0 0 0 0 0 0 2 3 4 5 7 6 10 11 8 9 
1 1 1 0 0 0 0 0 0 0 0 0 0 2 3 4 5 7 6 10 11 9 8 
1 1 1 0 0 0 0 0 0 0 0 0 0 2 3 4 5 7 6 11 8 9 10 
1 1 1 0 0 0 0 0 0 0 0 0 0 2 3 4 5 7 6 11 8 10 9 
1 1 1 0 0 0 0 0 0 0 0 0 0 2 3 4 5 7 6 11 9 8 10 
1 1 1 0 0 0 0 0 0 0 0 0 0 2 3 4 5 7 6 11 9 10 8 
1 1 1 0 0 0 0 0 0 0 0 0 0 2 3 4 5 7 6 11 10 8 9 
1 1 1 0 0 0 0 0 0 0 0 0 0 2 3 4 5 7 6 11 10 9 8 
1 1 1 0 0 0 0 0 0 0 0 0 0 2 3 4 5 7 8 6 9 10 11 
1 1 1 0 0 0 0 0 0 0 0 0 0 2 3 4 5 7 8 6 9 11 10 
1 1 1 0 0 0 0 0 0 0 0 0 0 2 3 4 5 7 8 6 10 9 11 
1 1 1 0 0 0 0 0 0 0 0 0 0 2 3 4 5 7 8 6 10 11 9 
1 1 1 0 0 0 0 0 0 0 0 0 0 2 3 4 5 7 8 6 11 9 10 
1 1 1 0 0 0 0 0 0 0 0 0 0 2 3 4 5 7 8 6 11 10 9 
1 1 1 0 0 0 0 0 0 0 0 0 0 2 3 4 5 7 8 9 6 10 11 
1 1 1 0 0 0 0 0 0 0 0 0 0 2 3 4 5 7 8 9 6 11 10 
1 1 1 0 0 0 0 0 0 0 0 0 0 2 3 4 5 7 8 9 10 6 11 
1 1 1 0 0 0 0 0 0 0 0 0 0 2 3 4 5 7 8 9 10 11 6 
1 1 1 0 0 0 0 0 0 0 0 0 0 2 3 4 5 7 8 9 11 6 10 
1 1 1 0 0 0 0 0 0 0 0 0 0 2 3 4 5 7 8 9 11 10 6 
1 1 1 0 0 0 0 0 0 0 0 0 0 2 3 4 5 7 8 10 6 9 11 
1 1 1 0 0 0 0 0 0 0 0 0 0 2 3 4 5 7 8 10 6 11 9 
1 1 1 0 0 0 0 0 0 0 0 0 0 2 3 4 5 7 8 10 9 6 11 
1 1 1 0 0 0 0 0 0 0 0 0 0 2 3 4 5 7 8 10 9 11 6 
1 1 1 0 0 0 0 0 0 0 0 0 0 2 3 4 5 7 8 10 11 6 9 
1 1 1 0 0 0 0 0 0 0 0 0 0 2 3 4 5 7 8 10 11 9 6 
1 1 1 0 0 0 0 0 0 0 0 0 0 2 3 4 5 7 8 11 6 9 10 
1 1 1 0 0 0 0 0 0 0 0 0 0 2 3 4 5 7 8 11 6 10 9 
1 1 1 0 0 0 0 0 0 0 0 0 0 2 3 4 5 7 8 11 9 6 10 
1 1 1 0 0 0 0 0 0 0 0 0 0 2 3 4 5 7 8 11 9 10 6 
1 1 1 0 0 0 0 0 0 0 0 0 0 2 3 4 5 7 8 11 10 6 9 
1 1 1 0 0 0 0 0 0 0 0 0 0 2 3 4 5 7 8 11 10 9 6 
1 1 1 0 0 0 0 0 0 0 0 0 0 2 3 4 5 7 9 6 8 10 11 
1 1 1 0 0 0 0 0 0 0 0 0 0 2 3 4 5 7 9 6 8 11 10 
1 1 1 0 0 0 0 0 0 0 0 0 0 2 3 4 5 7 9 6 10 8 11 
1 1 1 0 0 0 0 0 0 0 0 0 0 2 3 4 5 7 9 6 10 11 8 
1 1 1 0 0 0 0 0 0 0 0 0 0 2 3 4 5 7 9 6 11 8 10 
1 1 1 0 0 0 0 0 0 0 0 0 0 2 3 4 5 7 9 6 11 10 8 
1 1 1 0 0 0 0 0 0 0 0 0 0 2 3 4 5 7 9 8 6 10 11 
1 1 1 0 0 0 0 0 0 0 0 0 0 2 3 4 5 7 9 8 6 11 10 
1 1 1 0 0 0 0 0 0 0 0 0 0 2 3 4 5 7 9 8 10 6 11 
1 1 1 0 0 0 0 0 0 0 0 0 0 2 3 4 5 7 9 8 10 11 6 
1 1 1 0 0 0 0 0 0 0 0 0 0 2 3 4 5 7 9 8 11 6 10 
1 1 1 0 0 0 0 0 0 0 0 0 0 2 3 4 5 7 9 8 11 10 6 
1 1 1 0 0 0 0 0 0 0 0 0 0 2 3 4 5 7 9 10 6 8 11 
1 1 1 0 0 0 0 0 0 0 0 0 0 2 3 4 5 7 9 10 6 11 8 
1 1 1 0 0 0 0 0 0 0 0 0 0 2 3 4 5 7 9 10 8 6 11 
1 1 1 0 0 0 0 0 0 0 0 0 0 2 3 4 5 7 9 10 8 11 6 
1 1 1 0 0 0 0 0 0 0 0 0 0 2 3 4 5 7 9 10 11 6 8 
1 1 1 0 0 0 0 0 0 0 0 0 0 2 3 4 5 7 9 10 11 8 6 
1 1 1 0 0 0 0 0 0 0 0 0 0 2 3 4 5 7 9 11 6 8 10 
1 1 1 0 0 0 0 0 0 0 0 0 0 2 3 4 5 7 9 11 6 10 8 
1 1 1 0 0 0 0 0 0 0 0 0 0 2 3 4 5 7 9 11 8 6 10 
1 1 1 0 0 0 0 0 0 0 0 0 0 2 3 4 5 7 9 11 8 10 6 
1 1 1 0 0 0 0 0 0 0 0 0 0 2 3 4 5 7 9 11 10 6 8 
1 1 1 0 0 0 0 0 0 0 0 0 0 2 3 4 5 7 9 11 10 8 6 
1 1 1 0 0 0 0 0 0 0 0 0 0 2 3 4 5 7 10 6 8 9 11 
1 1 1 0 0 0 0 0 0 0 0 0 0 2 3 4 5 7 10 6 8 11 9 
1 1 1 0 0 0 0 0 0 0 0 0 0 2 3 4 5 7 10 6 9 8 11 
1 1 1 0 0 0 0 0 0 0 0 0 0 2 3 4 5 7 10 6 9 11 8 
1 1 1 0 0 0 0 0 0 0 0 0 0 2 3 4 5 7 10 6 11 8 9 
1 1 1 0 0 0 0 0 0 0 0 0 0 2 3 4 5 7 10 6 11 9 8 
1 1 1 0 0 0 0 0 0 0 0 0 0 2 3 4 5 7 10 8 6 9 11 
1 1 1 0 0 0 0 0 0 0 0 0 0 2 3 4 5 7 10 8 6 11 9 
1 1 1 0 0 0 0 0 0 0 0 0 0 2 3 4 5 7 10 8 9 6 11 
1 1 1 0 0 0 0 0 0 0 0 0 0 2 3 4 5 7 10 8 9 11 6 
1 1 1 0 0 0 0 0 0 0 0 0 0 2 3 4 5 7 10 8 11 6 9 
1 1 1 0 0 0 0 0 0 0 0 0 0 2 3 4 5 7 10 8 11 9 6 
1 1 1 0 0 0 0 0 0 0 0 0 0 2 3 4 5 7 10 9 6 8 11 
1 1 1 0 0 0 0 0 0 0 0 0 0 2 3 4 5 7 10 9 6 11 8 
1 1 1 0 0 0 0 0 0 0 0 0 0 2 3 4 5 7 10 9 8 6 11 
1 1 1 0 0 0 0 0 0 0 0 0 0 2 3 4 5 7 10 9 8 11 6 
1 1 1 0 0 0 0 0 0 0 0 0 0 2 3 4 5 7 10 9 11 6 8 
1 1 1 0 0 0 0 0 0 0 0 0 0 2 3 4 5 7 10 9 11 8 6 
1 1 1 0 0 0 0 0 0 0 0 0 0 2 3 4 5 7 10 11 6 8 9 
1 1 1 0 0 0 0 0 0 0 0 0 0 2 3 4 5 7 10 11 6 9 8 
1 1 1 0 0 0 0 0 0 0 0 0 0 2 3 4 5 7 10 11 8 6 9 
1 1 1 0 0 0 0 0 0 0 0 0 0 2 3 4 5 7 10 11 8 9 6 
1 1 1 0 0 0 0 0 0 0 0 0 0 2 3 4 5 7 10 11 9 6 8 
1 1 1 0 0 0 0 0 0 0 0 0 0 2 3 4 5 7 10 11 9 8 6 
1 1 1 0 0 0 0 0 0 0 0 0 0 2 3 4 5 7 11 6 8 9 10 
1 1 1 0 0 0 0 0 0 0 0 0 0 2 3 4 5 7 11 6 8 10 9 
1 1 1 0 0 0 0 0 0 0 0 0 0 2 3 4 5 7 11 6 9 8 10 
1 1 1 0 0 0 0 0 0 0 0 0 0 2 3 4 5 7 11 6 9 10 8 
1 1 1 0 0 0 0 0 0 0 0 0 0 2 3 4 5 7 11 6 10 8 9 
1 1 1 0 0 0 0 0 0 0 0 0 0 2 3 4 5 7 11 6 10 9 8 
1 1 1 0 0 0 0 0 0 0 0 0 0 2 3 4 5 7 11 8 6 9 10 
1 1 1 0 0 0 0 0 0 0 0 0 0 2 3 4 5 7 11 8 6 10 9 
1 1 1 0 0 0 0 0 0 0 0 0 0 2 3 4 5 7 11 8 9 6 10 
1 1 1 0 0 0 0 0 0 0 0 0 0 2 3 4 5 7 11 8 9 10 6 
1 1 1 0 0 0 0 0 0 0 0 0 0 2 3 4 5 7 11 8 10 6 9 
1 1 1 0 0 0 0 0 0 0 0 0 0 2 3 4 5 7 11 8 10 9 6 
1 1 1 0 0 0 0 0 0 0 0 0 0 2 3 4 5 7 11 9 6 8 10 
1 1 1 0 0 0 0 0 0 0 0 0 0 2 3 4 5 7 11 9 6 10 8 
1 1 1 0 0 0 0 0 0 0 0 0 0 2 3 4 5 7 11 9 8 6 10 
1 1 1 0 0 0 0 0 0 0 0 0 0 2 3 4 5 7 11 9 8 10 6 
1 1 1 0 0 0 0 0 0 0 0 0 0 2 3 4 5 7 11 9 10 6 8 
1 1 1 0 0 0 0 0 0 0 0 0 0 2 3 4 5 7 11 9 10 8 6 
1 1 1 0 0 0 0 0 0 0 0 0 0 2 3 4 5 7 11 10 6 8 9 
1 1 1 0 0 0 0 0 0 0 0 0 0 2 3 4 5 7 11 10 6 9 8 
1 1 1 0 0 0 0 0 0 0 0 0 0 2 3 4 5 7 11 10 8 6 9 
1 1 1 0 0 0 0 0 0 0 0 0 0 2 3 4 5 7 11 10 8 9 6 
1 1 1 0 0 0 0 0 0 0 0 0 0 2 3 4 5 7 11 10 9 6 8 
1 1 1 0 0 0 0 0 0 0 0 0 0 2 3 4 5 7 11 10 9 8 6 
1 1 1 0 0 0 0 0 0 0 0 0 0 2 3 4 5 8 6 7 9 10 11 
1 1 1 0 0 0 0 0 0 0 0 0 0 2 3 4 5 8 6 7 9 11 10 
1 1 1 0 0 0 0 0 0 0 0 0 0 2 3 4 5 8 6 7 10 9 11 
1 1 1 0 0 0 0 0 0 0 0 0 0 2 3 4 5 8 6 7 10 11 9 
1 1 1 0 0 0 0 0 0 0 0 0 0 2 3 4 5 8 6 7 11 9 10 
1 1 1 0 0 0 0 0 0 0 0 0 0 2 3 4 5 8 6 7 11 10 9 
1 1 1 0 0 0 0 0 0 0 0 0 0 2 3 4 5 8 6 9 7 10 11 
1 1 1 0 0 0 0 0 0 0 0 0 0 2 3 4 5 8 6 9 7 11 10 
1 1 1 0 0 0 0 0 0 0 0 0 0 2 3 4 5 8 6 9 10 7 11 
1 1 1 0 0 0 0 0 0 0 0 0 0 2 3 4 5 8 6 9 10 11 7 
1 1 1 0 0 0 0 0 0 0 0 0 0 2 3 4 5 8 6 9 11 7 10 
1 1 1 0 0 0 0 0 0 0 0 0 0 2 3 4 5 8 6 9 11 10 7 
1 1 1 0 0 0 0 0 0 0 0 0 0 2 3 4 5 8 6 10 7 9 11 
1 1 1 0 0 0 0 0 0 0 0 0 0 2 3 4 5 8 6 10 7 11 9 
1 1 1 0 0 0 0 0 0 0 0 0 0 2 3 4 5 8 6 10 9 7 11 
1 1 1 0 0 0 0 0 0 0 0 0 0 2 3 4 5 8 6 10 9 11 7 
1 1 1 0 0 0 0 0 0 0 0 0 0 2 3 4 5 8 6 10 11 7 9 
1 1 1 0 0 0 0 0 0 0 0 0 0 2 3 4 5 8 6 10 11 9 7 
1 1 1 0 0 0 0 0 0 0 0 0 0 2 3 4 5 8 6 11 7 9 10 
1 1 1 0 0 0 0 0 0 0 0 0 0 2 3 4 5 8 6 11 7 10 9 
1 1 1 0 0 0 0 0 0 0 0 0 0 2 3 4 5 8 6 11 9 7 10 
1 1 1 0 0 0 0 0 0 0 0 0 0 2 3 4 5 8 6 11 9 10 7 
1 1 1 0 0 0 0 0 0 0 0 0 0 2 3 4 5 8 6 11 10 7 9 
1 1 1 0 0 0 0 0 0 0 0 0 0 2 3 4 5 8 6 11 10 9 7 
1 1 1 0 0 0 0 0 0 0 0 0 0 2 3 4 5 8 7 6 9 10 11 
1 1 1 0 0 0 0 0 0 0 0 0 0 2 3 4 5 8 7 6 9 11 10 
1 1 1 0 0 0 0 0 0 0 0 0 0 2 3 4 5 8 7 6 10 9 11 
1 1 1 0 0 0 0 0 0 0 0 0 0 2 3 4 5 8 7 6 10 11 9 
1 1 1 0 0 0 0 0 0 0 0 0 0 2 3 4 5 8 7 6 11 9 10 
1 1 1 0 0 0 0 0 0 0 0 0 0 2 3 4 5 8 7 6 11 10 9 
1 1 1 0 0 0 0 0 0 0 0 0 0 2 3 4 5 8 7 9 6 10 11 
1 1 1 0 0 0 0 0 0 0 0 0 0 2 3 4 5 8 7 9 6 11 10 
1 1 1 0 0 0 0 0 0 0 0 0 0 2 3 4 5 8 7 9 10 6 11 
1 1 1 0 0 0 0 0 0 0 0 0 0 2 3 4 5 8 7 9 10 11 6 
1 1 1 0 0 0 0 0 0 0 0 0 0 2 3 4 5 8 7 9 11 6 10 
1 1 1 0 0 0 0 0 0 0 0 0 0 2 3 4 5 8 7 9 11 10 6 
1 1 1 0 0 0 0 0 0 0 0 0 0 2 3 4 5 8 7 10 6 9 11 
1 1 1 0 0 0 0 0 0 0 0 0 0 2 3 4 5 8 7 10 6 11 9 
1 1 1 0 0 0 0 0 0 0 0 0 0 2 3 4 5 8 7 10 9 6 11 
1 1 1 0 0 0 0 0 0 0 0 0 0 2 3 4 5 8 7 10 9 11 6 
1 1 1 0 0 0 0 0 0 0 0 0 0 2 3 4 5 8 7 10 11 6 9 
1 1 1 0 0 0 0 0 0 0 0 0 0 2 3 4 5 8 7 10 11 9 6 
1 1 1 0 0 0 0 0 0 0 0 0 0 2 3 4 5 8 7 11 6 9 10 
1 1 1 0 0 0 0 0 0 0 0 0 0 2 3 4 5 8 7 11 6 10 9 
1 1 1 0 0 0 0 0 0 0 0 0 0 2 3 4 5 8 7 11 9 6 10 
1 1 1 0 0 0 0 0 0 0 0 0 0 2 3 4 5 8 7 11 9 10 6 
1 1 1 0 0 0 0 0 0 0 0 0 0 2 3 4 5 8 7 11 10 6 9 
1 1 1 0 0 0 0 0 0 0 0 0 0 2 3 4 5 8 7 11 10 9 6 
1 1 1 0 0 0 0 0 0 0 0 0 0 2 3 4 5 8 9 6 7 10 11 
1 1 1 0 0 0 0 0 0 0 0 0 0 2 3 4 5 8 9 6 7 11 10 
1 1 1 0 0 0 0 0 0 0 0 0 0 2 3 4 5 8 9 6 10 7 11 
1 1 1 0 0 0 0 0 0 0 0 0 0 2 3 4 5 8 9 6 10 11 7 
1 1 1 0 0 0 0 0 0 0 0 0 0 2 3 4 5 8 9 6 11 7 10 
1 1 1 0 0 0 0 0 0 0 0 0 0 2 3 4 5 8 9 6 11 10 7 
1 1 1 0 0 0 0 0 0 0 0 0 0 2 3 4 5 8 9 7 6 10 11 
1 1 1 0 0 0 0 0 0 0 0 0 0 2 3 4 5 8 9 7 6 11 10 
1 1 1 0 0 0 0 0 0 0 0 0 0 2 3 4 5 8 9 7 10 6 11 
1 1 1 0 0 0 0 0 0 0 0 0 0 2 3 4 5 8 9 7 10 11 6 
1 1 1 0 0 0 0 0 0 0 0 0 0 2 3 4 5 8 9 7 11 6 10 
1 1 1 0 0 0 0 0 0 0 0 0 0 2 3 4 5 8 9 7 11 10 6 
1 1 1 0 0 0 0 0 0 0 0 0 0 2 3 4 5 8 9 10 6 7 11 
1 1 1 0 0 0 0 0 0 0 0 0 0 2 3 4 5 8 9 10 6 11 7 
1 1 1 0 0 0 0 0 0 0 0 0 0 2 3 4 5 8 9 10 7 6 11 
1 1 1 0 0 0 0 0 0 0 0 0 0 2 3 4 5 8 9 10 7 11 6 
1 1 1 0 0 0 0 0 0 0 0 0 0 2 3 4 5 8 9 10 11 6 7 
1 1 1 0 0 0 0 0 0 0 0 0 0 2 3 4 5 8 9 10 11 7 6 
1 1 1 0 0 0 0 0 0 0 0 0 0 2 3 4 5 8 9 11 6 7 10 
1 1 1 0 0 0 0 0 0 0 0 0 0 2 3 4 5 8 9 11 6 10 7 
1 1 1 0 0 0 0 0 0 0 0 0 0 2 3 4 5 8 9 11 7 6 10 
1 1 1 0 0 0 0 0 0 0 0 0 0 2 3 4 5 8 9 11 7 10 6 
1 1 1 0 0 0 0 0 0 0 0 0 0 2 3 4 5 8 9 11 10 6 7 
1 1 1 0 0 0 0 0 0 0 0 0 0 2 3 4 5 8 9 11 10 7 6 
1 1 1 0 0 0 0 0 0 0 0 0 0 2 3 4 5 8 10 6 7 9 11 
1 1 1 0 0 0 0 0 0 0 0 0 0 2 3 4 5 8 10 6 7 11 9 
1 1 1 0 0 0 0 0 0 0 0 0 0 2 3 4 5 8 10 6 9 7 11 
1 1 1 0 0 0 0 0 0 0 0 0 0 2 3 4 5 8 10 6 9 11 7 
1 1 1 0 0 0 0 0 0 0 0 0 0 2 3 4 5 8 10 6 11 7 9 
1 1 1 0 0 0 0 0 0 0 0 0 0 2 3 4 5 8 10 6 11 9 7 
1 1 1 0 0 0 0 0 0 0 0 0 0 2 3 4 5 8 10 7 6 9 11 
1 1 1 0 0 0 0 0 0 0 0 0 0 2 3 4 5 8 10 7 6 11 9 
1 1 1 0 0 0 0 0 0 0 0 0 0 2 3 4 5 8 10 7 9 6 11 
1 1 1 0 0 0 0 0 0 0 0 0 0 2 3 4 5 8 10 7 9 11 6 
1 1 1 0 0 0 0 0 0 0 0 0 0 2 3 4 5 8 10 7 11 6 9 
1 1 1 0 0 0 0 0 0 0 0 0 0 2 3 4 5 8 10 7 11 9 6 
1 1 1 0 0 0 0 0 0 0 0 0 0 2 3 4 5 8 10 9 6 7 11 
1 1 1 0 0 0 0 0 0 0 0 0 0 2 3 4 5 8 10 9 6 11 7 
1 1 1 0 0 0 0 0 0 0 0 0 0 2 3 4 5 8 10 9 7 6 11 
1 1 1 0 0 0 0 0 0 0 0 0 0 2 3 4 5 8 10 9 7 11 6 
1 1 1 0 0 0 0 0 0 0 0 0 0 2 3 4 5 8 10 9 11 6 7 
1 1 1 0 0 0 0 0 0 0 0 0 0 2 3 4 5 8 10 9 11 7 6 
1 1 1 0 0 0 0 0 0 0 0 0 0 2 3 4 5 8 10 11 6 7 9 
1 1 1 0 0 0 0 0 0 0 0 0 0 2 3 4 5 8 10 11 6 9 7 
1 1 1 0 0 0 0 0 0 0 0 0 0 2 3 4 5 8 10 11 7 6 9 
1 1 1 0 0 0 0 0 0 0 0 0 0 2 3 4 5 8 10 11 7 9 6 
1 1 1 0 0 0 0 0 0 0 0 0 0 2 3 4 5 8 10 11 9 6 7 
1 1 1 0 0 0 0 0 0 0 0 0 0 2 3 4 5 8 10 11 9 7 6 
1 1 1 0 0 0 0 0 0 0 0 0 0 2 3 4 5 8 11 6 7 9 10 
1 1 1 0 0 0 0 0 0 0 0 0 0 2 3 4 5 8 11 6 7 10 9 
1 1 1 0 0 0 0 0 0 0 0 0 0 2 3 4 5 8 11 6 9 7 10 
1 1 1 0 0 0 0 0 0 0 0 0 0 2 3 4 5 8 11 6 9 10 7 
1 1 1 0 0 0 0 0 0 0 0 0 0 2 3 4 5 8 11 6 10 7 9 
1 1 1 0 0 0 0 0 0 0 0 0 0 2 3 4 5 8 11 6 10 9 7 
1 1 1 0 0 0 0 0 0 0 0 0 0 2 3 4 5 8 11 7 6 9 10 
1 1 1 0 0 0 0 0 0 0 0 0 0 2 3 4 5 8 11 7 6 10 9 
1 1 1 0 0 0 0 0 0 0 0 0 0 2 3 4 5 8 11 7 9 6 10 
1 1 1 0 0 0 0 0 0 0 0 0 0 2 3 4 5 8 11 7 9 10 6 
1 1 1 0 0 0 0 0 0 0 0 0 0 2 3 4 5 8 11 7 10 6 9 
1 1 1 0 0 0 0 0 0 0 0 0 0 2 3 4 5 8 11 7 10 9 6 
1 1 1 0 0 0 0 0 0 0 0 0 0 2 3 4 5 8 11 9 6 7 10 
1 1 1 0 0 0 0 0 0 0 0 0 0 2 3 4 5 8 11 9 6 10 7 
1 1 1 0 0 0 0 0 0 0 0 0 0 2 3 4 5 8 11 9 7 6 10 
1 1 1 0 0 0 0 0 0 0 0 0 0 2 3 4 5 8 11 9 7 10 6 
1 1 1 0 0 0 0 0 0 0 0 0 0 2 3 4 5 8 11 9 10 6 7 
1 1 1 0 0 0 0 0 0 0 0 0 0 2 3 4 5 8 11 9 10 7 6 
1 1 1 0 0 0 0 0 0 0 0 0 0 2 3 4 5 8 11 10 6 7 9 
1 1 1 0 0 0 0 0 0 0 0 0 0 2 3 4 5 8 11 10 6 9 7 
1 1 1 0 0 0 0 0 0 0 0 0 0 2 3 4 5 8 11 10 7 6 9 
1 1 1 0 0 0 0 0 0 0 0 0 0 2 3 4 5 8 11 10 7 9 6 
1 1 1 0 0 0 0 0 0 0 0 0 0 2 3 4 5 8 11 10 9 6 7 
1 1 1 0 0 0 0 0 0 0 0 0 0 2 3 4 5 8 11 10 9 7 6 
1 1 1 0 0 0 0 0 0 0 0 0 0 2 3 4 5 9 6 7 8 10 11 
1 1 1 0 0 0 0 0 0 0 0 0 0 2 3 4 5 9 6 7 8 11 10 
1 1 1 0 0 0 0 0 0 0 0 0 0 2 3 4 5 9 6 7 10 8 11 
1 1 1 0 0 0 0 0 0 0 0 0 0 2 3 4 5 9 6 7 10 11 8 
1 1 1 0 0 0 0 0 0 0 0 0 0 2 3 4 5 9 6 7 11 8 10 
1 1 1 0 0 0 0 0 0 0 0 0 0 2 3 4 5 9 6 7 11 10 8 
1 1 1 0 0 0 0 0 0 0 0 0 0 2 3 4 5 9 6 8 7 10 11 
1 1 1 0 0 0 0 0 0 0 0 0 0 2 3 4 5 9 6 8 7 11 10 
1 1 1 0 0 0 0 0 0 0 0 0 0 2 3 4 5 9 6 8 10 7 11 
1 1 1 0 0 0 0 0 0 0 0 0 0 2 3 4 5 9 6 8 10 11 7 
1 1 1 0 0 0 0 0 0 0 0 0 0 2 3 4 5 9 6 8 11 7 10 
1 1 1 0 0 0 0 0 0 0 0 0 0 2 3 4 5 9 6 8 11 10 7 
1 1 1 0 0 0 0 0 0 0 0 0 0 2 3 4 5 9 6 10 7 8 11 
1 1 1 0 0 0 0 0 0 0 0 0 0 2 3 4 5 9 6 10 7 11 8 
1 1 1 0 0 0 0 0 0 0 0 0 0 2 3 4 5 9 6 10 8 7 11 
1 1 1 0 0 0 0 0 0 0 0 0 0 2 3 4 5 9 6 10 8 11 7 
1 1 1 0 0 0 0 0 0 0 0 0 0 2 3 4 5 9 6 10 11 7 8 
1 1 1 0 0 0 0 0 0 0 0 0 0 2 3 4 5 9 6 10 11 8 7 
1 1 1 0 0 0 0 0 0 0 0 0 0 2 3 4 5 9 6 11 7 8 10 
1 1 1 0 0 0 0 0 0 0 0 0 0 2 3 4 5 9 6 11 7 10 8 
1 1 1 0 0 0 0 0 0 0 0 0 0 2 3 4 5 9 6 11 8 7 10 
1 1 1 0 0 0 0 0 0 0 0 0 0 2 3 4 5 9 6 11 8 10 7 
1 1 1 0 0 0 0 0 0 0 0 0 0 2 3 4 5 9 6 11 10 7 8 
1 1 1 0 0 0 0 0 0 0 0 0 0 2 3 4 5 9 6 11 10 8 7 
1 1 1 0 0 0 0 0 0 0 0 0 0 2 3 4 5 9 7 6 8 10 11 
1 1 1 0 0 0 0 0 0 0 0 0 0 2 3 4 5 9 7 6 8 11 10 
1 1 1 0 0 0 0 0 0 0 0 0 0 2 3 4 5 9 7 6 10 8 11 
1 1 1 0 0 0 0 0 0 0 0 0 0 2 3 4 5 9 7 6 10 11 8 
1 1 1 0 0 0 0 0 0 0 0 0 0 2 3 4 5 9 7 6 11 8 10 
1 1 1 0 0 0 0 0 0 0 0 0 0 2 3 4 5 9 7 6 11 10 8 
1 1 1 0 0 0 0 0 0 0 0 0 0 2 3 4 5 9 7 8 6 10 11 
1 1 1 0 0 0 0 0 0 0 0 0 0 2 3 4 5 9 7 8 6 11 10 
1 1 1 0 0 0 0 0 0 0 0 0 0 2 3 4 5 9 7 8 10 6 11 
1 1 1 0 0 0 0 0 0 0 0 0 0 2 3 4 5 9 7 8 10 11 6 
1 1 1 0 0 0 0 0 0 0 0 0 0 2 3 4 5 9 7 8 11 6 10 
1 1 1 0 0 0 0 0 0 0 0 0 0 2 3 4 5 9 7 8 11 10 6 
1 1 1 0 0 0 0 0 0 0 0 0 0 2 3 4 5 9 7 10 6 8 11 
1 1 1 0 0 0 0 0 0 0 0 0 0 2 3 4 5 9 7 10 6 11 8 
1 1 1 0 0 0 0 0 0 0 0 0 0 2 3 4 5 9 7 10 8 6 11 
1 1 1 0 0 0 0 0 0 0 0 0 0 2 3 4 5 9 7 10 8 11 6 
1 1 1 0 0 0 0 0 0 0 0 0 0 2 3 4 5 9 7 10 11 6 8 
1 1 1 0 0 0 0 0 0 0 0 0 0 2 3 4 5 9 7 10 11 8 6 
1 1 1 0 0 0 0 0 0 0 0 0 0 2 3 4 5 9 7 11 6 8 10 
1 1 1 0 0 0 0 0 0 0 0 0 0 2 3 4 5 9 7 11 6 10 8 
1 1 1 0 0 0 0 0 0 0 0 0 0 2 3 4 5 9 7 11 8 6 10 
1 1 1 0 0 0 0 0 0 0 0 0 0 2 3 4 5 9 7 11 8 10 6 
1 1 1 0 0 0 0 0 0 0 0 0 0 2 3 4 5 9 7 11 10 6 8 
1 1 1 0 0 0 0 0 0 0 0 0 0 2 3 4 5 9 7 11 10 8 6 
1 1 1 0 0 0 0 0 0 0 0 0 0 2 3 4 5 9 8 6 7 10 11 
1 1 1 0 0 0 0 0 0 0 0 0 0 2 3 4 5 9 8 6 7 11 10 
1 1 1 0 0 0 0 0 0 0 0 0 0 2 3 4 5 9 8 6 10 7 11 
1 1 1 0 0 0 0 0 0 0 0 0 0 2 3 4 5 9 8 6 10 11 7 
1 1 1 0 0 0 0 0 0 0 0 0 0 2 3 4 5 9 8 6 11 7 10 
1 1 1 0 0 0 0 0 0 0 0 0 0 2 3 4 5 9 8 6 11 10 7 
1 1 1 0 0 0 0 0 0 0 0 0 0 2 3 4 5 9 8 7 6 10 11 
1 1 1 0 0 0 0 0 0 0 0 0 0 2 3 4 5 9 8 7 6 11 10 
1 1 1 0 0 0 0 0 0 0 0 0 0 2 3 4 5 9 8 7 10 6 11 
1 1 1 0 0 0 0 0 0 0 0 0 0 2 3 4 5 9 8 7 10 11 6 
1 1 1 0 0 0 0 0 0 0 0 0 0 2 3 4 5 9 8 7 11 6 10 
1 1 1 0 0 0 0 0 0 0 0 0 0 2 3 4 5 9 8 7 11 10 6 
1 1 1 0 0 0 0 0 0 0 0 0 0 2 3 4 5 9 8 10 6 7 11 
1 1 1 0 0 0 0 0 0 0 0 0 0 2 3 4 5 9 8 10 6 11 7 
1 1 1 0 0 0 0 0 0 0 0 0 0 2 3 4 5 9 8 10 7 6 11 
1 1 1 0 0 0 0 0 0 0 0 0 0 2 3 4 5 9 8 10 7 11 6 
1 1 1 0 0 0 0 0 0 0 0 0 0 2 3 4 5 9 8 10 11 6 7 
1 1 1 0 0 0 0 0 0 0 0 0 0 2 3 4 5 9 8 10 11 7 6 
1 1 1 0 0 0 0 0 0 0 0 0 0 2 3 4 5 9 8 11 6 7 10 
1 1 1 0 0 0 0 0 0 0 0 0 0 2 3 4 5 9 8 11 6 10 7 
1 1 1 0 0 0 0 0 0 0 0 0 0 2 3 4 5 9 8 11 7 6 10 
1 1 1 0 0 0 0 0 0 0 0 0 0 2 3 4 5 9 8 11 7 10 6 
1 1 1 0 0 0 0 0 0 0 0 0 0 2 3 4 5 9 8 11 10 6 7 
1 1 1 0 0 0 0 0 0 0 0 0 0 2 3 4 5 9 8 11 10 7 6 
1 1 1 0 0 0 0 0 0 0 0 0 0 2 3 4 5 9 10 6 7 8 11 
1 1 1 0 0 0 0 0 0 0 0 0 0 2 3 4 5 9 10 6 7 11 8 
1 1 1 0 0 0 0 0 0 0 0 0 0 2 3 4 5 9 10 6 8 7 11 
1 1 1 0 0 0 0 0 0 0 0 0 0 2 3 4 5 9 10 6 8 11 7 
1 1 1 0 0 0 0 0 0 0 0 0 0 2 3 4 5 9 10 6 11 7 8 
1 1 1 0 0 0 0 0 0 0 0 0 0 2 3 4 5 9 10 6 11 8 7 
1 1 1 0 0 0 0 0 0 0 0 0 0 2 3 4 5 9 10 7 6 8 11 
1 1 1 0 0 0 0 0 0 0 0 0 0 2 3 4 5 9 10 7 6 11 8 
1 1 1 0 0 0 0 0 0 0 0 0 0 2 3 4 5 9 10 7 8 6 11 
1 1 1 0 0 0 0 0 0 0 0 0 0 2 3 4 5 9 10 7 8 11 6 
1 1 1 0 0 0 0 0 0 0 0 0 0 2 3 4 5 9 10 7 11 6 8 
1 1 1 0 0 0 0 0 0 0 0 0 0 2 3 4 5 9 10 7 11 8 6 
1 1 1 0 0 0 0 0 0 0 0 0 0 2 3 4 5 9 10 8 6 7 11 
1 1 1 0 0 0 0 0 0 0 0 0 0 2 3 4 5 9 10 8 6 11 7 
1 1 1 0 0 0 0 0 0 0 0 0 0 2 3 4 5 9 10 8 7 6 11 
1 1 1 0 0 0 0 0 0 0 0 0 0 2 3 4 5 9 10 8 7 11 6 
1 1 1 0 0 0 0 0 0 0 0 0 0 2 3 4 5 9 10 8 11 6 7 
1 1 1 0 0 0 0 0 0 0 0 0 0 2 3 4 5 9 10 8 11 7 6 
1 1 1 0 0 0 0 0 0 0 0 0 0 2 3 4 5 9 10 11 6 7 8 
1 1 1 0 0 0 0 0 0 0 0 0 0 2 3 4 5 9 10 11 6 8 7 
1 1 1 0 0 0 0 0 0 0 0 0 0 2 3 4 5 9 10 11 7 6 8 
1 1 1 0 0 0 0 0 0 0 0 0 0 2 3 4 5 9 10 11 7 8 6 
1 1 1 0 0 0 0 0 0 0 0 0 0 2 3 4 5 9 10 11 8 6 7 
1 1 1 0 0 0 0 0 0 0 0 0 0 2 3 4 5 9 10 11 8 7 6 
1 1 1 0 0 0 0 0 0 0 0 0 0 2 3 4 5 9 11 6 7 8 10 
1 1 1 0 0 0 0 0 0 0 0 0 0 2 3 4 5 9 11 6 7 10 8 
1 1 1 0 0 0 0 0 0 0 0 0 0 2 3 4 5 9 11 6 8 7 10 
1 1 1 0 0 0 0 0 0 0 0 0 0 2 3 4 5 9 11 6 8 10 7 
1 1 1 0 0 0 0 0 0 0 0 0 0 2 3 4 5 9 11 6 10 7 8 
1 1 1 0 0 0 0 0 0 0 0 0 0 2 3 4 5 9 11 6 10 8 7 
1 1 1 0 0 0 0 0 0 0 0 0 0 2 3 4 5 9 11 7 6 8 10 
1 1 1 0 0 0 0 0 0 0 0 0 0 2 3 4 5 9 11 7 6 10 8 
1 1 1 0 0 0 0 0 0 0 0 0 0 2 3 4 5 9 11 7 8 6 10 
1 1 1 0 0 0 0 0 0 0 0 0 0 2 3 4 5 9 11 7 8 10 6 
1 1 1 0 0 0 0 0 0 0 0 0 0 2 3 4 5 9 11 7 10 6 8 
1 1 1 0 0 0 0 0 0 0 0 0 0 2 3 4 5 9 11 7 10 8 6 
1 1 1 0 0 0 0 0 0 0 0 0 0 2 3 4 5 9 11 8 6 7 10 
1 1 1 0 0 0 0 0 0 0 0 0 0 2 3 4 5 9 11 8 6 10 7 
1 1 1 0 0 0 0 0 0 0 0 0 0 2 3 4 5 9 11 8 7 6 10 
1 1 1 0 0 0 0 0 0 0 0 0 0 2 3 4 5 9 11 8 7 10 6 
1 1 1 0 0 0 0 0 0 0 0 0 0 2 3 4 5 9 11 8 10 6 7 
1 1 1 0 0 0 0 0 0 0 0 0 0 2 3 4 5 9 11 8 10 7 6 
1 1 1 0 0 0 0 0 0 0 0 0 0 2 3 4 5 9 11 10 6 7 8 
1 1 1 0 0 0 0 0 0 0 0 0 0 2 3 4 5 9 11 10 6 8 7 
1 1 1 0 0 0 0 0 0 0 0 0 0 2 3 4 5 9 11 10 7 6 8 
1 1 1 0 0 0 0 0 0 0 0 0 0 2 3 4 5 9 11 10 7 8 6 
1 1 1 0 0 0 0 0 0 0 0 0 0 2 3 4 5 9 11 10 8 6 7 
1 1 1 0 0 0 0 0 0 0 0 0 0 2 3 4 5 9 11 10 8 7 6 
1 1 1 0 0 0 0 0 0 0 0 0 0 2 3 4 5 10 6 7 8 9 11 
1 1 1 0 0 0 0 0 0 0 0 0 0 2 3 4 5 10 6 7 8 11 9 
1 1 1 0 0 0 0 0 0 0 0 0 0 2 3 4 5 10 6 7 9 8 11 
1 1 1 0 0 0 0 0 0 0 0 0 0 2 3 4 5 10 6 7 9 11 8 
1 1 1 0 0 0 0 0 0 0 0 0 0 2 3 4 5 10 6 7 11 8 9 
1 1 1 0 0 0 0 0 0 0 0 0 0 2 3 4 5 10 6 7 11 9 8 
1 1 1 0 0 0 0 0 0 0 0 0 0 2 3 4 5 10 6 8 7 9 11 
1 1 1 0 0 0 0 0 0 0 0 0 0 2 3 4 5 10 6 8 7 11 9 
1 1 1 0 0 0 0 0 0 0 0 0 0 2 3 4 5 10 6 8 9 7 11 
1 1 1 0 0 0 0 0 0 0 0 0 0 2 3 4 5 10 6 8 9 11 7 
1 1 1 0 0 0 0 0 0 0 0 0 0 2 3 4 5 10 6 8 11 7 9 
1 1 1 0 0 0 0 0 0 0 0 0 0 2 3 4 5 10 6 8 11 9 7 
1 1 1 0 0 0 0 0 0 0 0 0 0 2 3 4 5 10 6 9 7 8 11 
1 1 1 0 0 0 0 0 0 0 0 0 0 2 3 4 5 10 6 9 7 11 8 
1 1 1 0 0 0 0 0 0 0 0 0 0 2 3 4 5 10 6 9 8 7 11 
1 1 1 0 0 0 0 0 0 0 0 0 0 2 3 4 5 10 6 9 8 11 7 
1 1 1 0 0 0 0 0 0 0 0 0 0 2 3 4 5 10 6 9 11 7 8 
1 1 1 0 0 0 0 0 0 0 0 0 0 2 3 4 5 10 6 9 11 8 7 
1 1 1 0 0 0 0 0 0 0 0 0 0 2 3 4 5 10 6 11 7 8 9 
1 1 1 0 0 0 0 0 0 0 0 0 0 2 3 4 5 10 6 11 7 9 8 
1 1 1 0 0 0 0 0 0 0 0 0 0 2 3 4 5 10 6 11 8 7 9 
1 1 1 0 0 0 0 0 0 0 0 0 0 2 3 4 5 10 6 11 8 9 7 
1 1 1 0 0 0 0 0 0 0 0 0 0 2 3 4 5 10 6 11 9 7 8 
1 1 1 0 0 0 0 0 0 0 0 0 0 2 3 4 5 10 6 11 9 8 7 
1 1 1 0 0 0 0 0 0 0 0 0 0 2 3 4 5 10 7 6 8 9 11 
1 1 1 0 0 0 0 0 0 0 0 0 0 2 3 4 5 10 7 6 8 11 9 
1 1 1 0 0 0 0 0 0 0 0 0 0 2 3 4 5 10 7 6 9 8 11 
1 1 1 0 0 0 0 0 0 0 0 0 0 2 3 4 5 10 7 6 9 11 8 
1 1 1 0 0 0 0 0 0 0 0 0 0 2 3 4 5 10 7 6 11 8 9 
1 1 1 0 0 0 0 0 0 0 0 0 0 2 3 4 5 10 7 6 11 9 8 
1 1 1 0 0 0 0 0 0 0 0 0 0 2 3 4 5 10 7 8 6 9 11 
1 1 1 0 0 0 0 0 0 0 0 0 0 2 3 4 5 10 7 8 6 11 9 
1 1 1 0 0 0 0 0 0 0 0 0 0 2 3 4 5 10 7 8 9 6 11 
1 1 1 0 0 0 0 0 0 0 0 0 0 2 3 4 5 10 7 8 9 11 6 
1 1 1 0 0 0 0 0 0 0 0 0 0 2 3 4 5 10 7 8 11 6 9 
1 1 1 0 0 0 0 0 0 0 0 0 0 2 3 4 5 10 7 8 11 9 6 
1 1 1 0 0 0 0 0 0 0 0 0 0 2 3 4 5 10 7 9 6 8 11 
1 1 1 0 0 0 0 0 0 0 0 0 0 2 3 4 5 10 7 9 6 11 8 
1 1 1 0 0 0 0 0 0 0 0 0 0 2 3 4 5 10 7 9 8 6 11 
1 1 1 0 0 0 0 0 0 0 0 0 0 2 3 4 5 10 7 9 8 11 6 
1 1 1 0 0 0 0 0 0 0 0 0 0 2 3 4 5 10 7 9 11 6 8 
1 1 1 0 0 0 0 0 0 0 0 0 0 2 3 4 5 10 7 9 11 8 6 
1 1 1 0 0 0 0 0 0 0 0 0 0 2 3 4 5 10 7 11 6 8 9 
1 1 1 0 0 0 0 0 0 0 0 0 0 2 3 4 5 10 7 11 6 9 8 
1 1 1 0 0 0 0 0 0 0 0 0 0 2 3 4 5 10 7 11 8 6 9 
1 1 1 0 0 0 0 0 0 0 0 0 0 2 3 4 5 10 7 11 8 9 6 
1 1 1 0 0 0 0 0 0 0 0 0 0 2 3 4 5 10 7 11 9 6 8 
1 1 1 0 0 0 0 0 0 0 0 0 0 2 3 4 5 10 7 11 9 8 6 
1 1 1 0 0 0 0 0 0 0 0 0 0 2 3 4 5 10 8 6 7 9 11 
1 1 1 0 0 0 0 0 0 0 0 0 0 2 3 4 5 10 8 6 7 11 9 
1 1 1 0 0 0 0 0 0 0 0 0 0 2 3 4 5 10 8 6 9 7 11 
1 1 1 0 0 0 0 0 0 0 0 0 0 2 3 4 5 10 8 6 9 11 7 
1 1 1 0 0 0 0 0 0 0 0 0 0 2 3 4 5 10 8 6 11 7 9 
1 1 1 0 0 0 0 0 0 0 0 0 0 2 3 4 5 10 8 6 11 9 7 
1 1 1 0 0 0 0 0 0 0 0 0 0 2 3 4 5 10 8 7 6 9 11 
1 1 1 0 0 0 0 0 0 0 0 0 0 2 3 4 5 10 8 7 6 11 9 
1 1 1 0 0 0 0 0 0 0 0 0 0 2 3 4 5 10 8 7 9 6 11 
1 1 1 0 0 0 0 0 0 0 0 0 0 2 3 4 5 10 8 7 9 11 6 
1 1 1 0 0 0 0 0 0 0 0 0 0 2 3 4 5 10 8 7 11 6 9 
1 1 1 0 0 0 0 0 0 0 0 0 0 2 3 4 5 10 8 7 11 9 6 
1 1 1 0 0 0 0 0 0 0 0 0 0 2 3 4 5 10 8 9 6 7 11 
1 1 1 0 0 0 0 0 0 0 0 0 0 2 3 4 5 10 8 9 6 11 7 
1 1 1 0 0 0 0 0 0 0 0 0 0 2 3 4 5 10 8 9 7 6 11 
1 1 1 0 0 0 0 0 0 0 0 0 0 2 3 4 5 10 8 9 7 11 6 
1 1 1 0 0 0 0 0 0 0 0 0 0 2 3 4 5 10 8 9 11 6 7 
1 1 1 0 0 0 0 0 0 0 0 0 0 2 3 4 5 10 8 9 11 7 6 
1 1 1 0 0 0 0 0 0 0 0 0 0 2 3 4 5 10 8 11 6 7 9 
1 1 1 0 0 0 0 0 0 0 0 0 0 2 3 4 5 10 8 11 6 9 7 
1 1 1 0 0 0 0 0 0 0 0 0 0 2 3 4 5 10 8 11 7 6 9 
1 1 1 0 0 0 0 0 0 0 0 0 0 2 3 4 5 10 8 11 7 9 6 
1 1 1 0 0 0 0 0 0 0 0 0 0 2 3 4 5 10 8 11 9 6 7 
1 1 1 0 0 0 0 0 0 0 0 0 0 2 3 4 5 10 8 11 9 7 6 
1 1 1 0 0 0 0 0 0 0 0 0 0 2 3 4 5 10 9 6 7 8 11 
1 1 1 0 0 0 0 0 0 0 0 0 0 2 3 4 5 10 9 6 7 11 8 
1 1 1 0 0 0 0 0 0 0 0 0 0 2 3 4 5 10 9 6 8 7 11 
1 1 1 0 0 0 0 0 0 0 0 0 0 2 3 4 5 10 9 6 8 11 7 
1 1 1 0 0 0 0 0 0 0 0 0 0 2 3 4 5 10 9 6 11 7 8 
1 1 1 0 0 0 0 0 0 0 0 0 0 2 3 4 5 10 9 6 11 8 7 
1 1 1 0 0 0 0 0 0 0 0 0 0 2 3 4 5 10 9 7 6 8 11 
1 1 1 0 0 0 0 0 0 0 0 0 0 2 3 4 5 10 9 7 6 11 8 
1 1 1 0 0 0 0 0 0 0 0 0 0 2 3 4 5 10 9 7 8 6 11 
1 1 1 0 0 0 0 0 0 0 0 0 0 2 3 4 5 10 9 7 8 11 6 
1 1 1 0 0 0 0 0 0 0 0 0 0 2 3 4 5 10 9 7 11 6 8 
1 1 1 0 0 0 0 0 0 0 0 0 0 2 3 4 5 10 9 7 11 8 6 
1 1 1 0 0 0 0 0 0 0 0 0 0 2 3 4 5 10 9 8 6 7 11 
1 1 1 0 0 0 0 0 0 0 0 0 0 2 3 4 5 10 9 8 6 11 7 
1 1 1 0 0 0 0 0 0 0 0 0 0 2 3 4 5 10 9 8 7 6 11 
1 1 1 0 0 0 0 0 0 0 0 0 0 2 3 4 5 10 9 8 7 11 6 
1 1 1 0 0 0 0 0 0 0 0 0 0 2 3 4 5 10 9 8 11 6 7 
1 1 1 0 0 0 0 0 0 0 0 0 0 2 3 4 5 10 9 8 11 7 6 
1 1 1 0 0 0 0 0 0 0 0 0 0 2 3 4 5 10 9 11 6 7 8 
1 1 1 0 0 0 0 0 0 0 0 0 0 2 3 4 5 10 9 11 6 8 7 
1 1 1 0 0 0 0 0 0 0 0 0 0 2 3 4 5 10 9 11 7 6 8 
1 1 1 0 0 0 0 0 0 0 0 0 0 2 3 4 5 10 9 11 7 8 6 
1 1 1 0 0 0 0 0 0 0 0 0 0 2 3 4 5 10 9 11 8 6 7 
1 1 1 0 0 0 0 0 0 0 0 0 0 2 3 4 5 10 9 11 8 7 6 
1 1 1 0 0 0 0 0 0 0 0 0 0 2 3 4 5 10 11 6 7 8 9 
1 1 1 0 0 0 0 0 0 0 0 0 0 2 3 4 5 10 11 6 7 9 8 
1 1 1 0 0 0 0 0 0 0 0 0 0 2 3 4 5 10 11 6 8 7 9 
1 1 1 0 0 0 0 0 0 0 0 0 0 2 3 4 5 10 11 6 8 9 7 
1 1 1 0 0 0 0 0 0 0 0 0 0 2 3 4 5 10 11 6 9 7 8 
1 1 1 0 0 0 0 0 0 0 0 0 0 2 3 4 5 10 11 6 9 8 7 
1 1 1 0 0 0 0 0 0 0 0 0 0 2 3 4 5 10 11 7 6 8 9 
1 1 1 0 0 0 0 0 0 0 0 0 0 2 3 4 5 10 11 7 6 9 8 
1 1 1 0 0 0 0 0 0 0 0 0 0 2 3 4 5 10 11 7 8 6 9 
1 1 1 0 0 0 0 0 0 0 0 0 0 2 3 4 5 10 11 7 8 9 6 
1 1 1 0 0 0 0 0 0 0 0 0 0 2 3 4 5 10 11 7 9 6 8 
1 1 1 0 0 0 0 0 0 0 0 0 0 2 3 4 5 10 11 7 9 8 6 
1 1 1 0 0 0 0 0 0 0 0 0 0 2 3 4 5 10 11 8 6 7 9 
1 1 1 0 0 0 0 0 0 0 0 0 0 2 3 4 5 10 11 8 6 9 7 
1 1 1 0 0 0 0 0 0 0 0 0 0 2 3 4 5 10 11 8 7 6 9 
1 1 1 0 0 0 0 0 0 0 0 0 0 2 3 4 5 10 11 8 7 9 6 
1 1 1 0 0 0 0 0 0 0 0 0 0 2 3 4 5 10 11 8 9 6 7 
1 1 1 0 0 0 0 0 0 0 0 0 0 2 3 4 5 10 11 8 9 7 6 
1 1 1 0 0 0 0 0 0 0 0 0 0 2 3 4 5 10 11 9 6 7 8 
1 1 1 0 0 0 0 0 0 0 0 0 0 2 3 4 5 10 11 9 6 8 7 
1 1 1 0 0 0 0 0 0 0 0 0 0 2 3 4 5 10 11 9 7 6 8 
1 1 1 0 0 0 0 0 0 0 0 0 0 2 3 4 5 10 11 9 7 8 6 
1 1 1 0 0 0 0 0 0 0 0 0 0 2 3 4 5 10 11 9 8 6 7 
1 1 1 0 0 0 0 0 0 0 0 0 0 2 3 4 5 10 11 9 8 7 6 
1 1 1 0 0 0 0 0 0 0 0 0 0 2 3 4 5 11 6 7 8 9 10 
1 1 1 0 0 0 0 0 0 0 0 0 0 2 3 4 5 11 6 7 8 10 9 
1 1 1 0 0 0 0 0 0 0 0 0 0 2 3 4 5 11 6 7 9 8 10 
1 1 1 0 0 0 0 0 0 0 0 0 0 2 3 4 5 11 6 7 9 10 8 
1 1 1 0 0 0 0 0 0 0 0 0 0 2 3 4 5 11 6 7 10 8 9 
1 1 1 0 0 0 0 0 0 0 0 0 0 2 3 4 5 11 6 7 10 9 8 
1 1 1 0 0 0 0 0 0 0 0 0 0 2 3 4 5 11 6 8 7 9 10 
1 1 1 0 0 0 0 0 0 0 0 0 0 2 3 4 5 11 6 8 7 10 9 
1 1 1 0 0 0 0 0 0 0 0 0 0 2 3 4 5 11 6 8 9 7 10 
1 1 1 0 0 0 0 0 0 0 0 0 0 2 3 4 5 11 6 8 9 10 7 
1 1 1 0 0 0 0 0 0 0 0 0 0 2 3 4 5 11 6 8 10 7 9 
1 1 1 0 0 0 0 0 0 0 0 0 0 2 3 4 5 11 6 8 10 9 7 
1 1 1 0 0 0 0 0 0 0 0 0 0 2 3 4 5 11 6 9 7 8 10 
1 1 1 0 0 0 0 0 0 0 0 0 0 2 3 4 5 11 6 9 7 10 8 
1 1 1 0 0 0 0 0 0 0 0 0 0 2 3 4 5 11 6 9 8 7 10 
1 1 1 0 0 0 0 0 0 0 0 0 0 2 3 4 5 11 6 9 8 10 7 
1 1 1 0 0 0 0 0 0 0 0 0 0 2 3 4 5 11 6 9 10 7 8 
1 1 1 0 0 0 0 0 0 0 0 0 0 2 3 4 5 11 6 9 10 8 7 
1 1 1 0 0 0 0 0 0 0 0 0 0 2 3 4 5 11 6 10 7 8 9 
1 1 1 0 0 0 0 0 0 0 0 0 0 2 3 4 5 11 6 10 7 9 8 
1 1 1 0 0 0 0 0 0 0 0 0 0 2 3 4 5 11 6 10 8 7 9 
1 1 1 0 0 0 0 0 0 0 0 0 0 2 3 4 5 11 6 10 8 9 7 
1 1 1 0 0 0 0 0 0 0 0 0 0 2 3 4 5 11 6 10 9 7 8 
1 1 1 0 0 0 0 0 0 0 0 0 0 2 3 4 5 11 6 10 9 8 7 
1 1 1 0 0 0 0 0 0 0 0 0 0 2 3 4 5 11 7 6 8 9 10 
1 1 1 0 0 0 0 0 0 0 0 0 0 2 3 4 5 11 7 6 8 10 9 
1 1 1 0 0 0 0 0 0 0 0 0 0 2 3 4 5 11 7 6 9 8 10 
1 1 1 0 0 0 0 0 0 0 0 0 0 2 3 4 5 11 7 6 9 10 8 
1 1 1 0 0 0 0 0 0 0 0 0 0 2 3 4 5 11 7 6 10 8 9 
1 1 1 0 0 0 0 0 0 0 0 0 0 2 3 4 5 11 7 6 10 9 8 
1 1 1 0 0 0 0 0 0 0 0 0 0 2 3 4 5 11 7 8 6 9 10 
1 1 1 0 0 0 0 0 0 0 0 0 0 2 3 4 5 11 7 8 6 10 9 
1 1 1 0 0 0 0 0 0 0 0 0 0 2 3 4 5 11 7 8 9 6 10 
1 1 1 0 0 0 0 0 0 0 0 0 0 2 3 4 5 11 7 8 9 10 6 
1 1 1 0 0 0 0 0 0 0 0 0 0 2 3 4 5 11 7 8 10 6 9 
1 1 1 0 0 0 0 0 0 0 0 0 0 2 3 4 5 11 7 8 10 9 6 
1 1 1 0 0 0 0 0 0 0 0 0 0 2 3 4 5 11 7 9 6 8 10 
1 1 1 0 0 0 0 0 0 0 0 0 0 2 3 4 5 11 7 9 6 10 8 
1 1 1 0 0 0 0 0 0 0 0 0 0 2 3 4 5 11 7 9 8 6 10 
1 1 1 0 0 0 0 0 0 0 0 0 0 2 3 4 5 11 7 9 8 10 6 
1 1 1 0 0 0 0 0 0 0 0 0 0 2 3 4 5 11 7 9 10 6 8 
1 1 1 0 0 0 0 0 0 0 0 0 0 2 3 4 5 11 7 9 10 8 6 
1 1 1 0 0 0 0 0 0 0 0 0 0 2 3 4 5 11 7 10 6 8 9 
1 1 1 0 0 0 0 0 0 0 0 0 0 2 3 4 5 11 7 10 6 9 8 
1 1 1 0 0 0 0 0 0 0 0 0 0 2 3 4 5 11 7 10 8 6 9 
1 1 1 0 0 0 0 0 0 0 0 0 0 2 3 4 5 11 7 10 8 9 6 
1 1 1 0 0 0 0 0 0 0 0 0 0 2 3 4 5 11 7 10 9 6 8 
1 1 1 0 0 0 0 0 0 0 0 0 0 2 3 4 5 11 7 10 9 8 6 
1 1 1 0 0 0 0 0 0 0 0 0 0 2 3 4 5 11 8 6 7 9 10 
1 1 1 0 0 0 0 0 0 0 0 0 0 2 3 4 5 11 8 6 7 10 9 
1 1 1 0 0 0 0 0 0 0 0 0 0 2 3 4 5 11 8 6 9 7 10 
1 1 1 0 0 0 0 0 0 0 0 0 0 2 3 4 5 11 8 6 9 10 7 
1 1 1 0 0 0 0 0 0 0 0 0 0 2 3 4 5 11 8 6 10 7 9 
1 1 1 0 0 0 0 0 0 0 0 0 0 2 3 4 5 11 8 6 10 9 7 
1 1 1 0 0 0 0 0 0 0 0 0 0 2 3 4 5 11 8 7 6 9 10 
1 1 1 0 0 0 0 0 0 0 0 0 0 2 3 4 5 11 8 7 6 10 9 
1 1 1 0 0 0 0 0 0 0 0 0 0 2 3 4 5 11 8 7 9 6 10 
1 1 1 0 0 0 0 0 0 0 0 0 0 2 3 4 5 11 8 7 9 10 6 
1 1 1 0 0 0 0 0 0 0 0 0 0 2 3 4 5 11 8 7 10 6 9 
1 1 1 0 0 0 0 0 0 0 0 0 0 2 3 4 5 11 8 7 10 9 6 
1 1 1 0 0 0 0 0 0 0 0 0 0 2 3 4 5 11 8 9 6 7 10 
1 1 1 0 0 0 0 0 0 0 0 0 0 2 3 4 5 11 8 9 6 10 7 
1 1 1 0 0 0 0 0 0 0 0 0 0 2 3 4 5 11 8 9 7 6 10 
1 1 1 0 0 0 0 0 0 0 0 0 0 2 3 4 5 11 8 9 7 10 6 
1 1 1 0 0 0 0 0 0 0 0 0 0 2 3 4 5 11 8 9 10 6 7 
1 1 1 0 0 0 0 0 0 0 0 0 0 2 3 4 5 11 8 9 10 7 6 
1 1 1 0 0 0 0 0 0 0 0 0 0 2 3 4 5 11 8 10 6 7 9 
1 1 1 0 0 0 0 0 0 0 0 0 0 2 3 4 5 11 8 10 6 9 7 
1 1 1 0 0 0 0 0 0 0 0 0 0 2 3 4 5 11 8 10 7 6 9 
1 1 1 0 0 0 0 0 0 0 0 0 0 2 3 4 5 11 8 10 7 9 6 
1 1 1 0 0 0 0 0 0 0 0 0 0 2 3 4 5 11 8 10 9 6 7 
1 1 1 0 0 0 0 0 0 0 0 0 0 2 3 4 5 11 8 10 9 7 6 
1 1 1 0 0 0 0 0 0 0 0 0 0 2 3 4 5 11 9 6 7 8 10 
1 1 1 0 0 0 0 0 0 0 0 0 0 2 3 4 5 11 9 6 7 10 8 
1 1 1 0 0 0 0 0 0 0 0 0 0 2 3 4 5 11 9 6 8 7 10 
1 1 1 0 0 0 0 0 0 0 0 0 0 2 3 4 5 11 9 6 8 10 7 
1 1 1 0 0 0 0 0 0 0 0 0 0 2 3 4 5 11 9 6 10 7 8 
1 1 1 0 0 0 0 0 0 0 0 0 0 2 3 4 5 11 9 6 10 8 7 
1 1 1 0 0 0 0 0 0 0 0 0 0 2 3 4 5 11 9 7 6 8 10 
1 1 1 0 0 0 0 0 0 0 0 0 0 2 3 4 5 11 9 7 6 10 8 
1 1 1 0 0 0 0 0 0 0 0 0 0 2 3 4 5 11 9 7 8 6 10 
1 1 1 0 0 0 0 0 0 0 0 0 0 2 3 4 5 11 9 7 8 10 6 
1 1 1 0 0 0 0 0 0 0 0 0 0 2 3 4 5 11 9 7 10 6 8 
1 1 1 0 0 0 0 0 0 0 0 0 0 2 3 4 5 11 9 7 10 8 6 
1 1 1 0 0 0 0 0 0 0 0 0 0 2 3 4 5 11 9 8 6 7 10 
1 1 1 0 0 0 0 0 0 0 0 0 0 2 3 4 5 11 9 8 6 10 7 
1 1 1 0 0 0 0 0 0 0 0 0 0 2 3 4 5 11 9 8 7 6 10 
1 1 1 0 0 0 0 0 0 0 0 0 0 2 3 4 5 11 9 8 7 10 6 
1 1 1 0 0 0 0 0 0 0 0 0 0 2 3 4 5 11 9 8 10 6 7 
1 1 1 0 0 0 0 0 0 0 0 0 0 2 3 4 5 11 9 8 10 7 6 
1 1 1 0 0 0 0 0 0 0 0 0 0 2 3 4 5 11 9 10 6 7 8 
1 1 1 0 0 0 0 0 0 0 0 0 0 2 3 4 5 11 9 10 6 8 7 
1 1 1 0 0 0 0 0 0 0 0 0 0 2 3 4 5 11 9 10 7 6 8 
1 1 1 0 0 0 0 0 0 0 0 0 0 2 3 4 5 11 9 10 7 8 6 
1 1 1 0 0 0 0 0 0 0 0 0 0 2 3 4 5 11 9 10 8 6 7 
1 1 1 0 0 0 0 0 0 0 0 0 0 2 3 4 5 11 9 10 8 7 6 
1 1 1 0 0 0 0 0 0 0 0 0 0 2 3 4 5 11 10 6 7 8 9 
1 1 1 0 0 0 0 0 0 0 0 0 0 2 3 4 5 11 10 6 7 9 8 
1 1 1 0 0 0 0 0 0 0 0 0 0 2 3 4 5 11 10 6 8 7 9 
1 1 1 0 0 0 0 0 0 0 0 0 0 2 3 4 5 11 10 6 8 9 7 
1 1 1 0 0 0 0 0 0 0 0 0 0 2 3 4 5 11 10 6 9 7 8 
1 1 1 0 0 0 0 0 0 0 0 0 0 2 3 4 5 11 10 6 9 8 7 
1 1 1 0 0 0 0 0 0 0 0 0 0 2 3 4 5 11 10 7 6 8 9 
1 1 1 0 0 0 0 0 0 0 0 0 0 2 3 4 5 11 10 7 6 9 8 
1 1 1 0 0 0 0 0 0 0 0 0 0 2 3 4 5 11 10 7 8 6 9 
1 1 1 0 0 0 0 0 0 0 0 0 0 2 3 4 5 11 10 7 8 9 6 
1 1 1 0 0 0 0 0 0 0 0 0 0 2 3 4 5 11 10 7 9 6 8 
1 1 1 0 0 0 0 0 0 0 0 0 0 2 3 4 5 11 10 7 9 8 6 
1 1 1 0 0 0 0 0 0 0 0 0 0 2 3 4 5 11 10 8 6 7 9 
1 1 1 0 0 0 0 0 0 0 0 0 0 2 3 4 5 11 10 8 6 9 7 
1 1 1 0 0 0 0 0 0 0 0 0 0 2 3 4 5 11 10 8 7 6 9 
1 1 1 0 0 0 0 0 0 0 0 0 0 2 3 4 5 11 10 8 7 9 6 
1 1 1 0 0 0 0 0 0 0 0 0 0 2 3 4 5 11 10 8 9 6 7 
1 1 1 0 0 0 0 0 0 0 0 0 0 2 3 4 5 11 10 8 9 7 6 
1 1 1 0 0 0 0 0 0 0 0 0 0 2 3 4 5 11 10 9 6 7 8 
1 1 1 0 0 0 0 0 0 0 0 0 0 2 3 4 5 11 10 9 6 8 7 
1 1 1 0 0 0 0 0 0 0 0 0 0 2 3 4 5 11 10 9 7 6 8 
1 1 1 0 0 0 0 0 0 0 0 0 0 2 3 4 5 11 10 9 7 8 6 
1 1 1 0 0 0 0 0 0 0 0 0 0 2 3 4 5 11 10 9 8 6 7 
1 1 1 0 0 0 0 0 0 0 0 0 0 2 3 4 5 11 10 9 8 7 6 
1 1 1 0 0 0 0 0 0 0 0 0 0 2 3 4 6 5 7 8 9 10 11 
1 1 1 0 0 0 0 0 0 0 0 0 0 2 3 4 6 5 7 8 9 11 10 
1 1 1 0 0 0 0 0 0 0 0 0 0 2 3 4 6 5 7 8 10 9 11 
1 1 1 0 0 0 0 0 0 0 0 0 0 2 3 4 6 5 7 8 10 11 9 
1 1 1 0 0 0 0 0 0 0 0 0 0 2 3 4 6 5 7 8 11 9 10 
1 1 1 0 0 0 0 0 0 0 0 0 0 2 3 4 6 5 7 8 11 10 9 
1 1 1 0 0 0 0 0 0 0 0 0 0 2 3 4 6 5 7 9 8 10 11 
1 1 1 0 0 0 0 0 0 0 0 0 0 2 3 4 6 5 7 9 8 11 10 
1 1 1 0 0 0 0 0 0 0 0 0 0 2 3 4 6 5 7 9 10 8 11 
1 1 1 0 0 0 0 0 0 0 0 0 0 2 3 4 6 5 7 9 10 11 8 
1 1 1 0 0 0 0 0 0 0 0 0 0 2 3 4 6 5 7 9 11 8 10 
1 1 1 0 0 0 0 0 0 0 0 0 0 2 3 4 6 5 7 9 11 10 8 
1 1 1 0 0 0 0 0 0 0 0 0 0 2 3 4 6 5 7 10 8 9 11 
1 1 1 0 0 0 0 0 0 0 0 0 0 2 3 4 6 5 7 10 8 11 9 
1 1 1 0 0 0 0 0 0 0 0 0 0 2 3 4 6 5 7 10 9 8 11 
1 1 1 0 0 0 0 0 0 0 0 0 0 2 3 4 6 5 7 10 9 11 8 
1 1 1 0 0 0 0 0 0 0 0 0 0 2 3 4 6 5 7 10 11 8 9 
1 1 1 0 0 0 0 0 0 0 0 0 0 2 3 4 6 5 7 10 11 9 8 
1 1 1 0 0 0 0 0 0 0 0 0 0 2 3 4 6 5 7 11 8 9 10 
1 1 1 0 0 0 0 0 0 0 0 0 0 2 3 4 6 5 7 11 8 10 9 
1 1 1 0 0 0 0 0 0 0 0 0 0 2 3 4 6 5 7 11 9 8 10 
1 1 1 0 0 0 0 0 0 0 0 0 0 2 3 4 6 5 7 11 9 10 8 
1 1 1 0 0 0 0 0 0 0 0 0 0 2 3 4 6 5 7 11 10 8 9 
1 1 1 0 0 0 0 0 0 0 0 0 0 2 3 4 6 5 7 11 10 9 8 
1 1 1 0 0 0 0 0 0 0 0 0 0 2 3 4 6 5 8 7 9 10 11 
1 1 1 0 0 0 0 0 0 0 0 0 0 2 3 4 6 5 8 7 9 11 10 
1 1 1 0 0 0 0 0 0 0 0 0 0 2 3 4 6 5 8 7 10 9 11 
1 1 1 0 0 0 0 0 0 0 0 0 0 2 3 4 6 5 8 7 10 11 9 
1 1 1 0 0 0 0 0 0 0 0 0 0 2 3 4 6 5 8 7 11 9 10 
1 1 1 0 0 0 0 0 0 0 0 0 0 2 3 4 6 5 8 7 11 10 9 
1 1 1 0 0 0 0 0 0 0 0 0 0 2 3 4 6 5 8 9 7 10 11 
1 1 1 0 0 0 0 0 0 0 0 0 0 2 3 4 6 5 8 9 7 11 10 
1 1 1 0 0 0 0 0 0 0 0 0 0 2 3 4 6 5 8 9 10 7 11 
1 1 1 0 0 0 0 0 0 0 0 0 0 2 3 4 6 5 8 9 10 11 7 
1 1 1 0 0 0 0 0 0 0 0 0 0 2 3 4 6 5 8 9 11 7 10 
1 1 1 0 0 0 0 0 0 0 0 0 0 2 3 4 6 5 8 9 11 10 7 
1 1 1 0 0 0 0 0 0 0 0 0 0 2 3 4 6 5 8 10 7 9 11 
1 1 1 0 0 0 0 0 0 0 0 0 0 2 3 4 6 5 8 10 7 11 9 
1 1 1 0 0 0 0 0 0 0 0 0 0 2 3 4 6 5 8 10 9 7 11 
1 1 1 0 0 0 0 0 0 0 0 0 0 2 3 4 6 5 8 10 9 11 7 
1 1 1 0 0 0 0 0 0 0 0 0 0 2 3 4 6 5 8 10 11 7 9 
1 1 1 0 0 0 0 0 0 0 0 0 0 2 3 4 6 5 8 10 11 9 7 
1 1 1 0 0 0 0 0 0 0 0 0 0 2 3 4 6 5 8 11 7 9 10 
1 1 1 0 0 0 0 0 0 0 0 0 0 2 3 4 6 5 8 11 7 10 9 
1 1 1 0 0 0 0 0 0 0 0 0 0 2 3 4 6 5 8 11 9 7 10 
1 1 1 0 0 0 0 0 0 0 0 0 0 2 3 4 6 5 8 11 9 10 7 
1 1 1 0 0 0 0 0 0 0 0 0 0 2 3 4 6 5 8 11 10 7 9 
1 1 1 0 0 0 0 0 0 0 0 0 0 2 3 4 6 5 8 11 10 9 7 
1 1 1 0 0 0 0 0 0 0 0 0 0 2 3 4 6 5 9 7 8 10 11 
1 1 1 0 0 0 0 0 0 0 0 0 0 2 3 4 6 5 9 7 8 11 10 
1 1 1 0 0 0 0 0 0 0 0 0 0 2 3 4 6 5 9 7 10 8 11 
1 1 1 0 0 0 0 0 0 0 0 0 0 2 3 4 6 5 9 7 10 11 8 
1 1 1 0 0 0 0 0 0 0 0 0 0 2 3 4 6 5 9 7 11 8 10 
1 1 1 0 0 0 0 0 0 0 0 0 0 2 3 4 6 5 9 7 11 10 8 
1 1 1 0 0 0 0 0 0 0 0 0 0 2 3 4 6 5 9 8 7 10 11 
1 1 1 0 0 0 0 0 0 0 0 0 0 2 3 4 6 5 9 8 7 11 10 
1 1 1 0 0 0 0 0 0 0 0 0 0 2 3 4 6 5 9 8 10 7 11 
1 1 1 0 0 0 0 0 0 0 0 0 0 2 3 4 6 5 9 8 10 11 7 
1 1 1 0 0 0 0 0 0 0 0 0 0 2 3 4 6 5 9 8 11 7 10 
1 1 1 0 0 0 0 0 0 0 0 0 0 2 3 4 6 5 9 8 11 10 7 
1 1 1 0 0 0 0 0 0 0 0 0 0 2 3 4 6 5 9 10 7 8 11 
1 1 1 0 0 0 0 0 0 0 0 0 0 2 3 4 6 5 9 10 7 11 8 
1 1 1 0 0 0 0 0 0 0 0 0 0 2 3 4 6 5 9 10 8 7 11 
1 1 1 0 0 0 0 0 0 0 0 0 0 2 3 4 6 5 9 10 8 11 7 
1 1 1 0 0 0 0 0 0 0 0 0 0 2 3 4 6 5 9 10 11 7 8 
1 1 1 0 0 0 0 0 0 0 0 0 0 2 3 4 6 5 9 10 11 8 7 
1 1 1 0 0 0 0 0 0 0 0 0 0 2 3 4 6 5 9 11 7 8 10 
1 1 1 0 0 0 0 0 0 0 0 0 0 2 3 4 6 5 9 11 7 10 8 
1 1 1 0 0 0 0 0 0 0 0 0 0 2 3 4 6 5 9 11 8 7 10 
1 1 1 0 0 0 0 0 0 0 0 0 0 2 3 4 6 5 9 11 8 10 7 
1 1 1 0 0 0 0 0 0 0 0 0 0 2 3 4 6 5 9 11 10 7 8 
1 1 1 0 0 0 0 0 0 0 0 0 0 2 3 4 6 5 9 11 10 8 7 
1 1 1 0 0 0 0 0 0 0 0 0 0 2 3 4 6 5 10 7 8 9 11 
1 1 1 0 0 0 0 0 0 0 0 0 0 2 3 4 6 5 10 7 8 11 9 
1 1 1 0 0 0 0 0 0 0 0 0 0 2 3 4 6 5 10 7 9 8 11 
1 1 1 0 0 0 0 0 0 0 0 0 0 2 3 4 6 5 10 7 9 11 8 
1 1 1 0 0 0 0 0 0 0 0 0 0 2 3 4 6 5 10 7 11 8 9 
1 1 1 0 0 0 0 0 0 0 0 0 0 2 3 4 6 5 10 7 11 9 8 
1 1 1 0 0 0 0 0 0 0 0 0 0 2 3 4 6 5 10 8 7 9 11 
1 1 1 0 0 0 0 0 0 0 0 0 0 2 3 4 6 5 10 8 7 11 9 
1 1 1 0 0 0 0 0 0 0 0 0 0 2 3 4 6 5 10 8 9 7 11 
1 1 1 0 0 0 0 0 0 0 0 0 0 2 3 4 6 5 10 8 9 11 7 
1 1 1 0 0 0 0 0 0 0 0 0 0 2 3 4 6 5 10 8 11 7 9 
1 1 1 0 0 0 0 0 0 0 0 0 0 2 3 4 6 5 10 8 11 9 7 
1 1 1 0 0 0 0 0 0 0 0 0 0 2 3 4 6 5 10 9 7 8 11 
1 1 1 0 0 0 0 0 0 0 0 0 0 2 3 4 6 5 10 9 7 11 8 
1 1 1 0 0 0 0 0 0 0 0 0 0 2 3 4 6 5 10 9 8 7 11 
1 1 1 0 0 0 0 0 0 0 0 0 0 2 3 4 6 5 10 9 8 11 7 
1 1 1 0 0 0 0 0 0 0 0 0 0 2 3 4 6 5 10 9 11 7 8 
1 1 1 0 0 0 0 0 0 0 0 0 0 2 3 4 6 5 10 9 11 8 7 
1 1 1 0 0 0 0 0 0 0 0 0 0 2 3 4 6 5 10 11 7 8 9 
1 1 1 0 0 0 0 0 0 0 0 0 0 2 3 4 6 5 10 11 7 9 8 
1 1 1 0 0 0 0 0 0 0 0 0 0 2 3 4 6 5 10 11 8 7 9 
1 1 1 0 0 0 0 0 0 0 0 0 0 2 3 4 6 5 10 11 8 9 7 
1 1 1 0 0 0 0 0 0 0 0 0 0 2 3 4 6 5 10 11 9 7 8 
1 1 1 0 0 0 0 0 0 0 0 0 0 2 3 4 6 5 10 11 9 8 7 
1 1 1 0 0 0 0 0 0 0 0 0 0 2 3 4 6 5 11 7 8 9 10 
1 1 1 0 0 0 0 0 0 0 0 0 0 2 3 4 6 5 11 7 8 10 9 
1 1 1 0 0 0 0 0 0 0 0 0 0 2 3 4 6 5 11 7 9 8 10 
1 1 1 0 0 0 0 0 0 0 0 0 0 2 3 4 6 5 11 7 9 10 8 
1 1 1 0 0 0 0 0 0 0 0 0 0 2 3 4 6 5 11 7 10 8 9 
1 1 1 0 0 0 0 0 0 0 0 0 0 2 3 4 6 5 11 7 10 9 8 
1 1 1 0 0 0 0 0 0 0 0 0 0 2 3 4 6 5 11 8 7 9 10 
1 1 1 0 0 0 0 0 0 0 0 0 0 2 3 4 6 5 11 8 7 10 9 
1 1 1 0 0 0 0 0 0 0 0 0 0 2 3 4 6 5 11 8 9 7 10 
1 1 1 0 0 0 0 0 0 0 0 0 0 2 3 4 6 5 11 8 9 10 7 
1 1 1 0 0 0 0 0 0 0 0 0 0 2 3 4 6 5 11 8 10 7 9 
1 1 1 0 0 0 0 0 0 0 0 0 0 2 3 4 6 5 11 8 10 9 7 
1 1 1 0 0 0 0 0 0 0 0 0 0 2 3 4 6 5 11 9 7 8 10 
1 1 1 0 0 0 0 0 0 0 0 0 0 2 3 4 6 5 11 9 7 10 8 
1 1 1 0 0 0 0 0 0 0 0 0 0 2 3 4 6 5 11 9 8 7 10 
1 1 1 0 0 0 0 0 0 0 0 0 0 2 3 4 6 5 11 9 8 10 7 
1 1 1 0 0 0 0 0 0 0 0 0 0 2 3 4 6 5 11 9 10 7 8 
1 1 1 0 0 0 0 0 0 0 0 0 0 2 3 4 6 5 11 9 10 8 7 
1 1 1 0 0 0 0 0 0 0 0 0 0 2 3 4 6 5 11 10 7 8 9 
1 1 1 0 0 0 0 0 0 0 0 0 0 2 3 4 6 5 11 10 7 9 8 
1 1 1 0 0 0 0 0 0 0 0 0 0 2 3 4 6 5 11 10 8 7 9 
1 1 1 0 0 0 0 0 0 0 0 0 0 2 3 4 6 5 11 10 8 9 7 
1 1 1 0 0 0 0 0 0 0 0 0 0 2 3 4 6 5 11 10 9 7 8 
1 1 1 0 0 0 0 0 0 0 0 0 0 2 3 4 6 5 11 10 9 8 7 
1 1 1 0 0 0 0 0 0 0 0 0 0 2 3 4 6 7 5 8 9 10 11 
1 1 1 0 0 0 0 0 0 0 0 0 0 2 3 4 6 7 5 8 9 11 10 
1 1 1 0 0 0 0 0 0 0 0 0 0 2 3 4 6 7 5 8 10 9 11 
1 1 1 0 0 0 0 0 0 0 0 0 0 2 3 4 6 7 5 8 10 11 9 
1 1 1 0 0 0 0 0 0 0 0 0 0 2 3 4 6 7 5 8 11 9 10 
1 1 1 0 0 0 0 0 0 0 0 0 0 2 3 4 6 7 5 8 11 10 9 
1 1 1 0 0 0 0 0 0 0 0 0 0 2 3 4 6 7 5 9 8 10 11 
1 1 1 0 0 0 0 0 0 0 0 0 0 2 3 4 6 7 5 9 8 11 10 
1 1 1 0 0 0 0 0 0 0 0 0 0 2 3 4 6 7 5 9 10 8 11 
1 1 1 0 0 0 0 0 0 0 0 0 0 2 3 4 6 7 5 9 10 11 8 
1 1 1 0 0 0 0 0 0 0 0 0 0 2 3 4 6 7 5 9 11 8 10 
1 1 1 0 0 0 0 0 0 0 0 0 0 2 3 4 6 7 5 9 11 10 8 
1 1 1 0 0 0 0 0 0 0 0 0 0 2 3 4 6 7 5 10 8 9 11 
1 1 1 0 0 0 0 0 0 0 0 0 0 2 3 4 6 7 5 10 8 11 9 
1 1 1 0 0 0 0 0 0 0 0 0 0 2 3 4 6 7 5 10 9 8 11 
1 1 1 0 0 0 0 0 0 0 0 0 0 2 3 4 6 7 5 10 9 11 8 
1 1 1 0 0 0 0 0 0 0 0 0 0 2 3 4 6 7 5 10 11 8 9 
1 1 1 0 0 0 0 0 0 0 0 0 0 2 3 4 6 7 5 10 11 9 8 
1 1 1 0 0 0 0 0 0 0 0 0 0 2 3 4 6 7 5 11 8 9 10 
1 1 1 0 0 0 0 0 0 0 0 0 0 2 3 4 6 7 5 11 8 10 9 
1 1 1 0 0 0 0 0 0 0 0 0 0 2 3 4 6 7 5 11 9 8 10 
1 1 1 0 0 0 0 0 0 0 0 0 0 2 3 4 6 7 5 11 9 10 8 
1 1 1 0 0 0 0 0 0 0 0 0 0 2 3 4 6 7 5 11 10 8 9 
1 1 1 0 0 0 0 0 0 0 0 0 0 2 3 4 6 7 5 11 10 9 8 
1 1 1 0 0 0 0 0 0 0 0 0 0 2 3 4 6 7 8 5 9 10 11 
1 1 1 0 0 0 0 0 0 0 0 0 0 2 3 4 6 7 8 5 9 11 10 
1 1 1 0 0 0 0 0 0 0 0 0 0 2 3 4 6 7 8 5 10 9 11 
1 1 1 0 0 0 0 0 0 0 0 0 0 2 3 4 6 7 8 5 10 11 9 
1 1 1 0 0 0 0 0 0 0 0 0 0 2 3 4 6 7 8 5 11 9 10 
1 1 1 0 0 0 0 0 0 0 0 0 0 2 3 4 6 7 8 5 11 10 9 
1 1 1 0 0 0 0 0 0 0 0 0 0 2 3 4 6 7 8 9 5 10 11 
1 1 1 0 0 0 0 0 0 0 0 0 0 2 3 4 6 7 8 9 5 11 10 
1 1 1 0 0 0 0 0 0 0 0 0 0 2 3 4 6 7 8 9 10 5 11 
1 1 1 0 0 0 0 0 0 0 0 0 0 2 3 4 6 7 8 9 10 11 5 
1 1 1 0 0 0 0 0 0 0 0 0 0 2 3 4 6 7 8 9 11 5 10 
1 1 1 0 0 0 0 0 0 0 0 0 0 2 3 4 6 7 8 9 11 10 5 
1 1 1 0 0 0 0 0 0 0 0 0 0 2 3 4 6 7 8 10 5 9 11 
1 1 1 0 0 0 0 0 0 0 0 0 0 2 3 4 6 7 8 10 5 11 9 
1 1 1 0 0 0 0 0 0 0 0 0 0 2 3 4 6 7 8 10 9 5 11 
1 1 1 0 0 0 0 0 0 0 0 0 0 2 3 4 6 7 8 10 9 11 5 
1 1 1 0 0 0 0 0 0 0 0 0 0 2 3 4 6 7 8 10 11 5 9 
1 1 1 0 0 0 0 0 0 0 0 0 0 2 3 4 6 7 8 10 11 9 5 
1 1 1 0 0 0 0 0 0 0 0 0 0 2 3 4 6 7 8 11 5 9 10 
1 1 1 0 0 0 0 0 0 0 0 0 0 2 3 4 6 7 8 11 5 10 9 
1 1 1 0 0 0 0 0 0 0 0 0 0 2 3 4 6 7 8 11 9 5 10 
1 1 1 0 0 0 0 0 0 0 0 0 0 2 3 4 6 7 8 11 9 10 5 
1 1 1 0 0 0 0 0 0 0 0 0 0 2 3 4 6 7 8 11 10 5 9 
1 1 1 0 0 0 0 0 0 0 0 0 0 2 3 4 6 7 8 11 10 9 5 
1 1 1 0 0 0 0 0 0 0 0 0 0 2 3 4 6 7 9 5 8 10 11 
1 1 1 0 0 0 0 0 0 0 0 0 0 2 3 4 6 7 9 5 8 11 10 
1 1 1 0 0 0 0 0 0 0 0 0 0 2 3 4 6 7 9 5 10 8 11 
1 1 1 0 0 0 0 0 0 0 0 0 0 2 3 4 6 7 9 5 10 11 8 
1 1 1 0 0 0 0 0 0 0 0 0 0 2 3 4 6 7 9 5 11 8 10 
1 1 1 0 0 0 0 0 0 0 0 0 0 2 3 4 6 7 9 5 11 10 8 
1 1 1 0 0 0 0 0 0 0 0 0 0 2 3 4 6 7 9 8 5 10 11 
1 1 1 0 0 0 0 0 0 0 0 0 0 2 3 4 6 7 9 8 5 11 10 
1 1 1 0 0 0 0 0 0 0 0 0 0 2 3 4 6 7 9 8 10 5 11 
1 1 1 0 0 0 0 0 0 0 0 0 0 2 3 4 6 7 9 8 10 11 5 
1 1 1 0 0 0 0 0 0 0 0 0 0 2 3 4 6 7 9 8 11 5 10 
1 1 1 0 0 0 0 0 0 0 0 0 0 2 3 4 6 7 9 8 11 10 5 
1 1 1 0 0 0 0 0 0 0 0 0 0 2 3 4 6 7 9 10 5 8 11 
1 1 1 0 0 0 0 0 0 0 0 0 0 2 3 4 6 7 9 10 5 11 8 
1 1 1 0 0 0 0 0 0 0 0 0 0 2 3 4 6 7 9 10 8 5 11 
1 1 1 0 0 0 0 0 0 0 0 0 0 2 3 4 6 7 9 10 8 11 5 
1 1 1 0 0 0 0 0 0 0 0 0 0 2 3 4 6 7 9 10 11 5 8 
1 1 1 0 0 0 0 0 0 0 0 0 0 2 3 4 6 7 9 10 11 8 5 
1 1 1 0 0 0 0 0 0 0 0 0 0 2 3 4 6 7 9 11 5 8 10 
1 1 1 0 0 0 0 0 0 0 0 0 0 2 3 4 6 7 9 11 5 10 8 
1 1 1 0 0 0 0 0 0 0 0 0 0 2 3 4 6 7 9 11 8 5 10 
1 1 1 0 0 0 0 0 0 0 0 0 0 2 3 4 6 7 9 11 8 10 5 
1 1 1 0 0 0 0 0 0 0 0 0 0 2 3 4 6 7 9 11 10 5 8 
1 1 1 0 0 0 0 0 0 0 0 0 0 2 3 4 6 7 9 11 10 8 5 
1 1 1 0 0 0 0 0 0 0 0 0 0 2 3 4 6 7 10 5 8 9 11 
1 1 1 0 0 0 0 0 0 0 0 0 0 2 3 4 6 7 10 5 8 11 9 
1 1 1 0 0 0 0 0 0 0 0 0 0 2 3 4 6 7 10 5 9 8 11 
1 1 1 0 0 0 0 0 0 0 0 0 0 2 3 4 6 7 10 5 9 11 8 
1 1 1 0 0 0 0 0 0 0 0 0 0 2 3 4 6 7 10 5 11 8 9 
1 1 1 0 0 0 0 0 0 0 0 0 0 2 3 4 6 7 10 5 11 9 8 
1 1 1 0 0 0 0 0 0 0 0 0 0 2 3 4 6 7 10 8 5 9 11 
1 1 1 0 0 0 0 0 0 0 0 0 0 2 3 4 6 7 10 8 5 11 9 
1 1 1 0 0 0 0 0 0 0 0 0 0 2 3 4 6 7 10 8 9 5 11 
1 1 1 0 0 0 0 0 0 0 0 0 0 2 3 4 6 7 10 8 9 11 5 
1 1 1 0 0 0 0 0 0 0 0 0 0 2 3 4 6 7 10 8 11 5 9 
1 1 1 0 0 0 0 0 0 0 0 0 0 2 3 4 6 7 10 8 11 9 5 
1 1 1 0 0 0 0 0 0 0 0 0 0 2 3 4 6 7 10 9 5 8 11 
1 1 1 0 0 0 0 0 0 0 0 0 0 2 3 4 6 7 10 9 5 11 8 
1 1 1 0 0 0 0 0 0 0 0 0 0 2 3 4 6 7 10 9 8 5 11 
1 1 1 0 0 0 0 0 0 0 0 0 0 2 3 4 6 7 10 9 8 11 5 
1 1 1 0 0 0 0 0 0 0 0 0 0 2 3 4 6 7 10 9 11 5 8 
1 1 1 0 0 0 0 0 0 0 0 0 0 2 3 4 6 7 10 9 11 8 5 
1 1 1 0 0 0 0 0 0 0 0 0 0 2 3 4 6 7 10 11 5 8 9 
1 1 1 0 0 0 0 0 0 0 0 0 0 2 3 4 6 7 10 11 5 9 8 
1 1 1 0 0 0 0 0 0 0 0 0 0 2 3 4 6 7 10 11 8 5 9 
1 1 1 0 0 0 0 0 0 0 0 0 0 2 3 4 6 7 10 11 8 9 5 
1 1 1 0 0 0 0 0 0 0 0 0 0 2 3 4 6 7 10 11 9 5 8 
1 1 1 0 0 0 0 0 0 0 0 0 0 2 3 4 6 7 10 11 9 8 5 
1 1 1 0 0 0 0 0 0 0 0 0 0 2 3 4 6 7 11 5 8 9 10 
1 1 1 0 0 0 0 0 0 0 0 0 0 2 3 4 6 7 11 5 8 10 9 
1 1 1 0 0 0 0 0 0 0 0 0 0 2 3 4 6 7 11 5 9 8 10 
1 1 1 0 0 0 0 0 0 0 0 0 0 2 3 4 6 7 11 5 9 10 8 
1 1 1 0 0 0 0 0 0 0 0 0 0 2 3 4 6 7 11 5 10 8 9 
1 1 1 0 0 0 0 0 0 0 0 0 0 2 3 4 6 7 11 5 10 9 8 
1 1 1 0 0 0 0 0 0 0 0 0 0 2 3 4 6 7 11 8 5 9 10 
1 1 1 0 0 0 0 0 0 0 0 0 0 2 3 4 6 7 11 8 5 10 9 
1 1 1 0 0 0 0 0 0 0 0 0 0 2 3 4 6 7 11 8 9 5 10 
1 1 1 0 0 0 0 0 0 0 0 0 0 2 3 4 6 7 11 8 9 10 5 
1 1 1 0 0 0 0 0 0 0 0 0 0 2 3 4 6 7 11 8 10 5 9 
1 1 1 0 0 0 0 0 0 0 0 0 0 2 3 4 6 7 11 8 10 9 5 
1 1 1 0 0 0 0 0 0 0 0 0 0 2 3 4 6 7 11 9 5 8 10 
1 1 1 0 0 0 0 0 0 0 0 0 0 2 3 4 6 7 11 9 5 10 8 
1 1 1 0 0 0 0 0 0 0 0 0 0 2 3 4 6 7 11 9 8 5 10 
1 1 1 0 0 0 0 0 0 0 0 0 0 2 3 4 6 7 11 9 8 10 5 
1 1 1 0 0 0 0 0 0 0 0 0 0 2 3 4 6 7 11 9 10 5 8 
1 1 1 0 0 0 0 0 0 0 0 0 0 2 3 4 6 7 11 9 10 8 5 
1 1 1 0 0 0 0 0 0 0 0 0 0 2 3 4 6 7 11 10 5 8 9 
1 1 1 0 0 0 0 0 0 0 0 0 0 2 3 4 6 7 11 10 5 9 8 
1 1 1 0 0 0 0 0 0 0 0 0 0 2 3 4 6 7 11 10 8 5 9 
1 1 1 0 0 0 0 0 0 0 0 0 0 2 3 4 6 7 11 10 8 9 5 
1 1 1 0 0 0 0 0 0 0 0 0 0 2 3 4 6 7 11 10 9 5 8 
1 1 1 0 0 0 0 0 0 0 0 0 0 2 3 4 6 7 11 10 9 8 5 
1 1 1 0 0 0 0 0 0 0 0 0 0 2 3 4 6 8 5 7 9 10 11 
1 1 1 0 0 0 0 0 0 0 0 0 0 2 3 4 6 8 5 7 9 11 10 
1 1 1 0 0 0 0 0 0 0 0 0 0 2 3 4 6 8 5 7 10 9 11 
1 1 1 0 0 0 0 0 0 0 0 0 0 2 3 4 6 8 5 7 10 11 9 
1 1 1 0 0 0 0 0 0 0 0 0 0 2 3 4 6 8 5 7 11 9 10 
1 1 1 0 0 0 0 0 0 0 0 0 0 2 3 4 6 8 5 7 11 10 9 
1 1 1 0 0 0 0 0 0 0 0 0 0 2 3 4 6 8 5 9 7 10 11 
1 1 1 0 0 0 0 0 0 0 0 0 0 2 3 4 6 8 5 9 7 11 10 
1 1 1 0 0 0 0 0 0 0 0 0 0 2 3 4 6 8 5 9 10 7 11 
1 1 1 0 0 0 0 0 0 0 0 0 0 2 3 4 6 8 5 9 10 11 7 
1 1 1 0 0 0 0 0 0 0 0 0 0 2 3 4 6 8 5 9 11 7 10 
1 1 1 0 0 0 0 0 0 0 0 0 0 2 3 4 6 8 5 9 11 10 7 
1 1 1 0 0 0 0 0 0 0 0 0 0 2 3 4 6 8 5 10 7 9 11 
1 1 1 0 0 0 0 0 0 0 0 0 0 2 3 4 6 8 5 10 7 11 9 
1 1 1 0 0 0 0 0 0 0 0 0 0 2 3 4 6 8 5 10 9 7 11 
1 1 1 0 0 0 0 0 0 0 0 0 0 2 3 4 6 8 5 10 9 11 7 
1 1 1 0 0 0 0 0 0 0 0 0 0 2 3 4 6 8 5 10 11 7 9 
1 1 1 0 0 0 0 0 0 0 0 0 0 2 3 4 6 8 5 10 11 9 7 
1 1 1 0 0 0 0 0 0 0 0 0 0 2 3 4 6 8 5 11 7 9 10 
1 1 1 0 0 0 0 0 0 0 0 0 0 2 3 4 6 8 5 11 7 10 9 
1 1 1 0 0 0 0 0 0 0 0 0 0 2 3 4 6 8 5 11 9 7 10 
1 1 1 0 0 0 0 0 0 0 0 0 0 2 3 4 6 8 5 11 9 10 7 
1 1 1 0 0 0 0 0 0 0 0 0 0 2 3 4 6 8 5 11 10 7 9 
1 1 1 0 0 0 0 0 0 0 0 0 0 2 3 4 6 8 5 11 10 9 7 
1 1 1 0 0 0 0 0 0 0 0 0 0 2 3 4 6 8 7 5 9 10 11 
1 1 1 0 0 0 0 0 0 0 0 0 0 2 3 4 6 8 7 5 9 11 10 
1 1 1 0 0 0 0 0 0 0 0 0 0 2 3 4 6 8 7 5 10 9 11 
1 1 1 0 0 0 0 0 0 0 0 0 0 2 3 4 6 8 7 5 10 11 9 
1 1 1 0 0 0 0 0 0 0 0 0 0 2 3 4 6 8 7 5 11 9 10 
1 1 1 0 0 0 0 0 0 0 0 0 0 2 3 4 6 8 7 5 11 10 9 
1 1 1 0 0 0 0 0 0 0 0 0 0 2 3 4 6 8 7 9 5 10 11 
1 1 1 0 0 0 0 0 0 0 0 0 0 2 3 4 6 8 7 9 5 11 10 
1 1 1 0 0 0 0 0 0 0 0 0 0 2 3 4 6 8 7 9 10 5 11 
1 1 1 0 0 0 0 0 0 0 0 0 0 2 3 4 6 8 7 9 10 11 5 
1 1 1 0 0 0 0 0 0 0 0 0 0 2 3 4 6 8 7 9 11 5 10 
1 1 1 0 0 0 0 0 0 0 0 0 0 2 3 4 6 8 7 9 11 10 5 
1 1 1 0 0 0 0 0 0 0 0 0 0 2 3 4 6 8 7 10 5 9 11 
1 1 1 0 0 0 0 0 0 0 0 0 0 2 3 4 6 8 7 10 5 11 9 
1 1 1 0 0 0 0 0 0 0 0 0 0 2 3 4 6 8 7 10 9 5 11 
1 1 1 0 0 0 0 0 0 0 0 0 0 2 3 4 6 8 7 10 9 11 5 
