1 1 1 1 1 1 1 1 1 1 1 1 1 1 0 0 0 0 0 0 0 0 0 2 2 3 3 3 3 3 3 4 5 6 7 8 9 10 11 12 
1 1 1 1 1 1 1 1 1 1 1 1 1 1 0 0 0 0 0 0 0 0 0 2 2 3 3 3 3 3 3 4 5 6 7 8 9 10 12 11 
1 1 1 1 1 1 1 1 1 1 1 1 1 1 0 0 0 0 0 0 0 0 0 2 2 3 3 3 3 3 3 4 5 6 7 8 9 11 10 12 
1 1 1 1 1 1 1 1 1 1 1 1 1 1 0 0 0 0 0 0 0 0 0 2 2 3 3 3 3 3 3 4 5 6 7 8 9 11 12 10 
1 1 1 1 1 1 1 1 1 1 1 1 1 1 0 0 0 0 0 0 0 0 0 2 2 3 3 3 3 3 3 4 5 6 7 8 9 12 10 11 
1 1 1 1 1 1 1 1 1 1 1 1 1 1 0 0 0 0 0 0 0 0 0 2 2 3 3 3 3 3 3 4 5 6 7 8 9 12 11 10 
1 1 1 1 1 1 1 1 1 1 1 1 1 1 0 0 0 0 0 0 0 0 0 2 2 3 3 3 3 3 3 4 5 6 7 8 10 9 11 12 
1 1 1 1 1 1 1 1 1 1 1 1 1 1 0 0 0 0 0 0 0 0 0 2 2 3 3 3 3 3 3 4 5 6 7 8 10 9 12 11 
1 1 1 1 1 1 1 1 1 1 1 1 1 1 0 0 0 0 0 0 0 0 0 2 2 3 3 3 3 3 3 4 5 6 7 8 10 11 9 12 
1 1 1 1 1 1 1 1 1 1 1 1 1 1 0 0 0 0 0 0 0 0 0 2 2 3 3 3 3 3 3 4 5 6 7 8 10 11 12 9 
1 1 1 1 1 1 1 1 1 1 1 1 1 1 0 0 0 0 0 0 0 0 0 2 2 3 3 3 3 3 3 4 5 6 7 8 10 12 9 11 
1 1 1 1 1 1 1 1 1 1 1 1 1 1 0 0 0 0 0 0 0 0 0 2 2 3 3 3 3 3 3 4 5 6 7 8 10 12 11 9 
1 1 1 1 1 1 1 1 1 1 1 1 1 1 0 0 0 0 0 0 0 0 0 2 2 3 3 3 3 3 3 4 5 6 7 8 11 9 10 12 
1 1 1 1 1 1 1 1 1 1 1 1 1 1 0 0 0 0 0 0 0 0 0 2 2 3 3 3 3 3 3 4 5 6 7 8 11 9 12 10 
1 1 1 1 1 1 1 1 1 1 1 1 1 1 0 0 0 0 0 0 0 0 0 2 2 3 3 3 3 3 3 4 5 6 7 8 11 10 9 12 
1 1 1 1 1 1 1 1 1 1 1 1 1 1 0 0 0 0 0 0 0 0 0 2 2 3 3 3 3 3 3 4 5 6 7 8 11 10 12 9 
1 1 1 1 1 1 1 1 1 1 1 1 1 1 0 0 0 0 0 0 0 0 0 2 2 3 3 3 3 3 3 4 5 6 7 8 11 12 9 10 
1 1 1 1 1 1 1 1 1 1 1 1 1 1 0 0 0 0 0 0 0 0 0 2 2 3 3 3 3 3 3 4 5 6 7 8 11 12 10 9 
1 1 1 1 1 1 1 1 1 1 1 1 1 1 0 0 0 0 0 0 0 0 0 2 2 3 3 3 3 3 3 4 5 6 7 8 12 9 10 11 
1 1 1 1 1 1 1 1 1 1 1 1 1 1 0 0 0 0 0 0 0 0 0 2 2 3 3 3 3 3 3 4 5 6 7 8 12 9 11 10 
1 1 1 1 1 1 1 1 1 1 1 1 1 1 0 0 0 0 0 0 0 0 0 2 2 3 3 3 3 3 3 4 5 6 7 8 12 10 9 11 
1 1 1 1 1 1 1 1 1 1 1 1 1 1 0 0 0 0 0 0 0 0 0 2 2 3 3 3 3 3 3 4 5 6 7 8 12 10 11 9 
1 1 1 1 1 1 1 1 1 1 1 1 1 1 0 0 0 0 0 0 0 0 0 2 2 3 3 3 3 3 3 4 5 6 7 8 12 11 9 10 
1 1 1 1 1 1 1 1 1 1 1 1 1 1 0 0 0 0 0 0 0 0 0 2 2 3 3 3 3 3 3 4 5 6 7 8 12 11 10 9 
1 1 1 1 1 1 1 1 1 1 1 1 1 1 0 0 0 0 0 0 0 0 0 2 2 3 3 3 3 3 3 4 5 6 7 9 8 10 11 12 
1 1 1 1 1 1 1 1 1 1 1 1 1 1 0 0 0 0 0 0 0 0 0 2 2 3 3 3 3 3 3 4 5 6 7 9 8 10 12 11 
1 1 1 1 1 1 1 1 1 1 1 1 1 1 0 0 0 0 0 0 0 0 0 2 2 3 3 3 3 3 3 4 5 6 7 9 8 11 10 12 
1 1 1 1 1 1 1 1 1 1 1 1 1 1 0 0 0 0 0 0 0 0 0 2 2 3 3 3 3 3 3 4 5 6 7 9 8 11 12 10 
1 1 1 1 1 1 1 1 1 1 1 1 1 1 0 0 0 0 0 0 0 0 0 2 2 3 3 3 3 3 3 4 5 6 7 9 8 12 10 11 
1 1 1 1 1 1 1 1 1 1 1 1 1 1 0 0 0 0 0 0 0 0 0 2 2 3 3 3 3 3 3 4 5 6 7 9 8 12 11 10 
1 1 1 1 1 1 1 1 1 1 1 1 1 1 0 0 0 0 0 0 0 0 0 2 2 3 3 3 3 3 3 4 5 6 7 9 10 8 11 12 
1 1 1 1 1 1 1 1 1 1 1 1 1 1 0 0 0 0 0 0 0 0 0 2 2 3 3 3 3 3 3 4 5 6 7 9 10 8 12 11 
1 1 1 1 1 1 1 1 1 1 1 1 1 1 0 0 0 0 0 0 0 0 0 2 2 3 3 3 3 3 3 4 5 6 7 9 10 11 8 12 
1 1 1 1 1 1 1 1 1 1 1 1 1 1 0 0 0 0 0 0 0 0 0 2 2 3 3 3 3 3 3 4 5 6 7 9 10 11 12 8 
1 1 1 1 1 1 1 1 1 1 1 1 1 1 0 0 0 0 0 0 0 0 0 2 2 3 3 3 3 3 3 4 5 6 7 9 10 12 8 11 
1 1 1 1 1 1 1 1 1 1 1 1 1 1 0 0 0 0 0 0 0 0 0 2 2 3 3 3 3 3 3 4 5 6 7 9 10 12 11 8 
1 1 1 1 1 1 1 1 1 1 1 1 1 1 0 0 0 0 0 0 0 0 0 2 2 3 3 3 3 3 3 4 5 6 7 9 11 8 10 12 
1 1 1 1 1 1 1 1 1 1 1 1 1 1 0 0 0 0 0 0 0 0 0 2 2 3 3 3 3 3 3 4 5 6 7 9 11 8 12 10 
1 1 1 1 1 1 1 1 1 1 1 1 1 1 0 0 0 0 0 0 0 0 0 2 2 3 3 3 3 3 3 4 5 6 7 9 11 10 8 12 
1 1 1 1 1 1 1 1 1 1 1 1 1 1 0 0 0 0 0 0 0 0 0 2 2 3 3 3 3 3 3 4 5 6 7 9 11 10 12 8 
1 1 1 1 1 1 1 1 1 1 1 1 1 1 0 0 0 0 0 0 0 0 0 2 2 3 3 3 3 3 3 4 5 6 7 9 11 12 8 10 
1 1 1 1 1 1 1 1 1 1 1 1 1 1 0 0 0 0 0 0 0 0 0 2 2 3 3 3 3 3 3 4 5 6 7 9 11 12 10 8 
1 1 1 1 1 1 1 1 1 1 1 1 1 1 0 0 0 0 0 0 0 0 0 2 2 3 3 3 3 3 3 4 5 6 7 9 12 8 10 11 
1 1 1 1 1 1 1 1 1 1 1 1 1 1 0 0 0 0 0 0 0 0 0 2 2 3 3 3 3 3 3 4 5 6 7 9 12 8 11 10 
1 1 1 1 1 1 1 1 1 1 1 1 1 1 0 0 0 0 0 0 0 0 0 2 2 3 3 3 3 3 3 4 5 6 7 9 12 10 8 11 
1 1 1 1 1 1 1 1 1 1 1 1 1 1 0 0 0 0 0 0 0 0 0 2 2 3 3 3 3 3 3 4 5 6 7 9 12 10 11 8 
1 1 1 1 1 1 1 1 1 1 1 1 1 1 0 0 0 0 0 0 0 0 0 2 2 3 3 3 3 3 3 4 5 6 7 9 12 11 8 10 
1 1 1 1 1 1 1 1 1 1 1 1 1 1 0 0 0 0 0 0 0 0 0 2 2 3 3 3 3 3 3 4 5 6 7 9 12 11 10 8 
1 1 1 1 1 1 1 1 1 1 1 1 1 1 0 0 0 0 0 0 0 0 0 2 2 3 3 3 3 3 3 4 5 6 7 10 8 9 11 12 
1 1 1 1 1 1 1 1 1 1 1 1 1 1 0 0 0 0 0 0 0 0 0 2 2 3 3 3 3 3 3 4 5 6 7 10 8 9 12 11 
1 1 1 1 1 1 1 1 1 1 1 1 1 1 0 0 0 0 0 0 0 0 0 2 2 3 3 3 3 3 3 4 5 6 7 10 8 11 9 12 
1 1 1 1 1 1 1 1 1 1 1 1 1 1 0 0 0 0 0 0 0 0 0 2 2 3 3 3 3 3 3 4 5 6 7 10 8 11 12 9 
1 1 1 1 1 1 1 1 1 1 1 1 1 1 0 0 0 0 0 0 0 0 0 2 2 3 3 3 3 3 3 4 5 6 7 10 8 12 9 11 
1 1 1 1 1 1 1 1 1 1 1 1 1 1 0 0 0 0 0 0 0 0 0 2 2 3 3 3 3 3 3 4 5 6 7 10 8 12 11 9 
1 1 1 1 1 1 1 1 1 1 1 1 1 1 0 0 0 0 0 0 0 0 0 2 2 3 3 3 3 3 3 4 5 6 7 10 9 8 11 12 
1 1 1 1 1 1 1 1 1 1 1 1 1 1 0 0 0 0 0 0 0 0 0 2 2 3 3 3 3 3 3 4 5 6 7 10 9 8 12 11 
1 1 1 1 1 1 1 1 1 1 1 1 1 1 0 0 0 0 0 0 0 0 0 2 2 3 3 3 3 3 3 4 5 6 7 10 9 11 8 12 
1 1 1 1 1 1 1 1 1 1 1 1 1 1 0 0 0 0 0 0 0 0 0 2 2 3 3 3 3 3 3 4 5 6 7 10 9 11 12 8 
1 1 1 1 1 1 1 1 1 1 1 1 1 1 0 0 0 0 0 0 0 0 0 2 2 3 3 3 3 3 3 4 5 6 7 10 9 12 8 11 
1 1 1 1 1 1 1 1 1 1 1 1 1 1 0 0 0 0 0 0 0 0 0 2 2 3 3 3 3 3 3 4 5 6 7 10 9 12 11 8 
1 1 1 1 1 1 1 1 1 1 1 1 1 1 0 0 0 0 0 0 0 0 0 2 2 3 3 3 3 3 3 4 5 6 7 10 11 8 9 12 
1 1 1 1 1 1 1 1 1 1 1 1 1 1 0 0 0 0 0 0 0 0 0 2 2 3 3 3 3 3 3 4 5 6 7 10 11 8 12 9 
1 1 1 1 1 1 1 1 1 1 1 1 1 1 0 0 0 0 0 0 0 0 0 2 2 3 3 3 3 3 3 4 5 6 7 10 11 9 8 12 
1 1 1 1 1 1 1 1 1 1 1 1 1 1 0 0 0 0 0 0 0 0 0 2 2 3 3 3 3 3 3 4 5 6 7 10 11 9 12 8 
1 1 1 1 1 1 1 1 1 1 1 1 1 1 0 0 0 0 0 0 0 0 0 2 2 3 3 3 3 3 3 4 5 6 7 10 11 12 8 9 
1 1 1 1 1 1 1 1 1 1 1 1 1 1 0 0 0 0 0 0 0 0 0 2 2 3 3 3 3 3 3 4 5 6 7 10 11 12 9 8 
1 1 1 1 1 1 1 1 1 1 1 1 1 1 0 0 0 0 0 0 0 0 0 2 2 3 3 3 3 3 3 4 5 6 7 10 12 8 9 11 
1 1 1 1 1 1 1 1 1 1 1 1 1 1 0 0 0 0 0 0 0 0 0 2 2 3 3 3 3 3 3 4 5 6 7 10 12 8 11 9 
1 1 1 1 1 1 1 1 1 1 1 1 1 1 0 0 0 0 0 0 0 0 0 2 2 3 3 3 3 3 3 4 5 6 7 10 12 9 8 11 
1 1 1 1 1 1 1 1 1 1 1 1 1 1 0 0 0 0 0 0 0 0 0 2 2 3 3 3 3 3 3 4 5 6 7 10 12 9 11 8 
1 1 1 1 1 1 1 1 1 1 1 1 1 1 0 0 0 0 0 0 0 0 0 2 2 3 3 3 3 3 3 4 5 6 7 10 12 11 8 9 
1 1 1 1 1 1 1 1 1 1 1 1 1 1 0 0 0 0 0 0 0 0 0 2 2 3 3 3 3 3 3 4 5 6 7 10 12 11 9 8 
1 1 1 1 1 1 1 1 1 1 1 1 1 1 0 0 0 0 0 0 0 0 0 2 2 3 3 3 3 3 3 4 5 6 7 11 8 9 10 12 
1 1 1 1 1 1 1 1 1 1 1 1 1 1 0 0 0 0 0 0 0 0 0 2 2 3 3 3 3 3 3 4 5 6 7 11 8 9 12 10 
1 1 1 1 1 1 1 1 1 1 1 1 1 1 0 0 0 0 0 0 0 0 0 2 2 3 3 3 3 3 3 4 5 6 7 11 8 10 9 12 
1 1 1 1 1 1 1 1 1 1 1 1 1 1 0 0 0 0 0 0 0 0 0 2 2 3 3 3 3 3 3 4 5 6 7 11 8 10 12 9 
1 1 1 1 1 1 1 1 1 1 1 1 1 1 0 0 0 0 0 0 0 0 0 2 2 3 3 3 3 3 3 4 5 6 7 11 8 12 9 10 
1 1 1 1 1 1 1 1 1 1 1 1 1 1 0 0 0 0 0 0 0 0 0 2 2 3 3 3 3 3 3 4 5 6 7 11 8 12 10 9 
1 1 1 1 1 1 1 1 1 1 1 1 1 1 0 0 0 0 0 0 0 0 0 2 2 3 3 3 3 3 3 4 5 6 7 11 9 8 10 12 
1 1 1 1 1 1 1 1 1 1 1 1 1 1 0 0 0 0 0 0 0 0 0 2 2 3 3 3 3 3 3 4 5 6 7 11 9 8 12 10 
1 1 1 1 1 1 1 1 1 1 1 1 1 1 0 0 0 0 0 0 0 0 0 2 2 3 3 3 3 3 3 4 5 6 7 11 9 10 8 12 
1 1 1 1 1 1 1 1 1 1 1 1 1 1 0 0 0 0 0 0 0 0 0 2 2 3 3 3 3 3 3 4 5 6 7 11 9 10 12 8 
1 1 1 1 1 1 1 1 1 1 1 1 1 1 0 0 0 0 0 0 0 0 0 2 2 3 3 3 3 3 3 4 5 6 7 11 9 12 8 10 
1 1 1 1 1 1 1 1 1 1 1 1 1 1 0 0 0 0 0 0 0 0 0 2 2 3 3 3 3 3 3 4 5 6 7 11 9 12 10 8 
1 1 1 1 1 1 1 1 1 1 1 1 1 1 0 0 0 0 0 0 0 0 0 2 2 3 3 3 3 3 3 4 5 6 7 11 10 8 9 12 
1 1 1 1 1 1 1 1 1 1 1 1 1 1 0 0 0 0 0 0 0 0 0 2 2 3 3 3 3 3 3 4 5 6 7 11 10 8 12 9 
1 1 1 1 1 1 1 1 1 1 1 1 1 1 0 0 0 0 0 0 0 0 0 2 2 3 3 3 3 3 3 4 5 6 7 11 10 9 8 12 
1 1 1 1 1 1 1 1 1 1 1 1 1 1 0 0 0 0 0 0 0 0 0 2 2 3 3 3 3 3 3 4 5 6 7 11 10 9 12 8 
1 1 1 1 1 1 1 1 1 1 1 1 1 1 0 0 0 0 0 0 0 0 0 2 2 3 3 3 3 3 3 4 5 6 7 11 10 12 8 9 
1 1 1 1 1 1 1 1 1 1 1 1 1 1 0 0 0 0 0 0 0 0 0 2 2 3 3 3 3 3 3 4 5 6 7 11 10 12 9 8 
1 1 1 1 1 1 1 1 1 1 1 1 1 1 0 0 0 0 0 0 0 0 0 2 2 3 3 3 3 3 3 4 5 6 7 11 12 8 9 10 
1 1 1 1 1 1 1 1 1 1 1 1 1 1 0 0 0 0 0 0 0 0 0 2 2 3 3 3 3 3 3 4 5 6 7 11 12 8 10 9 
1 1 1 1 1 1 1 1 1 1 1 1 1 1 0 0 0 0 0 0 0 0 0 2 2 3 3 3 3 3 3 4 5 6 7 11 12 9 8 10 
1 1 1 1 1 1 1 1 1 1 1 1 1 1 0 0 0 0 0 0 0 0 0 2 2 3 3 3 3 3 3 4 5 6 7 11 12 9 10 8 
1 1 1 1 1 1 1 1 1 1 1 1 1 1 0 0 0 0 0 0 0 0 0 2 2 3 3 3 3 3 3 4 5 6 7 11 12 10 8 9 
1 1 1 1 1 1 1 1 1 1 1 1 1 1 0 0 0 0 0 0 0 0 0 2 2 3 3 3 3 3 3 4 5 6 7 11 12 10 9 8 
1 1 1 1 1 1 1 1 1 1 1 1 1 1 0 0 0 0 0 0 0 0 0 2 2 3 3 3 3 3 3 4 5 6 7 12 8 9 10 11 
1 1 1 1 1 1 1 1 1 1 1 1 1 1 0 0 0 0 0 0 0 0 0 2 2 3 3 3 3 3 3 4 5 6 7 12 8 9 11 10 
1 1 1 1 1 1 1 1 1 1 1 1 1 1 0 0 0 0 0 0 0 0 0 2 2 3 3 3 3 3 3 4 5 6 7 12 8 10 9 11 
1 1 1 1 1 1 1 1 1 1 1 1 1 1 0 0 0 0 0 0 0 0 0 2 2 3 3 3 3 3 3 4 5 6 7 12 8 10 11 9 
1 1 1 1 1 1 1 1 1 1 1 1 1 1 0 0 0 0 0 0 0 0 0 2 2 3 3 3 3 3 3 4 5 6 7 12 8 11 9 10 
1 1 1 1 1 1 1 1 1 1 1 1 1 1 0 0 0 0 0 0 0 0 0 2 2 3 3 3 3 3 3 4 5 6 7 12 8 11 10 9 
1 1 1 1 1 1 1 1 1 1 1 1 1 1 0 0 0 0 0 0 0 0 0 2 2 3 3 3 3 3 3 4 5 6 7 12 9 8 10 11 
1 1 1 1 1 1 1 1 1 1 1 1 1 1 0 0 0 0 0 0 0 0 0 2 2 3 3 3 3 3 3 4 5 6 7 12 9 8 11 10 
1 1 1 1 1 1 1 1 1 1 1 1 1 1 0 0 0 0 0 0 0 0 0 2 2 3 3 3 3 3 3 4 5 6 7 12 9 10 8 11 
1 1 1 1 1 1 1 1 1 1 1 1 1 1 0 0 0 0 0 0 0 0 0 2 2 3 3 3 3 3 3 4 5 6 7 12 9 10 11 8 
1 1 1 1 1 1 1 1 1 1 1 1 1 1 0 0 0 0 0 0 0 0 0 2 2 3 3 3 3 3 3 4 5 6 7 12 9 11 8 10 
1 1 1 1 1 1 1 1 1 1 1 1 1 1 0 0 0 0 0 0 0 0 0 2 2 3 3 3 3 3 3 4 5 6 7 12 9 11 10 8 
1 1 1 1 1 1 1 1 1 1 1 1 1 1 0 0 0 0 0 0 0 0 0 2 2 3 3 3 3 3 3 4 5 6 7 12 10 8 9 11 
1 1 1 1 1 1 1 1 1 1 1 1 1 1 0 0 0 0 0 0 0 0 0 2 2 3 3 3 3 3 3 4 5 6 7 12 10 8 11 9 
1 1 1 1 1 1 1 1 1 1 1 1 1 1 0 0 0 0 0 0 0 0 0 2 2 3 3 3 3 3 3 4 5 6 7 12 10 9 8 11 
1 1 1 1 1 1 1 1 1 1 1 1 1 1 0 0 0 0 0 0 0 0 0 2 2 3 3 3 3 3 3 4 5 6 7 12 10 9 11 8 
1 1 1 1 1 1 1 1 1 1 1 1 1 1 0 0 0 0 0 0 0 0 0 2 2 3 3 3 3 3 3 4 5 6 7 12 10 11 8 9 
1 1 1 1 1 1 1 1 1 1 1 1 1 1 0 0 0 0 0 0 0 0 0 2 2 3 3 3 3 3 3 4 5 6 7 12 10 11 9 8 
1 1 1 1 1 1 1 1 1 1 1 1 1 1 0 0 0 0 0 0 0 0 0 2 2 3 3 3 3 3 3 4 5 6 7 12 11 8 9 10 
1 1 1 1 1 1 1 1 1 1 1 1 1 1 0 0 0 0 0 0 0 0 0 2 2 3 3 3 3 3 3 4 5 6 7 12 11 8 10 9 
1 1 1 1 1 1 1 1 1 1 1 1 1 1 0 0 0 0 0 0 0 0 0 2 2 3 3 3 3 3 3 4 5 6 7 12 11 9 8 10 
1 1 1 1 1 1 1 1 1 1 1 1 1 1 0 0 0 0 0 0 0 0 0 2 2 3 3 3 3 3 3 4 5 6 7 12 11 9 10 8 
1 1 1 1 1 1 1 1 1 1 1 1 1 1 0 0 0 0 0 0 0 0 0 2 2 3 3 3 3 3 3 4 5 6 7 12 11 10 8 9 
1 1 1 1 1 1 1 1 1 1 1 1 1 1 0 0 0 0 0 0 0 0 0 2 2 3 3 3 3 3 3 4 5 6 7 12 11 10 9 8 
1 1 1 1 1 1 1 1 1 1 1 1 1 1 0 0 0 0 0 0 0 0 0 2 2 3 3 3 3 3 3 4 5 6 8 7 9 10 11 12 
1 1 1 1 1 1 1 1 1 1 1 1 1 1 0 0 0 0 0 0 0 0 0 2 2 3 3 3 3 3 3 4 5 6 8 7 9 10 12 11 
1 1 1 1 1 1 1 1 1 1 1 1 1 1 0 0 0 0 0 0 0 0 0 2 2 3 3 3 3 3 3 4 5 6 8 7 9 11 10 12 
1 1 1 1 1 1 1 1 1 1 1 1 1 1 0 0 0 0 0 0 0 0 0 2 2 3 3 3 3 3 3 4 5 6 8 7 9 11 12 10 
1 1 1 1 1 1 1 1 1 1 1 1 1 1 0 0 0 0 0 0 0 0 0 2 2 3 3 3 3 3 3 4 5 6 8 7 9 12 10 11 
1 1 1 1 1 1 1 1 1 1 1 1 1 1 0 0 0 0 0 0 0 0 0 2 2 3 3 3 3 3 3 4 5 6 8 7 9 12 11 10 
1 1 1 1 1 1 1 1 1 1 1 1 1 1 0 0 0 0 0 0 0 0 0 2 2 3 3 3 3 3 3 4 5 6 8 7 10 9 11 12 
1 1 1 1 1 1 1 1 1 1 1 1 1 1 0 0 0 0 0 0 0 0 0 2 2 3 3 3 3 3 3 4 5 6 8 7 10 9 12 11 
1 1 1 1 1 1 1 1 1 1 1 1 1 1 0 0 0 0 0 0 0 0 0 2 2 3 3 3 3 3 3 4 5 6 8 7 10 11 9 12 
1 1 1 1 1 1 1 1 1 1 1 1 1 1 0 0 0 0 0 0 0 0 0 2 2 3 3 3 3 3 3 4 5 6 8 7 10 11 12 9 
1 1 1 1 1 1 1 1 1 1 1 1 1 1 0 0 0 0 0 0 0 0 0 2 2 3 3 3 3 3 3 4 5 6 8 7 10 12 9 11 
1 1 1 1 1 1 1 1 1 1 1 1 1 1 0 0 0 0 0 0 0 0 0 2 2 3 3 3 3 3 3 4 5 6 8 7 10 12 11 9 
1 1 1 1 1 1 1 1 1 1 1 1 1 1 0 0 0 0 0 0 0 0 0 2 2 3 3 3 3 3 3 4 5 6 8 7 11 9 10 12 
1 1 1 1 1 1 1 1 1 1 1 1 1 1 0 0 0 0 0 0 0 0 0 2 2 3 3 3 3 3 3 4 5 6 8 7 11 9 12 10 
1 1 1 1 1 1 1 1 1 1 1 1 1 1 0 0 0 0 0 0 0 0 0 2 2 3 3 3 3 3 3 4 5 6 8 7 11 10 9 12 
1 1 1 1 1 1 1 1 1 1 1 1 1 1 0 0 0 0 0 0 0 0 0 2 2 3 3 3 3 3 3 4 5 6 8 7 11 10 12 9 
1 1 1 1 1 1 1 1 1 1 1 1 1 1 0 0 0 0 0 0 0 0 0 2 2 3 3 3 3 3 3 4 5 6 8 7 11 12 9 10 
1 1 1 1 1 1 1 1 1 1 1 1 1 1 0 0 0 0 0 0 0 0 0 2 2 3 3 3 3 3 3 4 5 6 8 7 11 12 10 9 
1 1 1 1 1 1 1 1 1 1 1 1 1 1 0 0 0 0 0 0 0 0 0 2 2 3 3 3 3 3 3 4 5 6 8 7 12 9 10 11 
1 1 1 1 1 1 1 1 1 1 1 1 1 1 0 0 0 0 0 0 0 0 0 2 2 3 3 3 3 3 3 4 5 6 8 7 12 9 11 10 
1 1 1 1 1 1 1 1 1 1 1 1 1 1 0 0 0 0 0 0 0 0 0 2 2 3 3 3 3 3 3 4 5 6 8 7 12 10 9 11 
1 1 1 1 1 1 1 1 1 1 1 1 1 1 0 0 0 0 0 0 0 0 0 2 2 3 3 3 3 3 3 4 5 6 8 7 12 10 11 9 
1 1 1 1 1 1 1 1 1 1 1 1 1 1 0 0 0 0 0 0 0 0 0 2 2 3 3 3 3 3 3 4 5 6 8 7 12 11 9 10 
1 1 1 1 1 1 1 1 1 1 1 1 1 1 0 0 0 0 0 0 0 0 0 2 2 3 3 3 3 3 3 4 5 6 8 7 12 11 10 9 
1 1 1 1 1 1 1 1 1 1 1 1 1 1 0 0 0 0 0 0 0 0 0 2 2 3 3 3 3 3 3 4 5 6 8 9 7 10 11 12 
1 1 1 1 1 1 1 1 1 1 1 1 1 1 0 0 0 0 0 0 0 0 0 2 2 3 3 3 3 3 3 4 5 6 8 9 7 10 12 11 
1 1 1 1 1 1 1 1 1 1 1 1 1 1 0 0 0 0 0 0 0 0 0 2 2 3 3 3 3 3 3 4 5 6 8 9 7 11 10 12 
1 1 1 1 1 1 1 1 1 1 1 1 1 1 0 0 0 0 0 0 0 0 0 2 2 3 3 3 3 3 3 4 5 6 8 9 7 11 12 10 
1 1 1 1 1 1 1 1 1 1 1 1 1 1 0 0 0 0 0 0 0 0 0 2 2 3 3 3 3 3 3 4 5 6 8 9 7 12 10 11 
1 1 1 1 1 1 1 1 1 1 1 1 1 1 0 0 0 0 0 0 0 0 0 2 2 3 3 3 3 3 3 4 5 6 8 9 7 12 11 10 
1 1 1 1 1 1 1 1 1 1 1 1 1 1 0 0 0 0 0 0 0 0 0 2 2 3 3 3 3 3 3 4 5 6 8 9 10 7 11 12 
1 1 1 1 1 1 1 1 1 1 1 1 1 1 0 0 0 0 0 0 0 0 0 2 2 3 3 3 3 3 3 4 5 6 8 9 10 7 12 11 
1 1 1 1 1 1 1 1 1 1 1 1 1 1 0 0 0 0 0 0 0 0 0 2 2 3 3 3 3 3 3 4 5 6 8 9 10 11 7 12 
1 1 1 1 1 1 1 1 1 1 1 1 1 1 0 0 0 0 0 0 0 0 0 2 2 3 3 3 3 3 3 4 5 6 8 9 10 11 12 7 
1 1 1 1 1 1 1 1 1 1 1 1 1 1 0 0 0 0 0 0 0 0 0 2 2 3 3 3 3 3 3 4 5 6 8 9 10 12 7 11 
1 1 1 1 1 1 1 1 1 1 1 1 1 1 0 0 0 0 0 0 0 0 0 2 2 3 3 3 3 3 3 4 5 6 8 9 10 12 11 7 
1 1 1 1 1 1 1 1 1 1 1 1 1 1 0 0 0 0 0 0 0 0 0 2 2 3 3 3 3 3 3 4 5 6 8 9 11 7 10 12 
1 1 1 1 1 1 1 1 1 1 1 1 1 1 0 0 0 0 0 0 0 0 0 2 2 3 3 3 3 3 3 4 5 6 8 9 11 7 12 10 
1 1 1 1 1 1 1 1 1 1 1 1 1 1 0 0 0 0 0 0 0 0 0 2 2 3 3 3 3 3 3 4 5 6 8 9 11 10 7 12 
1 1 1 1 1 1 1 1 1 1 1 1 1 1 0 0 0 0 0 0 0 0 0 2 2 3 3 3 3 3 3 4 5 6 8 9 11 10 12 7 
1 1 1 1 1 1 1 1 1 1 1 1 1 1 0 0 0 0 0 0 0 0 0 2 2 3 3 3 3 3 3 4 5 6 8 9 11 12 7 10 
1 1 1 1 1 1 1 1 1 1 1 1 1 1 0 0 0 0 0 0 0 0 0 2 2 3 3 3 3 3 3 4 5 6 8 9 11 12 10 7 
1 1 1 1 1 1 1 1 1 1 1 1 1 1 0 0 0 0 0 0 0 0 0 2 2 3 3 3 3 3 3 4 5 6 8 9 12 7 10 11 
1 1 1 1 1 1 1 1 1 1 1 1 1 1 0 0 0 0 0 0 0 0 0 2 2 3 3 3 3 3 3 4 5 6 8 9 12 7 11 10 
1 1 1 1 1 1 1 1 1 1 1 1 1 1 0 0 0 0 0 0 0 0 0 2 2 3 3 3 3 3 3 4 5 6 8 9 12 10 7 11 
1 1 1 1 1 1 1 1 1 1 1 1 1 1 0 0 0 0 0 0 0 0 0 2 2 3 3 3 3 3 3 4 5 6 8 9 12 10 11 7 
1 1 1 1 1 1 1 1 1 1 1 1 1 1 0 0 0 0 0 0 0 0 0 2 2 3 3 3 3 3 3 4 5 6 8 9 12 11 7 10 
1 1 1 1 1 1 1 1 1 1 1 1 1 1 0 0 0 0 0 0 0 0 0 2 2 3 3 3 3 3 3 4 5 6 8 9 12 11 10 7 
1 1 1 1 1 1 1 1 1 1 1 1 1 1 0 0 0 0 0 0 0 0 0 2 2 3 3 3 3 3 3 4 5 6 8 10 7 9 11 12 
1 1 1 1 1 1 1 1 1 1 1 1 1 1 0 0 0 0 0 0 0 0 0 2 2 3 3 3 3 3 3 4 5 6 8 10 7 9 12 11 
1 1 1 1 1 1 1 1 1 1 1 1 1 1 0 0 0 0 0 0 0 0 0 2 2 3 3 3 3 3 3 4 5 6 8 10 7 11 9 12 
1 1 1 1 1 1 1 1 1 1 1 1 1 1 0 0 0 0 0 0 0 0 0 2 2 3 3 3 3 3 3 4 5 6 8 10 7 11 12 9 
1 1 1 1 1 1 1 1 1 1 1 1 1 1 0 0 0 0 0 0 0 0 0 2 2 3 3 3 3 3 3 4 5 6 8 10 7 12 9 11 
1 1 1 1 1 1 1 1 1 1 1 1 1 1 0 0 0 0 0 0 0 0 0 2 2 3 3 3 3 3 3 4 5 6 8 10 7 12 11 9 
1 1 1 1 1 1 1 1 1 1 1 1 1 1 0 0 0 0 0 0 0 0 0 2 2 3 3 3 3 3 3 4 5 6 8 10 9 7 11 12 
1 1 1 1 1 1 1 1 1 1 1 1 1 1 0 0 0 0 0 0 0 0 0 2 2 3 3 3 3 3 3 4 5 6 8 10 9 7 12 11 
1 1 1 1 1 1 1 1 1 1 1 1 1 1 0 0 0 0 0 0 0 0 0 2 2 3 3 3 3 3 3 4 5 6 8 10 9 11 7 12 
1 1 1 1 1 1 1 1 1 1 1 1 1 1 0 0 0 0 0 0 0 0 0 2 2 3 3 3 3 3 3 4 5 6 8 10 9 11 12 7 
1 1 1 1 1 1 1 1 1 1 1 1 1 1 0 0 0 0 0 0 0 0 0 2 2 3 3 3 3 3 3 4 5 6 8 10 9 12 7 11 
1 1 1 1 1 1 1 1 1 1 1 1 1 1 0 0 0 0 0 0 0 0 0 2 2 3 3 3 3 3 3 4 5 6 8 10 9 12 11 7 
1 1 1 1 1 1 1 1 1 1 1 1 1 1 0 0 0 0 0 0 0 0 0 2 2 3 3 3 3 3 3 4 5 6 8 10 11 7 9 12 
1 1 1 1 1 1 1 1 1 1 1 1 1 1 0 0 0 0 0 0 0 0 0 2 2 3 3 3 3 3 3 4 5 6 8 10 11 7 12 9 
1 1 1 1 1 1 1 1 1 1 1 1 1 1 0 0 0 0 0 0 0 0 0 2 2 3 3 3 3 3 3 4 5 6 8 10 11 9 7 12 
1 1 1 1 1 1 1 1 1 1 1 1 1 1 0 0 0 0 0 0 0 0 0 2 2 3 3 3 3 3 3 4 5 6 8 10 11 9 12 7 
1 1 1 1 1 1 1 1 1 1 1 1 1 1 0 0 0 0 0 0 0 0 0 2 2 3 3 3 3 3 3 4 5 6 8 10 11 12 7 9 
1 1 1 1 1 1 1 1 1 1 1 1 1 1 0 0 0 0 0 0 0 0 0 2 2 3 3 3 3 3 3 4 5 6 8 10 11 12 9 7 
1 1 1 1 1 1 1 1 1 1 1 1 1 1 0 0 0 0 0 0 0 0 0 2 2 3 3 3 3 3 3 4 5 6 8 10 12 7 9 11 
1 1 1 1 1 1 1 1 1 1 1 1 1 1 0 0 0 0 0 0 0 0 0 2 2 3 3 3 3 3 3 4 5 6 8 10 12 7 11 9 
1 1 1 1 1 1 1 1 1 1 1 1 1 1 0 0 0 0 0 0 0 0 0 2 2 3 3 3 3 3 3 4 5 6 8 10 12 9 7 11 
1 1 1 1 1 1 1 1 1 1 1 1 1 1 0 0 0 0 0 0 0 0 0 2 2 3 3 3 3 3 3 4 5 6 8 10 12 9 11 7 
1 1 1 1 1 1 1 1 1 1 1 1 1 1 0 0 0 0 0 0 0 0 0 2 2 3 3 3 3 3 3 4 5 6 8 10 12 11 7 9 
1 1 1 1 1 1 1 1 1 1 1 1 1 1 0 0 0 0 0 0 0 0 0 2 2 3 3 3 3 3 3 4 5 6 8 10 12 11 9 7 
1 1 1 1 1 1 1 1 1 1 1 1 1 1 0 0 0 0 0 0 0 0 0 2 2 3 3 3 3 3 3 4 5 6 8 11 7 9 10 12 
1 1 1 1 1 1 1 1 1 1 1 1 1 1 0 0 0 0 0 0 0 0 0 2 2 3 3 3 3 3 3 4 5 6 8 11 7 9 12 10 
1 1 1 1 1 1 1 1 1 1 1 1 1 1 0 0 0 0 0 0 0 0 0 2 2 3 3 3 3 3 3 4 5 6 8 11 7 10 9 12 
1 1 1 1 1 1 1 1 1 1 1 1 1 1 0 0 0 0 0 0 0 0 0 2 2 3 3 3 3 3 3 4 5 6 8 11 7 10 12 9 
1 1 1 1 1 1 1 1 1 1 1 1 1 1 0 0 0 0 0 0 0 0 0 2 2 3 3 3 3 3 3 4 5 6 8 11 7 12 9 10 
1 1 1 1 1 1 1 1 1 1 1 1 1 1 0 0 0 0 0 0 0 0 0 2 2 3 3 3 3 3 3 4 5 6 8 11 7 12 10 9 
1 1 1 1 1 1 1 1 1 1 1 1 1 1 0 0 0 0 0 0 0 0 0 2 2 3 3 3 3 3 3 4 5 6 8 11 9 7 10 12 
1 1 1 1 1 1 1 1 1 1 1 1 1 1 0 0 0 0 0 0 0 0 0 2 2 3 3 3 3 3 3 4 5 6 8 11 9 7 12 10 
1 1 1 1 1 1 1 1 1 1 1 1 1 1 0 0 0 0 0 0 0 0 0 2 2 3 3 3 3 3 3 4 5 6 8 11 9 10 7 12 
1 1 1 1 1 1 1 1 1 1 1 1 1 1 0 0 0 0 0 0 0 0 0 2 2 3 3 3 3 3 3 4 5 6 8 11 9 10 12 7 
1 1 1 1 1 1 1 1 1 1 1 1 1 1 0 0 0 0 0 0 0 0 0 2 2 3 3 3 3 3 3 4 5 6 8 11 9 12 7 10 
1 1 1 1 1 1 1 1 1 1 1 1 1 1 0 0 0 0 0 0 0 0 0 2 2 3 3 3 3 3 3 4 5 6 8 11 9 12 10 7 
1 1 1 1 1 1 1 1 1 1 1 1 1 1 0 0 0 0 0 0 0 0 0 2 2 3 3 3 3 3 3 4 5 6 8 11 10 7 9 12 
1 1 1 1 1 1 1 1 1 1 1 1 1 1 0 0 0 0 0 0 0 0 0 2 2 3 3 3 3 3 3 4 5 6 8 11 10 7 12 9 
1 1 1 1 1 1 1 1 1 1 1 1 1 1 0 0 0 0 0 0 0 0 0 2 2 3 3 3 3 3 3 4 5 6 8 11 10 9 7 12 
1 1 1 1 1 1 1 1 1 1 1 1 1 1 0 0 0 0 0 0 0 0 0 2 2 3 3 3 3 3 3 4 5 6 8 11 10 9 12 7 
1 1 1 1 1 1 1 1 1 1 1 1 1 1 0 0 0 0 0 0 0 0 0 2 2 3 3 3 3 3 3 4 5 6 8 11 10 12 7 9 
1 1 1 1 1 1 1 1 1 1 1 1 1 1 0 0 0 0 0 0 0 0 0 2 2 3 3 3 3 3 3 4 5 6 8 11 10 12 9 7 
1 1 1 1 1 1 1 1 1 1 1 1 1 1 0 0 0 0 0 0 0 0 0 2 2 3 3 3 3 3 3 4 5 6 8 11 12 7 9 10 
1 1 1 1 1 1 1 1 1 1 1 1 1 1 0 0 0 0 0 0 0 0 0 2 2 3 3 3 3 3 3 4 5 6 8 11 12 7 10 9 
1 1 1 1 1 1 1 1 1 1 1 1 1 1 0 0 0 0 0 0 0 0 0 2 2 3 3 3 3 3 3 4 5 6 8 11 12 9 7 10 
1 1 1 1 1 1 1 1 1 1 1 1 1 1 0 0 0 0 0 0 0 0 0 2 2 3 3 3 3 3 3 4 5 6 8 11 12 9 10 7 
1 1 1 1 1 1 1 1 1 1 1 1 1 1 0 0 0 0 0 0 0 0 0 2 2 3 3 3 3 3 3 4 5 6 8 11 12 10 7 9 
1 1 1 1 1 1 1 1 1 1 1 1 1 1 0 0 0 0 0 0 0 0 0 2 2 3 3 3 3 3 3 4 5 6 8 11 12 10 9 7 
1 1 1 1 1 1 1 1 1 1 1 1 1 1 0 0 0 0 0 0 0 0 0 2 2 3 3 3 3 3 3 4 5 6 8 12 7 9 10 11 
1 1 1 1 1 1 1 1 1 1 1 1 1 1 0 0 0 0 0 0 0 0 0 2 2 3 3 3 3 3 3 4 5 6 8 12 7 9 11 10 
1 1 1 1 1 1 1 1 1 1 1 1 1 1 0 0 0 0 0 0 0 0 0 2 2 3 3 3 3 3 3 4 5 6 8 12 7 10 9 11 
1 1 1 1 1 1 1 1 1 1 1 1 1 1 0 0 0 0 0 0 0 0 0 2 2 3 3 3 3 3 3 4 5 6 8 12 7 10 11 9 
1 1 1 1 1 1 1 1 1 1 1 1 1 1 0 0 0 0 0 0 0 0 0 2 2 3 3 3 3 3 3 4 5 6 8 12 7 11 9 10 
1 1 1 1 1 1 1 1 1 1 1 1 1 1 0 0 0 0 0 0 0 0 0 2 2 3 3 3 3 3 3 4 5 6 8 12 7 11 10 9 
1 1 1 1 1 1 1 1 1 1 1 1 1 1 0 0 0 0 0 0 0 0 0 2 2 3 3 3 3 3 3 4 5 6 8 12 9 7 10 11 
1 1 1 1 1 1 1 1 1 1 1 1 1 1 0 0 0 0 0 0 0 0 0 2 2 3 3 3 3 3 3 4 5 6 8 12 9 7 11 10 
1 1 1 1 1 1 1 1 1 1 1 1 1 1 0 0 0 0 0 0 0 0 0 2 2 3 3 3 3 3 3 4 5 6 8 12 9 10 7 11 
1 1 1 1 1 1 1 1 1 1 1 1 1 1 0 0 0 0 0 0 0 0 0 2 2 3 3 3 3 3 3 4 5 6 8 12 9 10 11 7 
1 1 1 1 1 1 1 1 1 1 1 1 1 1 0 0 0 0 0 0 0 0 0 2 2 3 3 3 3 3 3 4 5 6 8 12 9 11 7 10 
1 1 1 1 1 1 1 1 1 1 1 1 1 1 0 0 0 0 0 0 0 0 0 2 2 3 3 3 3 3 3 4 5 6 8 12 9 11 10 7 
1 1 1 1 1 1 1 1 1 1 1 1 1 1 0 0 0 0 0 0 0 0 0 2 2 3 3 3 3 3 3 4 5 6 8 12 10 7 9 11 
1 1 1 1 1 1 1 1 1 1 1 1 1 1 0 0 0 0 0 0 0 0 0 2 2 3 3 3 3 3 3 4 5 6 8 12 10 7 11 9 
1 1 1 1 1 1 1 1 1 1 1 1 1 1 0 0 0 0 0 0 0 0 0 2 2 3 3 3 3 3 3 4 5 6 8 12 10 9 7 11 
1 1 1 1 1 1 1 1 1 1 1 1 1 1 0 0 0 0 0 0 0 0 0 2 2 3 3 3 3 3 3 4 5 6 8 12 10 9 11 7 
1 1 1 1 1 1 1 1 1 1 1 1 1 1 0 0 0 0 0 0 0 0 0 2 2 3 3 3 3 3 3 4 5 6 8 12 10 11 7 9 
1 1 1 1 1 1 1 1 1 1 1 1 1 1 0 0 0 0 0 0 0 0 0 2 2 3 3 3 3 3 3 4 5 6 8 12 10 11 9 7 
1 1 1 1 1 1 1 1 1 1 1 1 1 1 0 0 0 0 0 0 0 0 0 2 2 3 3 3 3 3 3 4 5 6 8 12 11 7 9 10 
1 1 1 1 1 1 1 1 1 1 1 1 1 1 0 0 0 0 0 0 0 0 0 2 2 3 3 3 3 3 3 4 5 6 8 12 11 7 10 9 
1 1 1 1 1 1 1 1 1 1 1 1 1 1 0 0 0 0 0 0 0 0 0 2 2 3 3 3 3 3 3 4 5 6 8 12 11 9 7 10 
1 1 1 1 1 1 1 1 1 1 1 1 1 1 0 0 0 0 0 0 0 0 0 2 2 3 3 3 3 3 3 4 5 6 8 12 11 9 10 7 
1 1 1 1 1 1 1 1 1 1 1 1 1 1 0 0 0 0 0 0 0 0 0 2 2 3 3 3 3 3 3 4 5 6 8 12 11 10 7 9 
1 1 1 1 1 1 1 1 1 1 1 1 1 1 0 0 0 0 0 0 0 0 0 2 2 3 3 3 3 3 3 4 5 6 8 12 11 10 9 7 
1 1 1 1 1 1 1 1 1 1 1 1 1 1 0 0 0 0 0 0 0 0 0 2 2 3 3 3 3 3 3 4 5 6 9 7 8 10 11 12 
1 1 1 1 1 1 1 1 1 1 1 1 1 1 0 0 0 0 0 0 0 0 0 2 2 3 3 3 3 3 3 4 5 6 9 7 8 10 12 11 
1 1 1 1 1 1 1 1 1 1 1 1 1 1 0 0 0 0 0 0 0 0 0 2 2 3 3 3 3 3 3 4 5 6 9 7 8 11 10 12 
1 1 1 1 1 1 1 1 1 1 1 1 1 1 0 0 0 0 0 0 0 0 0 2 2 3 3 3 3 3 3 4 5 6 9 7 8 11 12 10 
1 1 1 1 1 1 1 1 1 1 1 1 1 1 0 0 0 0 0 0 0 0 0 2 2 3 3 3 3 3 3 4 5 6 9 7 8 12 10 11 
1 1 1 1 1 1 1 1 1 1 1 1 1 1 0 0 0 0 0 0 0 0 0 2 2 3 3 3 3 3 3 4 5 6 9 7 8 12 11 10 
1 1 1 1 1 1 1 1 1 1 1 1 1 1 0 0 0 0 0 0 0 0 0 2 2 3 3 3 3 3 3 4 5 6 9 7 10 8 11 12 
1 1 1 1 1 1 1 1 1 1 1 1 1 1 0 0 0 0 0 0 0 0 0 2 2 3 3 3 3 3 3 4 5 6 9 7 10 8 12 11 
1 1 1 1 1 1 1 1 1 1 1 1 1 1 0 0 0 0 0 0 0 0 0 2 2 3 3 3 3 3 3 4 5 6 9 7 10 11 8 12 
1 1 1 1 1 1 1 1 1 1 1 1 1 1 0 0 0 0 0 0 0 0 0 2 2 3 3 3 3 3 3 4 5 6 9 7 10 11 12 8 
1 1 1 1 1 1 1 1 1 1 1 1 1 1 0 0 0 0 0 0 0 0 0 2 2 3 3 3 3 3 3 4 5 6 9 7 10 12 8 11 
1 1 1 1 1 1 1 1 1 1 1 1 1 1 0 0 0 0 0 0 0 0 0 2 2 3 3 3 3 3 3 4 5 6 9 7 10 12 11 8 
1 1 1 1 1 1 1 1 1 1 1 1 1 1 0 0 0 0 0 0 0 0 0 2 2 3 3 3 3 3 3 4 5 6 9 7 11 8 10 12 
1 1 1 1 1 1 1 1 1 1 1 1 1 1 0 0 0 0 0 0 0 0 0 2 2 3 3 3 3 3 3 4 5 6 9 7 11 8 12 10 
1 1 1 1 1 1 1 1 1 1 1 1 1 1 0 0 0 0 0 0 0 0 0 2 2 3 3 3 3 3 3 4 5 6 9 7 11 10 8 12 
1 1 1 1 1 1 1 1 1 1 1 1 1 1 0 0 0 0 0 0 0 0 0 2 2 3 3 3 3 3 3 4 5 6 9 7 11 10 12 8 
1 1 1 1 1 1 1 1 1 1 1 1 1 1 0 0 0 0 0 0 0 0 0 2 2 3 3 3 3 3 3 4 5 6 9 7 11 12 8 10 
1 1 1 1 1 1 1 1 1 1 1 1 1 1 0 0 0 0 0 0 0 0 0 2 2 3 3 3 3 3 3 4 5 6 9 7 11 12 10 8 
1 1 1 1 1 1 1 1 1 1 1 1 1 1 0 0 0 0 0 0 0 0 0 2 2 3 3 3 3 3 3 4 5 6 9 7 12 8 10 11 
1 1 1 1 1 1 1 1 1 1 1 1 1 1 0 0 0 0 0 0 0 0 0 2 2 3 3 3 3 3 3 4 5 6 9 7 12 8 11 10 
1 1 1 1 1 1 1 1 1 1 1 1 1 1 0 0 0 0 0 0 0 0 0 2 2 3 3 3 3 3 3 4 5 6 9 7 12 10 8 11 
1 1 1 1 1 1 1 1 1 1 1 1 1 1 0 0 0 0 0 0 0 0 0 2 2 3 3 3 3 3 3 4 5 6 9 7 12 10 11 8 
1 1 1 1 1 1 1 1 1 1 1 1 1 1 0 0 0 0 0 0 0 0 0 2 2 3 3 3 3 3 3 4 5 6 9 7 12 11 8 10 
1 1 1 1 1 1 1 1 1 1 1 1 1 1 0 0 0 0 0 0 0 0 0 2 2 3 3 3 3 3 3 4 5 6 9 7 12 11 10 8 
1 1 1 1 1 1 1 1 1 1 1 1 1 1 0 0 0 0 0 0 0 0 0 2 2 3 3 3 3 3 3 4 5 6 9 8 7 10 11 12 
1 1 1 1 1 1 1 1 1 1 1 1 1 1 0 0 0 0 0 0 0 0 0 2 2 3 3 3 3 3 3 4 5 6 9 8 7 10 12 11 
1 1 1 1 1 1 1 1 1 1 1 1 1 1 0 0 0 0 0 0 0 0 0 2 2 3 3 3 3 3 3 4 5 6 9 8 7 11 10 12 
1 1 1 1 1 1 1 1 1 1 1 1 1 1 0 0 0 0 0 0 0 0 0 2 2 3 3 3 3 3 3 4 5 6 9 8 7 11 12 10 
1 1 1 1 1 1 1 1 1 1 1 1 1 1 0 0 0 0 0 0 0 0 0 2 2 3 3 3 3 3 3 4 5 6 9 8 7 12 10 11 
1 1 1 1 1 1 1 1 1 1 1 1 1 1 0 0 0 0 0 0 0 0 0 2 2 3 3 3 3 3 3 4 5 6 9 8 7 12 11 10 
1 1 1 1 1 1 1 1 1 1 1 1 1 1 0 0 0 0 0 0 0 0 0 2 2 3 3 3 3 3 3 4 5 6 9 8 10 7 11 12 
1 1 1 1 1 1 1 1 1 1 1 1 1 1 0 0 0 0 0 0 0 0 0 2 2 3 3 3 3 3 3 4 5 6 9 8 10 7 12 11 
1 1 1 1 1 1 1 1 1 1 1 1 1 1 0 0 0 0 0 0 0 0 0 2 2 3 3 3 3 3 3 4 5 6 9 8 10 11 7 12 
1 1 1 1 1 1 1 1 1 1 1 1 1 1 0 0 0 0 0 0 0 0 0 2 2 3 3 3 3 3 3 4 5 6 9 8 10 11 12 7 
1 1 1 1 1 1 1 1 1 1 1 1 1 1 0 0 0 0 0 0 0 0 0 2 2 3 3 3 3 3 3 4 5 6 9 8 10 12 7 11 
1 1 1 1 1 1 1 1 1 1 1 1 1 1 0 0 0 0 0 0 0 0 0 2 2 3 3 3 3 3 3 4 5 6 9 8 10 12 11 7 
1 1 1 1 1 1 1 1 1 1 1 1 1 1 0 0 0 0 0 0 0 0 0 2 2 3 3 3 3 3 3 4 5 6 9 8 11 7 10 12 
1 1 1 1 1 1 1 1 1 1 1 1 1 1 0 0 0 0 0 0 0 0 0 2 2 3 3 3 3 3 3 4 5 6 9 8 11 7 12 10 
1 1 1 1 1 1 1 1 1 1 1 1 1 1 0 0 0 0 0 0 0 0 0 2 2 3 3 3 3 3 3 4 5 6 9 8 11 10 7 12 
1 1 1 1 1 1 1 1 1 1 1 1 1 1 0 0 0 0 0 0 0 0 0 2 2 3 3 3 3 3 3 4 5 6 9 8 11 10 12 7 
1 1 1 1 1 1 1 1 1 1 1 1 1 1 0 0 0 0 0 0 0 0 0 2 2 3 3 3 3 3 3 4 5 6 9 8 11 12 7 10 
1 1 1 1 1 1 1 1 1 1 1 1 1 1 0 0 0 0 0 0 0 0 0 2 2 3 3 3 3 3 3 4 5 6 9 8 11 12 10 7 
1 1 1 1 1 1 1 1 1 1 1 1 1 1 0 0 0 0 0 0 0 0 0 2 2 3 3 3 3 3 3 4 5 6 9 8 12 7 10 11 
1 1 1 1 1 1 1 1 1 1 1 1 1 1 0 0 0 0 0 0 0 0 0 2 2 3 3 3 3 3 3 4 5 6 9 8 12 7 11 10 
1 1 1 1 1 1 1 1 1 1 1 1 1 1 0 0 0 0 0 0 0 0 0 2 2 3 3 3 3 3 3 4 5 6 9 8 12 10 7 11 
1 1 1 1 1 1 1 1 1 1 1 1 1 1 0 0 0 0 0 0 0 0 0 2 2 3 3 3 3 3 3 4 5 6 9 8 12 10 11 7 
1 1 1 1 1 1 1 1 1 1 1 1 1 1 0 0 0 0 0 0 0 0 0 2 2 3 3 3 3 3 3 4 5 6 9 8 12 11 7 10 
1 1 1 1 1 1 1 1 1 1 1 1 1 1 0 0 0 0 0 0 0 0 0 2 2 3 3 3 3 3 3 4 5 6 9 8 12 11 10 7 
1 1 1 1 1 1 1 1 1 1 1 1 1 1 0 0 0 0 0 0 0 0 0 2 2 3 3 3 3 3 3 4 5 6 9 10 7 8 11 12 
1 1 1 1 1 1 1 1 1 1 1 1 1 1 0 0 0 0 0 0 0 0 0 2 2 3 3 3 3 3 3 4 5 6 9 10 7 8 12 11 
1 1 1 1 1 1 1 1 1 1 1 1 1 1 0 0 0 0 0 0 0 0 0 2 2 3 3 3 3 3 3 4 5 6 9 10 7 11 8 12 
1 1 1 1 1 1 1 1 1 1 1 1 1 1 0 0 0 0 0 0 0 0 0 2 2 3 3 3 3 3 3 4 5 6 9 10 7 11 12 8 
1 1 1 1 1 1 1 1 1 1 1 1 1 1 0 0 0 0 0 0 0 0 0 2 2 3 3 3 3 3 3 4 5 6 9 10 7 12 8 11 
1 1 1 1 1 1 1 1 1 1 1 1 1 1 0 0 0 0 0 0 0 0 0 2 2 3 3 3 3 3 3 4 5 6 9 10 7 12 11 8 
1 1 1 1 1 1 1 1 1 1 1 1 1 1 0 0 0 0 0 0 0 0 0 2 2 3 3 3 3 3 3 4 5 6 9 10 8 7 11 12 
1 1 1 1 1 1 1 1 1 1 1 1 1 1 0 0 0 0 0 0 0 0 0 2 2 3 3 3 3 3 3 4 5 6 9 10 8 7 12 11 
1 1 1 1 1 1 1 1 1 1 1 1 1 1 0 0 0 0 0 0 0 0 0 2 2 3 3 3 3 3 3 4 5 6 9 10 8 11 7 12 
1 1 1 1 1 1 1 1 1 1 1 1 1 1 0 0 0 0 0 0 0 0 0 2 2 3 3 3 3 3 3 4 5 6 9 10 8 11 12 7 
1 1 1 1 1 1 1 1 1 1 1 1 1 1 0 0 0 0 0 0 0 0 0 2 2 3 3 3 3 3 3 4 5 6 9 10 8 12 7 11 
1 1 1 1 1 1 1 1 1 1 1 1 1 1 0 0 0 0 0 0 0 0 0 2 2 3 3 3 3 3 3 4 5 6 9 10 8 12 11 7 
1 1 1 1 1 1 1 1 1 1 1 1 1 1 0 0 0 0 0 0 0 0 0 2 2 3 3 3 3 3 3 4 5 6 9 10 11 7 8 12 
1 1 1 1 1 1 1 1 1 1 1 1 1 1 0 0 0 0 0 0 0 0 0 2 2 3 3 3 3 3 3 4 5 6 9 10 11 7 12 8 
1 1 1 1 1 1 1 1 1 1 1 1 1 1 0 0 0 0 0 0 0 0 0 2 2 3 3 3 3 3 3 4 5 6 9 10 11 8 7 12 
1 1 1 1 1 1 1 1 1 1 1 1 1 1 0 0 0 0 0 0 0 0 0 2 2 3 3 3 3 3 3 4 5 6 9 10 11 8 12 7 
1 1 1 1 1 1 1 1 1 1 1 1 1 1 0 0 0 0 0 0 0 0 0 2 2 3 3 3 3 3 3 4 5 6 9 10 11 12 7 8 
1 1 1 1 1 1 1 1 1 1 1 1 1 1 0 0 0 0 0 0 0 0 0 2 2 3 3 3 3 3 3 4 5 6 9 10 11 12 8 7 
1 1 1 1 1 1 1 1 1 1 1 1 1 1 0 0 0 0 0 0 0 0 0 2 2 3 3 3 3 3 3 4 5 6 9 10 12 7 8 11 
1 1 1 1 1 1 1 1 1 1 1 1 1 1 0 0 0 0 0 0 0 0 0 2 2 3 3 3 3 3 3 4 5 6 9 10 12 7 11 8 
1 1 1 1 1 1 1 1 1 1 1 1 1 1 0 0 0 0 0 0 0 0 0 2 2 3 3 3 3 3 3 4 5 6 9 10 12 8 7 11 
1 1 1 1 1 1 1 1 1 1 1 1 1 1 0 0 0 0 0 0 0 0 0 2 2 3 3 3 3 3 3 4 5 6 9 10 12 8 11 7 
1 1 1 1 1 1 1 1 1 1 1 1 1 1 0 0 0 0 0 0 0 0 0 2 2 3 3 3 3 3 3 4 5 6 9 10 12 11 7 8 
1 1 1 1 1 1 1 1 1 1 1 1 1 1 0 0 0 0 0 0 0 0 0 2 2 3 3 3 3 3 3 4 5 6 9 10 12 11 8 7 
1 1 1 1 1 1 1 1 1 1 1 1 1 1 0 0 0 0 0 0 0 0 0 2 2 3 3 3 3 3 3 4 5 6 9 11 7 8 10 12 
1 1 1 1 1 1 1 1 1 1 1 1 1 1 0 0 0 0 0 0 0 0 0 2 2 3 3 3 3 3 3 4 5 6 9 11 7 8 12 10 
1 1 1 1 1 1 1 1 1 1 1 1 1 1 0 0 0 0 0 0 0 0 0 2 2 3 3 3 3 3 3 4 5 6 9 11 7 10 8 12 
1 1 1 1 1 1 1 1 1 1 1 1 1 1 0 0 0 0 0 0 0 0 0 2 2 3 3 3 3 3 3 4 5 6 9 11 7 10 12 8 
1 1 1 1 1 1 1 1 1 1 1 1 1 1 0 0 0 0 0 0 0 0 0 2 2 3 3 3 3 3 3 4 5 6 9 11 7 12 8 10 
1 1 1 1 1 1 1 1 1 1 1 1 1 1 0 0 0 0 0 0 0 0 0 2 2 3 3 3 3 3 3 4 5 6 9 11 7 12 10 8 
1 1 1 1 1 1 1 1 1 1 1 1 1 1 0 0 0 0 0 0 0 0 0 2 2 3 3 3 3 3 3 4 5 6 9 11 8 7 10 12 
1 1 1 1 1 1 1 1 1 1 1 1 1 1 0 0 0 0 0 0 0 0 0 2 2 3 3 3 3 3 3 4 5 6 9 11 8 7 12 10 
1 1 1 1 1 1 1 1 1 1 1 1 1 1 0 0 0 0 0 0 0 0 0 2 2 3 3 3 3 3 3 4 5 6 9 11 8 10 7 12 
1 1 1 1 1 1 1 1 1 1 1 1 1 1 0 0 0 0 0 0 0 0 0 2 2 3 3 3 3 3 3 4 5 6 9 11 8 10 12 7 
1 1 1 1 1 1 1 1 1 1 1 1 1 1 0 0 0 0 0 0 0 0 0 2 2 3 3 3 3 3 3 4 5 6 9 11 8 12 7 10 
1 1 1 1 1 1 1 1 1 1 1 1 1 1 0 0 0 0 0 0 0 0 0 2 2 3 3 3 3 3 3 4 5 6 9 11 8 12 10 7 
1 1 1 1 1 1 1 1 1 1 1 1 1 1 0 0 0 0 0 0 0 0 0 2 2 3 3 3 3 3 3 4 5 6 9 11 10 7 8 12 
1 1 1 1 1 1 1 1 1 1 1 1 1 1 0 0 0 0 0 0 0 0 0 2 2 3 3 3 3 3 3 4 5 6 9 11 10 7 12 8 
1 1 1 1 1 1 1 1 1 1 1 1 1 1 0 0 0 0 0 0 0 0 0 2 2 3 3 3 3 3 3 4 5 6 9 11 10 8 7 12 
1 1 1 1 1 1 1 1 1 1 1 1 1 1 0 0 0 0 0 0 0 0 0 2 2 3 3 3 3 3 3 4 5 6 9 11 10 8 12 7 
1 1 1 1 1 1 1 1 1 1 1 1 1 1 0 0 0 0 0 0 0 0 0 2 2 3 3 3 3 3 3 4 5 6 9 11 10 12 7 8 
1 1 1 1 1 1 1 1 1 1 1 1 1 1 0 0 0 0 0 0 0 0 0 2 2 3 3 3 3 3 3 4 5 6 9 11 10 12 8 7 
1 1 1 1 1 1 1 1 1 1 1 1 1 1 0 0 0 0 0 0 0 0 0 2 2 3 3 3 3 3 3 4 5 6 9 11 12 7 8 10 
1 1 1 1 1 1 1 1 1 1 1 1 1 1 0 0 0 0 0 0 0 0 0 2 2 3 3 3 3 3 3 4 5 6 9 11 12 7 10 8 
1 1 1 1 1 1 1 1 1 1 1 1 1 1 0 0 0 0 0 0 0 0 0 2 2 3 3 3 3 3 3 4 5 6 9 11 12 8 7 10 
1 1 1 1 1 1 1 1 1 1 1 1 1 1 0 0 0 0 0 0 0 0 0 2 2 3 3 3 3 3 3 4 5 6 9 11 12 8 10 7 
1 1 1 1 1 1 1 1 1 1 1 1 1 1 0 0 0 0 0 0 0 0 0 2 2 3 3 3 3 3 3 4 5 6 9 11 12 10 7 8 
1 1 1 1 1 1 1 1 1 1 1 1 1 1 0 0 0 0 0 0 0 0 0 2 2 3 3 3 3 3 3 4 5 6 9 11 12 10 8 7 
1 1 1 1 1 1 1 1 1 1 1 1 1 1 0 0 0 0 0 0 0 0 0 2 2 3 3 3 3 3 3 4 5 6 9 12 7 8 10 11 
1 1 1 1 1 1 1 1 1 1 1 1 1 1 0 0 0 0 0 0 0 0 0 2 2 3 3 3 3 3 3 4 5 6 9 12 7 8 11 10 
1 1 1 1 1 1 1 1 1 1 1 1 1 1 0 0 0 0 0 0 0 0 0 2 2 3 3 3 3 3 3 4 5 6 9 12 7 10 8 11 
1 1 1 1 1 1 1 1 1 1 1 1 1 1 0 0 0 0 0 0 0 0 0 2 2 3 3 3 3 3 3 4 5 6 9 12 7 10 11 8 
1 1 1 1 1 1 1 1 1 1 1 1 1 1 0 0 0 0 0 0 0 0 0 2 2 3 3 3 3 3 3 4 5 6 9 12 7 11 8 10 
1 1 1 1 1 1 1 1 1 1 1 1 1 1 0 0 0 0 0 0 0 0 0 2 2 3 3 3 3 3 3 4 5 6 9 12 7 11 10 8 
1 1 1 1 1 1 1 1 1 1 1 1 1 1 0 0 0 0 0 0 0 0 0 2 2 3 3 3 3 3 3 4 5 6 9 12 8 7 10 11 
1 1 1 1 1 1 1 1 1 1 1 1 1 1 0 0 0 0 0 0 0 0 0 2 2 3 3 3 3 3 3 4 5 6 9 12 8 7 11 10 
1 1 1 1 1 1 1 1 1 1 1 1 1 1 0 0 0 0 0 0 0 0 0 2 2 3 3 3 3 3 3 4 5 6 9 12 8 10 7 11 
1 1 1 1 1 1 1 1 1 1 1 1 1 1 0 0 0 0 0 0 0 0 0 2 2 3 3 3 3 3 3 4 5 6 9 12 8 10 11 7 
1 1 1 1 1 1 1 1 1 1 1 1 1 1 0 0 0 0 0 0 0 0 0 2 2 3 3 3 3 3 3 4 5 6 9 12 8 11 7 10 
1 1 1 1 1 1 1 1 1 1 1 1 1 1 0 0 0 0 0 0 0 0 0 2 2 3 3 3 3 3 3 4 5 6 9 12 8 11 10 7 
1 1 1 1 1 1 1 1 1 1 1 1 1 1 0 0 0 0 0 0 0 0 0 2 2 3 3 3 3 3 3 4 5 6 9 12 10 7 8 11 
1 1 1 1 1 1 1 1 1 1 1 1 1 1 0 0 0 0 0 0 0 0 0 2 2 3 3 3 3 3 3 4 5 6 9 12 10 7 11 8 
1 1 1 1 1 1 1 1 1 1 1 1 1 1 0 0 0 0 0 0 0 0 0 2 2 3 3 3 3 3 3 4 5 6 9 12 10 8 7 11 
1 1 1 1 1 1 1 1 1 1 1 1 1 1 0 0 0 0 0 0 0 0 0 2 2 3 3 3 3 3 3 4 5 6 9 12 10 8 11 7 
1 1 1 1 1 1 1 1 1 1 1 1 1 1 0 0 0 0 0 0 0 0 0 2 2 3 3 3 3 3 3 4 5 6 9 12 10 11 7 8 
1 1 1 1 1 1 1 1 1 1 1 1 1 1 0 0 0 0 0 0 0 0 0 2 2 3 3 3 3 3 3 4 5 6 9 12 10 11 8 7 
1 1 1 1 1 1 1 1 1 1 1 1 1 1 0 0 0 0 0 0 0 0 0 2 2 3 3 3 3 3 3 4 5 6 9 12 11 7 8 10 
1 1 1 1 1 1 1 1 1 1 1 1 1 1 0 0 0 0 0 0 0 0 0 2 2 3 3 3 3 3 3 4 5 6 9 12 11 7 10 8 
1 1 1 1 1 1 1 1 1 1 1 1 1 1 0 0 0 0 0 0 0 0 0 2 2 3 3 3 3 3 3 4 5 6 9 12 11 8 7 10 
1 1 1 1 1 1 1 1 1 1 1 1 1 1 0 0 0 0 0 0 0 0 0 2 2 3 3 3 3 3 3 4 5 6 9 12 11 8 10 7 
1 1 1 1 1 1 1 1 1 1 1 1 1 1 0 0 0 0 0 0 0 0 0 2 2 3 3 3 3 3 3 4 5 6 9 12 11 10 7 8 
1 1 1 1 1 1 1 1 1 1 1 1 1 1 0 0 0 0 0 0 0 0 0 2 2 3 3 3 3 3 3 4 5 6 9 12 11 10 8 7 
1 1 1 1 1 1 1 1 1 1 1 1 1 1 0 0 0 0 0 0 0 0 0 2 2 3 3 3 3 3 3 4 5 6 10 7 8 9 11 12 
1 1 1 1 1 1 1 1 1 1 1 1 1 1 0 0 0 0 0 0 0 0 0 2 2 3 3 3 3 3 3 4 5 6 10 7 8 9 12 11 
1 1 1 1 1 1 1 1 1 1 1 1 1 1 0 0 0 0 0 0 0 0 0 2 2 3 3 3 3 3 3 4 5 6 10 7 8 11 9 12 
1 1 1 1 1 1 1 1 1 1 1 1 1 1 0 0 0 0 0 0 0 0 0 2 2 3 3 3 3 3 3 4 5 6 10 7 8 11 12 9 
1 1 1 1 1 1 1 1 1 1 1 1 1 1 0 0 0 0 0 0 0 0 0 2 2 3 3 3 3 3 3 4 5 6 10 7 8 12 9 11 
1 1 1 1 1 1 1 1 1 1 1 1 1 1 0 0 0 0 0 0 0 0 0 2 2 3 3 3 3 3 3 4 5 6 10 7 8 12 11 9 
1 1 1 1 1 1 1 1 1 1 1 1 1 1 0 0 0 0 0 0 0 0 0 2 2 3 3 3 3 3 3 4 5 6 10 7 9 8 11 12 
1 1 1 1 1 1 1 1 1 1 1 1 1 1 0 0 0 0 0 0 0 0 0 2 2 3 3 3 3 3 3 4 5 6 10 7 9 8 12 11 
1 1 1 1 1 1 1 1 1 1 1 1 1 1 0 0 0 0 0 0 0 0 0 2 2 3 3 3 3 3 3 4 5 6 10 7 9 11 8 12 
1 1 1 1 1 1 1 1 1 1 1 1 1 1 0 0 0 0 0 0 0 0 0 2 2 3 3 3 3 3 3 4 5 6 10 7 9 11 12 8 
1 1 1 1 1 1 1 1 1 1 1 1 1 1 0 0 0 0 0 0 0 0 0 2 2 3 3 3 3 3 3 4 5 6 10 7 9 12 8 11 
1 1 1 1 1 1 1 1 1 1 1 1 1 1 0 0 0 0 0 0 0 0 0 2 2 3 3 3 3 3 3 4 5 6 10 7 9 12 11 8 
1 1 1 1 1 1 1 1 1 1 1 1 1 1 0 0 0 0 0 0 0 0 0 2 2 3 3 3 3 3 3 4 5 6 10 7 11 8 9 12 
1 1 1 1 1 1 1 1 1 1 1 1 1 1 0 0 0 0 0 0 0 0 0 2 2 3 3 3 3 3 3 4 5 6 10 7 11 8 12 9 
1 1 1 1 1 1 1 1 1 1 1 1 1 1 0 0 0 0 0 0 0 0 0 2 2 3 3 3 3 3 3 4 5 6 10 7 11 9 8 12 
1 1 1 1 1 1 1 1 1 1 1 1 1 1 0 0 0 0 0 0 0 0 0 2 2 3 3 3 3 3 3 4 5 6 10 7 11 9 12 8 
1 1 1 1 1 1 1 1 1 1 1 1 1 1 0 0 0 0 0 0 0 0 0 2 2 3 3 3 3 3 3 4 5 6 10 7 11 12 8 9 
1 1 1 1 1 1 1 1 1 1 1 1 1 1 0 0 0 0 0 0 0 0 0 2 2 3 3 3 3 3 3 4 5 6 10 7 11 12 9 8 
1 1 1 1 1 1 1 1 1 1 1 1 1 1 0 0 0 0 0 0 0 0 0 2 2 3 3 3 3 3 3 4 5 6 10 7 12 8 9 11 
1 1 1 1 1 1 1 1 1 1 1 1 1 1 0 0 0 0 0 0 0 0 0 2 2 3 3 3 3 3 3 4 5 6 10 7 12 8 11 9 
1 1 1 1 1 1 1 1 1 1 1 1 1 1 0 0 0 0 0 0 0 0 0 2 2 3 3 3 3 3 3 4 5 6 10 7 12 9 8 11 
1 1 1 1 1 1 1 1 1 1 1 1 1 1 0 0 0 0 0 0 0 0 0 2 2 3 3 3 3 3 3 4 5 6 10 7 12 9 11 8 
1 1 1 1 1 1 1 1 1 1 1 1 1 1 0 0 0 0 0 0 0 0 0 2 2 3 3 3 3 3 3 4 5 6 10 7 12 11 8 9 
1 1 1 1 1 1 1 1 1 1 1 1 1 1 0 0 0 0 0 0 0 0 0 2 2 3 3 3 3 3 3 4 5 6 10 7 12 11 9 8 
1 1 1 1 1 1 1 1 1 1 1 1 1 1 0 0 0 0 0 0 0 0 0 2 2 3 3 3 3 3 3 4 5 6 10 8 7 9 11 12 
1 1 1 1 1 1 1 1 1 1 1 1 1 1 0 0 0 0 0 0 0 0 0 2 2 3 3 3 3 3 3 4 5 6 10 8 7 9 12 11 
1 1 1 1 1 1 1 1 1 1 1 1 1 1 0 0 0 0 0 0 0 0 0 2 2 3 3 3 3 3 3 4 5 6 10 8 7 11 9 12 
1 1 1 1 1 1 1 1 1 1 1 1 1 1 0 0 0 0 0 0 0 0 0 2 2 3 3 3 3 3 3 4 5 6 10 8 7 11 12 9 
1 1 1 1 1 1 1 1 1 1 1 1 1 1 0 0 0 0 0 0 0 0 0 2 2 3 3 3 3 3 3 4 5 6 10 8 7 12 9 11 
1 1 1 1 1 1 1 1 1 1 1 1 1 1 0 0 0 0 0 0 0 0 0 2 2 3 3 3 3 3 3 4 5 6 10 8 7 12 11 9 
1 1 1 1 1 1 1 1 1 1 1 1 1 1 0 0 0 0 0 0 0 0 0 2 2 3 3 3 3 3 3 4 5 6 10 8 9 7 11 12 
1 1 1 1 1 1 1 1 1 1 1 1 1 1 0 0 0 0 0 0 0 0 0 2 2 3 3 3 3 3 3 4 5 6 10 8 9 7 12 11 
1 1 1 1 1 1 1 1 1 1 1 1 1 1 0 0 0 0 0 0 0 0 0 2 2 3 3 3 3 3 3 4 5 6 10 8 9 11 7 12 
1 1 1 1 1 1 1 1 1 1 1 1 1 1 0 0 0 0 0 0 0 0 0 2 2 3 3 3 3 3 3 4 5 6 10 8 9 11 12 7 
1 1 1 1 1 1 1 1 1 1 1 1 1 1 0 0 0 0 0 0 0 0 0 2 2 3 3 3 3 3 3 4 5 6 10 8 9 12 7 11 
1 1 1 1 1 1 1 1 1 1 1 1 1 1 0 0 0 0 0 0 0 0 0 2 2 3 3 3 3 3 3 4 5 6 10 8 9 12 11 7 
1 1 1 1 1 1 1 1 1 1 1 1 1 1 0 0 0 0 0 0 0 0 0 2 2 3 3 3 3 3 3 4 5 6 10 8 11 7 9 12 
1 1 1 1 1 1 1 1 1 1 1 1 1 1 0 0 0 0 0 0 0 0 0 2 2 3 3 3 3 3 3 4 5 6 10 8 11 7 12 9 
1 1 1 1 1 1 1 1 1 1 1 1 1 1 0 0 0 0 0 0 0 0 0 2 2 3 3 3 3 3 3 4 5 6 10 8 11 9 7 12 
1 1 1 1 1 1 1 1 1 1 1 1 1 1 0 0 0 0 0 0 0 0 0 2 2 3 3 3 3 3 3 4 5 6 10 8 11 9 12 7 
1 1 1 1 1 1 1 1 1 1 1 1 1 1 0 0 0 0 0 0 0 0 0 2 2 3 3 3 3 3 3 4 5 6 10 8 11 12 7 9 
1 1 1 1 1 1 1 1 1 1 1 1 1 1 0 0 0 0 0 0 0 0 0 2 2 3 3 3 3 3 3 4 5 6 10 8 11 12 9 7 
1 1 1 1 1 1 1 1 1 1 1 1 1 1 0 0 0 0 0 0 0 0 0 2 2 3 3 3 3 3 3 4 5 6 10 8 12 7 9 11 
1 1 1 1 1 1 1 1 1 1 1 1 1 1 0 0 0 0 0 0 0 0 0 2 2 3 3 3 3 3 3 4 5 6 10 8 12 7 11 9 
1 1 1 1 1 1 1 1 1 1 1 1 1 1 0 0 0 0 0 0 0 0 0 2 2 3 3 3 3 3 3 4 5 6 10 8 12 9 7 11 
1 1 1 1 1 1 1 1 1 1 1 1 1 1 0 0 0 0 0 0 0 0 0 2 2 3 3 3 3 3 3 4 5 6 10 8 12 9 11 7 
1 1 1 1 1 1 1 1 1 1 1 1 1 1 0 0 0 0 0 0 0 0 0 2 2 3 3 3 3 3 3 4 5 6 10 8 12 11 7 9 
1 1 1 1 1 1 1 1 1 1 1 1 1 1 0 0 0 0 0 0 0 0 0 2 2 3 3 3 3 3 3 4 5 6 10 8 12 11 9 7 
1 1 1 1 1 1 1 1 1 1 1 1 1 1 0 0 0 0 0 0 0 0 0 2 2 3 3 3 3 3 3 4 5 6 10 9 7 8 11 12 
1 1 1 1 1 1 1 1 1 1 1 1 1 1 0 0 0 0 0 0 0 0 0 2 2 3 3 3 3 3 3 4 5 6 10 9 7 8 12 11 
1 1 1 1 1 1 1 1 1 1 1 1 1 1 0 0 0 0 0 0 0 0 0 2 2 3 3 3 3 3 3 4 5 6 10 9 7 11 8 12 
1 1 1 1 1 1 1 1 1 1 1 1 1 1 0 0 0 0 0 0 0 0 0 2 2 3 3 3 3 3 3 4 5 6 10 9 7 11 12 8 
1 1 1 1 1 1 1 1 1 1 1 1 1 1 0 0 0 0 0 0 0 0 0 2 2 3 3 3 3 3 3 4 5 6 10 9 7 12 8 11 
1 1 1 1 1 1 1 1 1 1 1 1 1 1 0 0 0 0 0 0 0 0 0 2 2 3 3 3 3 3 3 4 5 6 10 9 7 12 11 8 
1 1 1 1 1 1 1 1 1 1 1 1 1 1 0 0 0 0 0 0 0 0 0 2 2 3 3 3 3 3 3 4 5 6 10 9 8 7 11 12 
1 1 1 1 1 1 1 1 1 1 1 1 1 1 0 0 0 0 0 0 0 0 0 2 2 3 3 3 3 3 3 4 5 6 10 9 8 7 12 11 
1 1 1 1 1 1 1 1 1 1 1 1 1 1 0 0 0 0 0 0 0 0 0 2 2 3 3 3 3 3 3 4 5 6 10 9 8 11 7 12 
1 1 1 1 1 1 1 1 1 1 1 1 1 1 0 0 0 0 0 0 0 0 0 2 2 3 3 3 3 3 3 4 5 6 10 9 8 11 12 7 
1 1 1 1 1 1 1 1 1 1 1 1 1 1 0 0 0 0 0 0 0 0 0 2 2 3 3 3 3 3 3 4 5 6 10 9 8 12 7 11 
1 1 1 1 1 1 1 1 1 1 1 1 1 1 0 0 0 0 0 0 0 0 0 2 2 3 3 3 3 3 3 4 5 6 10 9 8 12 11 7 
1 1 1 1 1 1 1 1 1 1 1 1 1 1 0 0 0 0 0 0 0 0 0 2 2 3 3 3 3 3 3 4 5 6 10 9 11 7 8 12 
1 1 1 1 1 1 1 1 1 1 1 1 1 1 0 0 0 0 0 0 0 0 0 2 2 3 3 3 3 3 3 4 5 6 10 9 11 7 12 8 
1 1 1 1 1 1 1 1 1 1 1 1 1 1 0 0 0 0 0 0 0 0 0 2 2 3 3 3 3 3 3 4 5 6 10 9 11 8 7 12 
1 1 1 1 1 1 1 1 1 1 1 1 1 1 0 0 0 0 0 0 0 0 0 2 2 3 3 3 3 3 3 4 5 6 10 9 11 8 12 7 
1 1 1 1 1 1 1 1 1 1 1 1 1 1 0 0 0 0 0 0 0 0 0 2 2 3 3 3 3 3 3 4 5 6 10 9 11 12 7 8 
1 1 1 1 1 1 1 1 1 1 1 1 1 1 0 0 0 0 0 0 0 0 0 2 2 3 3 3 3 3 3 4 5 6 10 9 11 12 8 7 
1 1 1 1 1 1 1 1 1 1 1 1 1 1 0 0 0 0 0 0 0 0 0 2 2 3 3 3 3 3 3 4 5 6 10 9 12 7 8 11 
1 1 1 1 1 1 1 1 1 1 1 1 1 1 0 0 0 0 0 0 0 0 0 2 2 3 3 3 3 3 3 4 5 6 10 9 12 7 11 8 
1 1 1 1 1 1 1 1 1 1 1 1 1 1 0 0 0 0 0 0 0 0 0 2 2 3 3 3 3 3 3 4 5 6 10 9 12 8 7 11 
1 1 1 1 1 1 1 1 1 1 1 1 1 1 0 0 0 0 0 0 0 0 0 2 2 3 3 3 3 3 3 4 5 6 10 9 12 8 11 7 
1 1 1 1 1 1 1 1 1 1 1 1 1 1 0 0 0 0 0 0 0 0 0 2 2 3 3 3 3 3 3 4 5 6 10 9 12 11 7 8 
1 1 1 1 1 1 1 1 1 1 1 1 1 1 0 0 0 0 0 0 0 0 0 2 2 3 3 3 3 3 3 4 5 6 10 9 12 11 8 7 
1 1 1 1 1 1 1 1 1 1 1 1 1 1 0 0 0 0 0 0 0 0 0 2 2 3 3 3 3 3 3 4 5 6 10 11 7 8 9 12 
1 1 1 1 1 1 1 1 1 1 1 1 1 1 0 0 0 0 0 0 0 0 0 2 2 3 3 3 3 3 3 4 5 6 10 11 7 8 12 9 
1 1 1 1 1 1 1 1 1 1 1 1 1 1 0 0 0 0 0 0 0 0 0 2 2 3 3 3 3 3 3 4 5 6 10 11 7 9 8 12 
1 1 1 1 1 1 1 1 1 1 1 1 1 1 0 0 0 0 0 0 0 0 0 2 2 3 3 3 3 3 3 4 5 6 10 11 7 9 12 8 
1 1 1 1 1 1 1 1 1 1 1 1 1 1 0 0 0 0 0 0 0 0 0 2 2 3 3 3 3 3 3 4 5 6 10 11 7 12 8 9 
1 1 1 1 1 1 1 1 1 1 1 1 1 1 0 0 0 0 0 0 0 0 0 2 2 3 3 3 3 3 3 4 5 6 10 11 7 12 9 8 
1 1 1 1 1 1 1 1 1 1 1 1 1 1 0 0 0 0 0 0 0 0 0 2 2 3 3 3 3 3 3 4 5 6 10 11 8 7 9 12 
1 1 1 1 1 1 1 1 1 1 1 1 1 1 0 0 0 0 0 0 0 0 0 2 2 3 3 3 3 3 3 4 5 6 10 11 8 7 12 9 
1 1 1 1 1 1 1 1 1 1 1 1 1 1 0 0 0 0 0 0 0 0 0 2 2 3 3 3 3 3 3 4 5 6 10 11 8 9 7 12 
1 1 1 1 1 1 1 1 1 1 1 1 1 1 0 0 0 0 0 0 0 0 0 2 2 3 3 3 3 3 3 4 5 6 10 11 8 9 12 7 
1 1 1 1 1 1 1 1 1 1 1 1 1 1 0 0 0 0 0 0 0 0 0 2 2 3 3 3 3 3 3 4 5 6 10 11 8 12 7 9 
1 1 1 1 1 1 1 1 1 1 1 1 1 1 0 0 0 0 0 0 0 0 0 2 2 3 3 3 3 3 3 4 5 6 10 11 8 12 9 7 
1 1 1 1 1 1 1 1 1 1 1 1 1 1 0 0 0 0 0 0 0 0 0 2 2 3 3 3 3 3 3 4 5 6 10 11 9 7 8 12 
1 1 1 1 1 1 1 1 1 1 1 1 1 1 0 0 0 0 0 0 0 0 0 2 2 3 3 3 3 3 3 4 5 6 10 11 9 7 12 8 
1 1 1 1 1 1 1 1 1 1 1 1 1 1 0 0 0 0 0 0 0 0 0 2 2 3 3 3 3 3 3 4 5 6 10 11 9 8 7 12 
1 1 1 1 1 1 1 1 1 1 1 1 1 1 0 0 0 0 0 0 0 0 0 2 2 3 3 3 3 3 3 4 5 6 10 11 9 8 12 7 
1 1 1 1 1 1 1 1 1 1 1 1 1 1 0 0 0 0 0 0 0 0 0 2 2 3 3 3 3 3 3 4 5 6 10 11 9 12 7 8 
1 1 1 1 1 1 1 1 1 1 1 1 1 1 0 0 0 0 0 0 0 0 0 2 2 3 3 3 3 3 3 4 5 6 10 11 9 12 8 7 
1 1 1 1 1 1 1 1 1 1 1 1 1 1 0 0 0 0 0 0 0 0 0 2 2 3 3 3 3 3 3 4 5 6 10 11 12 7 8 9 
1 1 1 1 1 1 1 1 1 1 1 1 1 1 0 0 0 0 0 0 0 0 0 2 2 3 3 3 3 3 3 4 5 6 10 11 12 7 9 8 
1 1 1 1 1 1 1 1 1 1 1 1 1 1 0 0 0 0 0 0 0 0 0 2 2 3 3 3 3 3 3 4 5 6 10 11 12 8 7 9 
1 1 1 1 1 1 1 1 1 1 1 1 1 1 0 0 0 0 0 0 0 0 0 2 2 3 3 3 3 3 3 4 5 6 10 11 12 8 9 7 
1 1 1 1 1 1 1 1 1 1 1 1 1 1 0 0 0 0 0 0 0 0 0 2 2 3 3 3 3 3 3 4 5 6 10 11 12 9 7 8 
1 1 1 1 1 1 1 1 1 1 1 1 1 1 0 0 0 0 0 0 0 0 0 2 2 3 3 3 3 3 3 4 5 6 10 11 12 9 8 7 
1 1 1 1 1 1 1 1 1 1 1 1 1 1 0 0 0 0 0 0 0 0 0 2 2 3 3 3 3 3 3 4 5 6 10 12 7 8 9 11 
1 1 1 1 1 1 1 1 1 1 1 1 1 1 0 0 0 0 0 0 0 0 0 2 2 3 3 3 3 3 3 4 5 6 10 12 7 8 11 9 
1 1 1 1 1 1 1 1 1 1 1 1 1 1 0 0 0 0 0 0 0 0 0 2 2 3 3 3 3 3 3 4 5 6 10 12 7 9 8 11 
1 1 1 1 1 1 1 1 1 1 1 1 1 1 0 0 0 0 0 0 0 0 0 2 2 3 3 3 3 3 3 4 5 6 10 12 7 9 11 8 
1 1 1 1 1 1 1 1 1 1 1 1 1 1 0 0 0 0 0 0 0 0 0 2 2 3 3 3 3 3 3 4 5 6 10 12 7 11 8 9 
1 1 1 1 1 1 1 1 1 1 1 1 1 1 0 0 0 0 0 0 0 0 0 2 2 3 3 3 3 3 3 4 5 6 10 12 7 11 9 8 
1 1 1 1 1 1 1 1 1 1 1 1 1 1 0 0 0 0 0 0 0 0 0 2 2 3 3 3 3 3 3 4 5 6 10 12 8 7 9 11 
1 1 1 1 1 1 1 1 1 1 1 1 1 1 0 0 0 0 0 0 0 0 0 2 2 3 3 3 3 3 3 4 5 6 10 12 8 7 11 9 
1 1 1 1 1 1 1 1 1 1 1 1 1 1 0 0 0 0 0 0 0 0 0 2 2 3 3 3 3 3 3 4 5 6 10 12 8 9 7 11 
1 1 1 1 1 1 1 1 1 1 1 1 1 1 0 0 0 0 0 0 0 0 0 2 2 3 3 3 3 3 3 4 5 6 10 12 8 9 11 7 
1 1 1 1 1 1 1 1 1 1 1 1 1 1 0 0 0 0 0 0 0 0 0 2 2 3 3 3 3 3 3 4 5 6 10 12 8 11 7 9 
1 1 1 1 1 1 1 1 1 1 1 1 1 1 0 0 0 0 0 0 0 0 0 2 2 3 3 3 3 3 3 4 5 6 10 12 8 11 9 7 
1 1 1 1 1 1 1 1 1 1 1 1 1 1 0 0 0 0 0 0 0 0 0 2 2 3 3 3 3 3 3 4 5 6 10 12 9 7 8 11 
1 1 1 1 1 1 1 1 1 1 1 1 1 1 0 0 0 0 0 0 0 0 0 2 2 3 3 3 3 3 3 4 5 6 10 12 9 7 11 8 
1 1 1 1 1 1 1 1 1 1 1 1 1 1 0 0 0 0 0 0 0 0 0 2 2 3 3 3 3 3 3 4 5 6 10 12 9 8 7 11 
1 1 1 1 1 1 1 1 1 1 1 1 1 1 0 0 0 0 0 0 0 0 0 2 2 3 3 3 3 3 3 4 5 6 10 12 9 8 11 7 
1 1 1 1 1 1 1 1 1 1 1 1 1 1 0 0 0 0 0 0 0 0 0 2 2 3 3 3 3 3 3 4 5 6 10 12 9 11 7 8 
1 1 1 1 1 1 1 1 1 1 1 1 1 1 0 0 0 0 0 0 0 0 0 2 2 3 3 3 3 3 3 4 5 6 10 12 9 11 8 7 
1 1 1 1 1 1 1 1 1 1 1 1 1 1 0 0 0 0 0 0 0 0 0 2 2 3 3 3 3 3 3 4 5 6 10 12 11 7 8 9 
1 1 1 1 1 1 1 1 1 1 1 1 1 1 0 0 0 0 0 0 0 0 0 2 2 3 3 3 3 3 3 4 5 6 10 12 11 7 9 8 
1 1 1 1 1 1 1 1 1 1 1 1 1 1 0 0 0 0 0 0 0 0 0 2 2 3 3 3 3 3 3 4 5 6 10 12 11 8 7 9 
1 1 1 1 1 1 1 1 1 1 1 1 1 1 0 0 0 0 0 0 0 0 0 2 2 3 3 3 3 3 3 4 5 6 10 12 11 8 9 7 
1 1 1 1 1 1 1 1 1 1 1 1 1 1 0 0 0 0 0 0 0 0 0 2 2 3 3 3 3 3 3 4 5 6 10 12 11 9 7 8 
1 1 1 1 1 1 1 1 1 1 1 1 1 1 0 0 0 0 0 0 0 0 0 2 2 3 3 3 3 3 3 4 5 6 10 12 11 9 8 7 
1 1 1 1 1 1 1 1 1 1 1 1 1 1 0 0 0 0 0 0 0 0 0 2 2 3 3 3 3 3 3 4 5 6 11 7 8 9 10 12 
1 1 1 1 1 1 1 1 1 1 1 1 1 1 0 0 0 0 0 0 0 0 0 2 2 3 3 3 3 3 3 4 5 6 11 7 8 9 12 10 
1 1 1 1 1 1 1 1 1 1 1 1 1 1 0 0 0 0 0 0 0 0 0 2 2 3 3 3 3 3 3 4 5 6 11 7 8 10 9 12 
1 1 1 1 1 1 1 1 1 1 1 1 1 1 0 0 0 0 0 0 0 0 0 2 2 3 3 3 3 3 3 4 5 6 11 7 8 10 12 9 
1 1 1 1 1 1 1 1 1 1 1 1 1 1 0 0 0 0 0 0 0 0 0 2 2 3 3 3 3 3 3 4 5 6 11 7 8 12 9 10 
1 1 1 1 1 1 1 1 1 1 1 1 1 1 0 0 0 0 0 0 0 0 0 2 2 3 3 3 3 3 3 4 5 6 11 7 8 12 10 9 
1 1 1 1 1 1 1 1 1 1 1 1 1 1 0 0 0 0 0 0 0 0 0 2 2 3 3 3 3 3 3 4 5 6 11 7 9 8 10 12 
1 1 1 1 1 1 1 1 1 1 1 1 1 1 0 0 0 0 0 0 0 0 0 2 2 3 3 3 3 3 3 4 5 6 11 7 9 8 12 10 
1 1 1 1 1 1 1 1 1 1 1 1 1 1 0 0 0 0 0 0 0 0 0 2 2 3 3 3 3 3 3 4 5 6 11 7 9 10 8 12 
1 1 1 1 1 1 1 1 1 1 1 1 1 1 0 0 0 0 0 0 0 0 0 2 2 3 3 3 3 3 3 4 5 6 11 7 9 10 12 8 
1 1 1 1 1 1 1 1 1 1 1 1 1 1 0 0 0 0 0 0 0 0 0 2 2 3 3 3 3 3 3 4 5 6 11 7 9 12 8 10 
1 1 1 1 1 1 1 1 1 1 1 1 1 1 0 0 0 0 0 0 0 0 0 2 2 3 3 3 3 3 3 4 5 6 11 7 9 12 10 8 
1 1 1 1 1 1 1 1 1 1 1 1 1 1 0 0 0 0 0 0 0 0 0 2 2 3 3 3 3 3 3 4 5 6 11 7 10 8 9 12 
1 1 1 1 1 1 1 1 1 1 1 1 1 1 0 0 0 0 0 0 0 0 0 2 2 3 3 3 3 3 3 4 5 6 11 7 10 8 12 9 
1 1 1 1 1 1 1 1 1 1 1 1 1 1 0 0 0 0 0 0 0 0 0 2 2 3 3 3 3 3 3 4 5 6 11 7 10 9 8 12 
1 1 1 1 1 1 1 1 1 1 1 1 1 1 0 0 0 0 0 0 0 0 0 2 2 3 3 3 3 3 3 4 5 6 11 7 10 9 12 8 
1 1 1 1 1 1 1 1 1 1 1 1 1 1 0 0 0 0 0 0 0 0 0 2 2 3 3 3 3 3 3 4 5 6 11 7 10 12 8 9 
1 1 1 1 1 1 1 1 1 1 1 1 1 1 0 0 0 0 0 0 0 0 0 2 2 3 3 3 3 3 3 4 5 6 11 7 10 12 9 8 
1 1 1 1 1 1 1 1 1 1 1 1 1 1 0 0 0 0 0 0 0 0 0 2 2 3 3 3 3 3 3 4 5 6 11 7 12 8 9 10 
1 1 1 1 1 1 1 1 1 1 1 1 1 1 0 0 0 0 0 0 0 0 0 2 2 3 3 3 3 3 3 4 5 6 11 7 12 8 10 9 
1 1 1 1 1 1 1 1 1 1 1 1 1 1 0 0 0 0 0 0 0 0 0 2 2 3 3 3 3 3 3 4 5 6 11 7 12 9 8 10 
1 1 1 1 1 1 1 1 1 1 1 1 1 1 0 0 0 0 0 0 0 0 0 2 2 3 3 3 3 3 3 4 5 6 11 7 12 9 10 8 
1 1 1 1 1 1 1 1 1 1 1 1 1 1 0 0 0 0 0 0 0 0 0 2 2 3 3 3 3 3 3 4 5 6 11 7 12 10 8 9 
1 1 1 1 1 1 1 1 1 1 1 1 1 1 0 0 0 0 0 0 0 0 0 2 2 3 3 3 3 3 3 4 5 6 11 7 12 10 9 8 
1 1 1 1 1 1 1 1 1 1 1 1 1 1 0 0 0 0 0 0 0 0 0 2 2 3 3 3 3 3 3 4 5 6 11 8 7 9 10 12 
1 1 1 1 1 1 1 1 1 1 1 1 1 1 0 0 0 0 0 0 0 0 0 2 2 3 3 3 3 3 3 4 5 6 11 8 7 9 12 10 
1 1 1 1 1 1 1 1 1 1 1 1 1 1 0 0 0 0 0 0 0 0 0 2 2 3 3 3 3 3 3 4 5 6 11 8 7 10 9 12 
1 1 1 1 1 1 1 1 1 1 1 1 1 1 0 0 0 0 0 0 0 0 0 2 2 3 3 3 3 3 3 4 5 6 11 8 7 10 12 9 
1 1 1 1 1 1 1 1 1 1 1 1 1 1 0 0 0 0 0 0 0 0 0 2 2 3 3 3 3 3 3 4 5 6 11 8 7 12 9 10 
1 1 1 1 1 1 1 1 1 1 1 1 1 1 0 0 0 0 0 0 0 0 0 2 2 3 3 3 3 3 3 4 5 6 11 8 7 12 10 9 
1 1 1 1 1 1 1 1 1 1 1 1 1 1 0 0 0 0 0 0 0 0 0 2 2 3 3 3 3 3 3 4 5 6 11 8 9 7 10 12 
1 1 1 1 1 1 1 1 1 1 1 1 1 1 0 0 0 0 0 0 0 0 0 2 2 3 3 3 3 3 3 4 5 6 11 8 9 7 12 10 
1 1 1 1 1 1 1 1 1 1 1 1 1 1 0 0 0 0 0 0 0 0 0 2 2 3 3 3 3 3 3 4 5 6 11 8 9 10 7 12 
1 1 1 1 1 1 1 1 1 1 1 1 1 1 0 0 0 0 0 0 0 0 0 2 2 3 3 3 3 3 3 4 5 6 11 8 9 10 12 7 
1 1 1 1 1 1 1 1 1 1 1 1 1 1 0 0 0 0 0 0 0 0 0 2 2 3 3 3 3 3 3 4 5 6 11 8 9 12 7 10 
1 1 1 1 1 1 1 1 1 1 1 1 1 1 0 0 0 0 0 0 0 0 0 2 2 3 3 3 3 3 3 4 5 6 11 8 9 12 10 7 
1 1 1 1 1 1 1 1 1 1 1 1 1 1 0 0 0 0 0 0 0 0 0 2 2 3 3 3 3 3 3 4 5 6 11 8 10 7 9 12 
1 1 1 1 1 1 1 1 1 1 1 1 1 1 0 0 0 0 0 0 0 0 0 2 2 3 3 3 3 3 3 4 5 6 11 8 10 7 12 9 
1 1 1 1 1 1 1 1 1 1 1 1 1 1 0 0 0 0 0 0 0 0 0 2 2 3 3 3 3 3 3 4 5 6 11 8 10 9 7 12 
1 1 1 1 1 1 1 1 1 1 1 1 1 1 0 0 0 0 0 0 0 0 0 2 2 3 3 3 3 3 3 4 5 6 11 8 10 9 12 7 
1 1 1 1 1 1 1 1 1 1 1 1 1 1 0 0 0 0 0 0 0 0 0 2 2 3 3 3 3 3 3 4 5 6 11 8 10 12 7 9 
1 1 1 1 1 1 1 1 1 1 1 1 1 1 0 0 0 0 0 0 0 0 0 2 2 3 3 3 3 3 3 4 5 6 11 8 10 12 9 7 
1 1 1 1 1 1 1 1 1 1 1 1 1 1 0 0 0 0 0 0 0 0 0 2 2 3 3 3 3 3 3 4 5 6 11 8 12 7 9 10 
1 1 1 1 1 1 1 1 1 1 1 1 1 1 0 0 0 0 0 0 0 0 0 2 2 3 3 3 3 3 3 4 5 6 11 8 12 7 10 9 
1 1 1 1 1 1 1 1 1 1 1 1 1 1 0 0 0 0 0 0 0 0 0 2 2 3 3 3 3 3 3 4 5 6 11 8 12 9 7 10 
1 1 1 1 1 1 1 1 1 1 1 1 1 1 0 0 0 0 0 0 0 0 0 2 2 3 3 3 3 3 3 4 5 6 11 8 12 9 10 7 
1 1 1 1 1 1 1 1 1 1 1 1 1 1 0 0 0 0 0 0 0 0 0 2 2 3 3 3 3 3 3 4 5 6 11 8 12 10 7 9 
1 1 1 1 1 1 1 1 1 1 1 1 1 1 0 0 0 0 0 0 0 0 0 2 2 3 3 3 3 3 3 4 5 6 11 8 12 10 9 7 
1 1 1 1 1 1 1 1 1 1 1 1 1 1 0 0 0 0 0 0 0 0 0 2 2 3 3 3 3 3 3 4 5 6 11 9 7 8 10 12 
1 1 1 1 1 1 1 1 1 1 1 1 1 1 0 0 0 0 0 0 0 0 0 2 2 3 3 3 3 3 3 4 5 6 11 9 7 8 12 10 
1 1 1 1 1 1 1 1 1 1 1 1 1 1 0 0 0 0 0 0 0 0 0 2 2 3 3 3 3 3 3 4 5 6 11 9 7 10 8 12 
1 1 1 1 1 1 1 1 1 1 1 1 1 1 0 0 0 0 0 0 0 0 0 2 2 3 3 3 3 3 3 4 5 6 11 9 7 10 12 8 
1 1 1 1 1 1 1 1 1 1 1 1 1 1 0 0 0 0 0 0 0 0 0 2 2 3 3 3 3 3 3 4 5 6 11 9 7 12 8 10 
1 1 1 1 1 1 1 1 1 1 1 1 1 1 0 0 0 0 0 0 0 0 0 2 2 3 3 3 3 3 3 4 5 6 11 9 7 12 10 8 
1 1 1 1 1 1 1 1 1 1 1 1 1 1 0 0 0 0 0 0 0 0 0 2 2 3 3 3 3 3 3 4 5 6 11 9 8 7 10 12 
1 1 1 1 1 1 1 1 1 1 1 1 1 1 0 0 0 0 0 0 0 0 0 2 2 3 3 3 3 3 3 4 5 6 11 9 8 7 12 10 
1 1 1 1 1 1 1 1 1 1 1 1 1 1 0 0 0 0 0 0 0 0 0 2 2 3 3 3 3 3 3 4 5 6 11 9 8 10 7 12 
1 1 1 1 1 1 1 1 1 1 1 1 1 1 0 0 0 0 0 0 0 0 0 2 2 3 3 3 3 3 3 4 5 6 11 9 8 10 12 7 
1 1 1 1 1 1 1 1 1 1 1 1 1 1 0 0 0 0 0 0 0 0 0 2 2 3 3 3 3 3 3 4 5 6 11 9 8 12 7 10 
1 1 1 1 1 1 1 1 1 1 1 1 1 1 0 0 0 0 0 0 0 0 0 2 2 3 3 3 3 3 3 4 5 6 11 9 8 12 10 7 
1 1 1 1 1 1 1 1 1 1 1 1 1 1 0 0 0 0 0 0 0 0 0 2 2 3 3 3 3 3 3 4 5 6 11 9 10 7 8 12 
1 1 1 1 1 1 1 1 1 1 1 1 1 1 0 0 0 0 0 0 0 0 0 2 2 3 3 3 3 3 3 4 5 6 11 9 10 7 12 8 
1 1 1 1 1 1 1 1 1 1 1 1 1 1 0 0 0 0 0 0 0 0 0 2 2 3 3 3 3 3 3 4 5 6 11 9 10 8 7 12 
1 1 1 1 1 1 1 1 1 1 1 1 1 1 0 0 0 0 0 0 0 0 0 2 2 3 3 3 3 3 3 4 5 6 11 9 10 8 12 7 
1 1 1 1 1 1 1 1 1 1 1 1 1 1 0 0 0 0 0 0 0 0 0 2 2 3 3 3 3 3 3 4 5 6 11 9 10 12 7 8 
1 1 1 1 1 1 1 1 1 1 1 1 1 1 0 0 0 0 0 0 0 0 0 2 2 3 3 3 3 3 3 4 5 6 11 9 10 12 8 7 
1 1 1 1 1 1 1 1 1 1 1 1 1 1 0 0 0 0 0 0 0 0 0 2 2 3 3 3 3 3 3 4 5 6 11 9 12 7 8 10 
1 1 1 1 1 1 1 1 1 1 1 1 1 1 0 0 0 0 0 0 0 0 0 2 2 3 3 3 3 3 3 4 5 6 11 9 12 7 10 8 
1 1 1 1 1 1 1 1 1 1 1 1 1 1 0 0 0 0 0 0 0 0 0 2 2 3 3 3 3 3 3 4 5 6 11 9 12 8 7 10 
1 1 1 1 1 1 1 1 1 1 1 1 1 1 0 0 0 0 0 0 0 0 0 2 2 3 3 3 3 3 3 4 5 6 11 9 12 8 10 7 
1 1 1 1 1 1 1 1 1 1 1 1 1 1 0 0 0 0 0 0 0 0 0 2 2 3 3 3 3 3 3 4 5 6 11 9 12 10 7 8 
1 1 1 1 1 1 1 1 1 1 1 1 1 1 0 0 0 0 0 0 0 0 0 2 2 3 3 3 3 3 3 4 5 6 11 9 12 10 8 7 
1 1 1 1 1 1 1 1 1 1 1 1 1 1 0 0 0 0 0 0 0 0 0 2 2 3 3 3 3 3 3 4 5 6 11 10 7 8 9 12 
1 1 1 1 1 1 1 1 1 1 1 1 1 1 0 0 0 0 0 0 0 0 0 2 2 3 3 3 3 3 3 4 5 6 11 10 7 8 12 9 
1 1 1 1 1 1 1 1 1 1 1 1 1 1 0 0 0 0 0 0 0 0 0 2 2 3 3 3 3 3 3 4 5 6 11 10 7 9 8 12 
1 1 1 1 1 1 1 1 1 1 1 1 1 1 0 0 0 0 0 0 0 0 0 2 2 3 3 3 3 3 3 4 5 6 11 10 7 9 12 8 
1 1 1 1 1 1 1 1 1 1 1 1 1 1 0 0 0 0 0 0 0 0 0 2 2 3 3 3 3 3 3 4 5 6 11 10 7 12 8 9 
1 1 1 1 1 1 1 1 1 1 1 1 1 1 0 0 0 0 0 0 0 0 0 2 2 3 3 3 3 3 3 4 5 6 11 10 7 12 9 8 
1 1 1 1 1 1 1 1 1 1 1 1 1 1 0 0 0 0 0 0 0 0 0 2 2 3 3 3 3 3 3 4 5 6 11 10 8 7 9 12 
1 1 1 1 1 1 1 1 1 1 1 1 1 1 0 0 0 0 0 0 0 0 0 2 2 3 3 3 3 3 3 4 5 6 11 10 8 7 12 9 
1 1 1 1 1 1 1 1 1 1 1 1 1 1 0 0 0 0 0 0 0 0 0 2 2 3 3 3 3 3 3 4 5 6 11 10 8 9 7 12 
1 1 1 1 1 1 1 1 1 1 1 1 1 1 0 0 0 0 0 0 0 0 0 2 2 3 3 3 3 3 3 4 5 6 11 10 8 9 12 7 
1 1 1 1 1 1 1 1 1 1 1 1 1 1 0 0 0 0 0 0 0 0 0 2 2 3 3 3 3 3 3 4 5 6 11 10 8 12 7 9 
1 1 1 1 1 1 1 1 1 1 1 1 1 1 0 0 0 0 0 0 0 0 0 2 2 3 3 3 3 3 3 4 5 6 11 10 8 12 9 7 
1 1 1 1 1 1 1 1 1 1 1 1 1 1 0 0 0 0 0 0 0 0 0 2 2 3 3 3 3 3 3 4 5 6 11 10 9 7 8 12 
1 1 1 1 1 1 1 1 1 1 1 1 1 1 0 0 0 0 0 0 0 0 0 2 2 3 3 3 3 3 3 4 5 6 11 10 9 7 12 8 
1 1 1 1 1 1 1 1 1 1 1 1 1 1 0 0 0 0 0 0 0 0 0 2 2 3 3 3 3 3 3 4 5 6 11 10 9 8 7 12 
1 1 1 1 1 1 1 1 1 1 1 1 1 1 0 0 0 0 0 0 0 0 0 2 2 3 3 3 3 3 3 4 5 6 11 10 9 8 12 7 
1 1 1 1 1 1 1 1 1 1 1 1 1 1 0 0 0 0 0 0 0 0 0 2 2 3 3 3 3 3 3 4 5 6 11 10 9 12 7 8 
1 1 1 1 1 1 1 1 1 1 1 1 1 1 0 0 0 0 0 0 0 0 0 2 2 3 3 3 3 3 3 4 5 6 11 10 9 12 8 7 
1 1 1 1 1 1 1 1 1 1 1 1 1 1 0 0 0 0 0 0 0 0 0 2 2 3 3 3 3 3 3 4 5 6 11 10 12 7 8 9 
1 1 1 1 1 1 1 1 1 1 1 1 1 1 0 0 0 0 0 0 0 0 0 2 2 3 3 3 3 3 3 4 5 6 11 10 12 7 9 8 
1 1 1 1 1 1 1 1 1 1 1 1 1 1 0 0 0 0 0 0 0 0 0 2 2 3 3 3 3 3 3 4 5 6 11 10 12 8 7 9 
1 1 1 1 1 1 1 1 1 1 1 1 1 1 0 0 0 0 0 0 0 0 0 2 2 3 3 3 3 3 3 4 5 6 11 10 12 8 9 7 
1 1 1 1 1 1 1 1 1 1 1 1 1 1 0 0 0 0 0 0 0 0 0 2 2 3 3 3 3 3 3 4 5 6 11 10 12 9 7 8 
1 1 1 1 1 1 1 1 1 1 1 1 1 1 0 0 0 0 0 0 0 0 0 2 2 3 3 3 3 3 3 4 5 6 11 10 12 9 8 7 
1 1 1 1 1 1 1 1 1 1 1 1 1 1 0 0 0 0 0 0 0 0 0 2 2 3 3 3 3 3 3 4 5 6 11 12 7 8 9 10 
1 1 1 1 1 1 1 1 1 1 1 1 1 1 0 0 0 0 0 0 0 0 0 2 2 3 3 3 3 3 3 4 5 6 11 12 7 8 10 9 
1 1 1 1 1 1 1 1 1 1 1 1 1 1 0 0 0 0 0 0 0 0 0 2 2 3 3 3 3 3 3 4 5 6 11 12 7 9 8 10 
1 1 1 1 1 1 1 1 1 1 1 1 1 1 0 0 0 0 0 0 0 0 0 2 2 3 3 3 3 3 3 4 5 6 11 12 7 9 10 8 
1 1 1 1 1 1 1 1 1 1 1 1 1 1 0 0 0 0 0 0 0 0 0 2 2 3 3 3 3 3 3 4 5 6 11 12 7 10 8 9 
1 1 1 1 1 1 1 1 1 1 1 1 1 1 0 0 0 0 0 0 0 0 0 2 2 3 3 3 3 3 3 4 5 6 11 12 7 10 9 8 
1 1 1 1 1 1 1 1 1 1 1 1 1 1 0 0 0 0 0 0 0 0 0 2 2 3 3 3 3 3 3 4 5 6 11 12 8 7 9 10 
1 1 1 1 1 1 1 1 1 1 1 1 1 1 0 0 0 0 0 0 0 0 0 2 2 3 3 3 3 3 3 4 5 6 11 12 8 7 10 9 
1 1 1 1 1 1 1 1 1 1 1 1 1 1 0 0 0 0 0 0 0 0 0 2 2 3 3 3 3 3 3 4 5 6 11 12 8 9 7 10 
1 1 1 1 1 1 1 1 1 1 1 1 1 1 0 0 0 0 0 0 0 0 0 2 2 3 3 3 3 3 3 4 5 6 11 12 8 9 10 7 
1 1 1 1 1 1 1 1 1 1 1 1 1 1 0 0 0 0 0 0 0 0 0 2 2 3 3 3 3 3 3 4 5 6 11 12 8 10 7 9 
1 1 1 1 1 1 1 1 1 1 1 1 1 1 0 0 0 0 0 0 0 0 0 2 2 3 3 3 3 3 3 4 5 6 11 12 8 10 9 7 
1 1 1 1 1 1 1 1 1 1 1 1 1 1 0 0 0 0 0 0 0 0 0 2 2 3 3 3 3 3 3 4 5 6 11 12 9 7 8 10 
1 1 1 1 1 1 1 1 1 1 1 1 1 1 0 0 0 0 0 0 0 0 0 2 2 3 3 3 3 3 3 4 5 6 11 12 9 7 10 8 
1 1 1 1 1 1 1 1 1 1 1 1 1 1 0 0 0 0 0 0 0 0 0 2 2 3 3 3 3 3 3 4 5 6 11 12 9 8 7 10 
1 1 1 1 1 1 1 1 1 1 1 1 1 1 0 0 0 0 0 0 0 0 0 2 2 3 3 3 3 3 3 4 5 6 11 12 9 8 10 7 
1 1 1 1 1 1 1 1 1 1 1 1 1 1 0 0 0 0 0 0 0 0 0 2 2 3 3 3 3 3 3 4 5 6 11 12 9 10 7 8 
1 1 1 1 1 1 1 1 1 1 1 1 1 1 0 0 0 0 0 0 0 0 0 2 2 3 3 3 3 3 3 4 5 6 11 12 9 10 8 7 
1 1 1 1 1 1 1 1 1 1 1 1 1 1 0 0 0 0 0 0 0 0 0 2 2 3 3 3 3 3 3 4 5 6 11 12 10 7 8 9 
1 1 1 1 1 1 1 1 1 1 1 1 1 1 0 0 0 0 0 0 0 0 0 2 2 3 3 3 3 3 3 4 5 6 11 12 10 7 9 8 
1 1 1 1 1 1 1 1 1 1 1 1 1 1 0 0 0 0 0 0 0 0 0 2 2 3 3 3 3 3 3 4 5 6 11 12 10 8 7 9 
1 1 1 1 1 1 1 1 1 1 1 1 1 1 0 0 0 0 0 0 0 0 0 2 2 3 3 3 3 3 3 4 5 6 11 12 10 8 9 7 
1 1 1 1 1 1 1 1 1 1 1 1 1 1 0 0 0 0 0 0 0 0 0 2 2 3 3 3 3 3 3 4 5 6 11 12 10 9 7 8 
1 1 1 1 1 1 1 1 1 1 1 1 1 1 0 0 0 0 0 0 0 0 0 2 2 3 3 3 3 3 3 4 5 6 11 12 10 9 8 7 
1 1 1 1 1 1 1 1 1 1 1 1 1 1 0 0 0 0 0 0 0 0 0 2 2 3 3 3 3 3 3 4 5 6 12 7 8 9 10 11 
1 1 1 1 1 1 1 1 1 1 1 1 1 1 0 0 0 0 0 0 0 0 0 2 2 3 3 3 3 3 3 4 5 6 12 7 8 9 11 10 
1 1 1 1 1 1 1 1 1 1 1 1 1 1 0 0 0 0 0 0 0 0 0 2 2 3 3 3 3 3 3 4 5 6 12 7 8 10 9 11 
1 1 1 1 1 1 1 1 1 1 1 1 1 1 0 0 0 0 0 0 0 0 0 2 2 3 3 3 3 3 3 4 5 6 12 7 8 10 11 9 
1 1 1 1 1 1 1 1 1 1 1 1 1 1 0 0 0 0 0 0 0 0 0 2 2 3 3 3 3 3 3 4 5 6 12 7 8 11 9 10 
1 1 1 1 1 1 1 1 1 1 1 1 1 1 0 0 0 0 0 0 0 0 0 2 2 3 3 3 3 3 3 4 5 6 12 7 8 11 10 9 
1 1 1 1 1 1 1 1 1 1 1 1 1 1 0 0 0 0 0 0 0 0 0 2 2 3 3 3 3 3 3 4 5 6 12 7 9 8 10 11 
1 1 1 1 1 1 1 1 1 1 1 1 1 1 0 0 0 0 0 0 0 0 0 2 2 3 3 3 3 3 3 4 5 6 12 7 9 8 11 10 
1 1 1 1 1 1 1 1 1 1 1 1 1 1 0 0 0 0 0 0 0 0 0 2 2 3 3 3 3 3 3 4 5 6 12 7 9 10 8 11 
1 1 1 1 1 1 1 1 1 1 1 1 1 1 0 0 0 0 0 0 0 0 0 2 2 3 3 3 3 3 3 4 5 6 12 7 9 10 11 8 
1 1 1 1 1 1 1 1 1 1 1 1 1 1 0 0 0 0 0 0 0 0 0 2 2 3 3 3 3 3 3 4 5 6 12 7 9 11 8 10 
1 1 1 1 1 1 1 1 1 1 1 1 1 1 0 0 0 0 0 0 0 0 0 2 2 3 3 3 3 3 3 4 5 6 12 7 9 11 10 8 
1 1 1 1 1 1 1 1 1 1 1 1 1 1 0 0 0 0 0 0 0 0 0 2 2 3 3 3 3 3 3 4 5 6 12 7 10 8 9 11 
1 1 1 1 1 1 1 1 1 1 1 1 1 1 0 0 0 0 0 0 0 0 0 2 2 3 3 3 3 3 3 4 5 6 12 7 10 8 11 9 
1 1 1 1 1 1 1 1 1 1 1 1 1 1 0 0 0 0 0 0 0 0 0 2 2 3 3 3 3 3 3 4 5 6 12 7 10 9 8 11 
1 1 1 1 1 1 1 1 1 1 1 1 1 1 0 0 0 0 0 0 0 0 0 2 2 3 3 3 3 3 3 4 5 6 12 7 10 9 11 8 
1 1 1 1 1 1 1 1 1 1 1 1 1 1 0 0 0 0 0 0 0 0 0 2 2 3 3 3 3 3 3 4 5 6 12 7 10 11 8 9 
1 1 1 1 1 1 1 1 1 1 1 1 1 1 0 0 0 0 0 0 0 0 0 2 2 3 3 3 3 3 3 4 5 6 12 7 10 11 9 8 
1 1 1 1 1 1 1 1 1 1 1 1 1 1 0 0 0 0 0 0 0 0 0 2 2 3 3 3 3 3 3 4 5 6 12 7 11 8 9 10 
1 1 1 1 1 1 1 1 1 1 1 1 1 1 0 0 0 0 0 0 0 0 0 2 2 3 3 3 3 3 3 4 5 6 12 7 11 8 10 9 
1 1 1 1 1 1 1 1 1 1 1 1 1 1 0 0 0 0 0 0 0 0 0 2 2 3 3 3 3 3 3 4 5 6 12 7 11 9 8 10 
1 1 1 1 1 1 1 1 1 1 1 1 1 1 0 0 0 0 0 0 0 0 0 2 2 3 3 3 3 3 3 4 5 6 12 7 11 9 10 8 
1 1 1 1 1 1 1 1 1 1 1 1 1 1 0 0 0 0 0 0 0 0 0 2 2 3 3 3 3 3 3 4 5 6 12 7 11 10 8 9 
1 1 1 1 1 1 1 1 1 1 1 1 1 1 0 0 0 0 0 0 0 0 0 2 2 3 3 3 3 3 3 4 5 6 12 7 11 10 9 8 
1 1 1 1 1 1 1 1 1 1 1 1 1 1 0 0 0 0 0 0 0 0 0 2 2 3 3 3 3 3 3 4 5 6 12 8 7 9 10 11 
1 1 1 1 1 1 1 1 1 1 1 1 1 1 0 0 0 0 0 0 0 0 0 2 2 3 3 3 3 3 3 4 5 6 12 8 7 9 11 10 
1 1 1 1 1 1 1 1 1 1 1 1 1 1 0 0 0 0 0 0 0 0 0 2 2 3 3 3 3 3 3 4 5 6 12 8 7 10 9 11 
1 1 1 1 1 1 1 1 1 1 1 1 1 1 0 0 0 0 0 0 0 0 0 2 2 3 3 3 3 3 3 4 5 6 12 8 7 10 11 9 
1 1 1 1 1 1 1 1 1 1 1 1 1 1 0 0 0 0 0 0 0 0 0 2 2 3 3 3 3 3 3 4 5 6 12 8 7 11 9 10 
1 1 1 1 1 1 1 1 1 1 1 1 1 1 0 0 0 0 0 0 0 0 0 2 2 3 3 3 3 3 3 4 5 6 12 8 7 11 10 9 
1 1 1 1 1 1 1 1 1 1 1 1 1 1 0 0 0 0 0 0 0 0 0 2 2 3 3 3 3 3 3 4 5 6 12 8 9 7 10 11 
1 1 1 1 1 1 1 1 1 1 1 1 1 1 0 0 0 0 0 0 0 0 0 2 2 3 3 3 3 3 3 4 5 6 12 8 9 7 11 10 
1 1 1 1 1 1 1 1 1 1 1 1 1 1 0 0 0 0 0 0 0 0 0 2 2 3 3 3 3 3 3 4 5 6 12 8 9 10 7 11 
1 1 1 1 1 1 1 1 1 1 1 1 1 1 0 0 0 0 0 0 0 0 0 2 2 3 3 3 3 3 3 4 5 6 12 8 9 10 11 7 
1 1 1 1 1 1 1 1 1 1 1 1 1 1 0 0 0 0 0 0 0 0 0 2 2 3 3 3 3 3 3 4 5 6 12 8 9 11 7 10 
1 1 1 1 1 1 1 1 1 1 1 1 1 1 0 0 0 0 0 0 0 0 0 2 2 3 3 3 3 3 3 4 5 6 12 8 9 11 10 7 
1 1 1 1 1 1 1 1 1 1 1 1 1 1 0 0 0 0 0 0 0 0 0 2 2 3 3 3 3 3 3 4 5 6 12 8 10 7 9 11 
1 1 1 1 1 1 1 1 1 1 1 1 1 1 0 0 0 0 0 0 0 0 0 2 2 3 3 3 3 3 3 4 5 6 12 8 10 7 11 9 
1 1 1 1 1 1 1 1 1 1 1 1 1 1 0 0 0 0 0 0 0 0 0 2 2 3 3 3 3 3 3 4 5 6 12 8 10 9 7 11 
1 1 1 1 1 1 1 1 1 1 1 1 1 1 0 0 0 0 0 0 0 0 0 2 2 3 3 3 3 3 3 4 5 6 12 8 10 9 11 7 
1 1 1 1 1 1 1 1 1 1 1 1 1 1 0 0 0 0 0 0 0 0 0 2 2 3 3 3 3 3 3 4 5 6 12 8 10 11 7 9 
1 1 1 1 1 1 1 1 1 1 1 1 1 1 0 0 0 0 0 0 0 0 0 2 2 3 3 3 3 3 3 4 5 6 12 8 10 11 9 7 
1 1 1 1 1 1 1 1 1 1 1 1 1 1 0 0 0 0 0 0 0 0 0 2 2 3 3 3 3 3 3 4 5 6 12 8 11 7 9 10 
1 1 1 1 1 1 1 1 1 1 1 1 1 1 0 0 0 0 0 0 0 0 0 2 2 3 3 3 3 3 3 4 5 6 12 8 11 7 10 9 
1 1 1 1 1 1 1 1 1 1 1 1 1 1 0 0 0 0 0 0 0 0 0 2 2 3 3 3 3 3 3 4 5 6 12 8 11 9 7 10 
1 1 1 1 1 1 1 1 1 1 1 1 1 1 0 0 0 0 0 0 0 0 0 2 2 3 3 3 3 3 3 4 5 6 12 8 11 9 10 7 
1 1 1 1 1 1 1 1 1 1 1 1 1 1 0 0 0 0 0 0 0 0 0 2 2 3 3 3 3 3 3 4 5 6 12 8 11 10 7 9 
1 1 1 1 1 1 1 1 1 1 1 1 1 1 0 0 0 0 0 0 0 0 0 2 2 3 3 3 3 3 3 4 5 6 12 8 11 10 9 7 
1 1 1 1 1 1 1 1 1 1 1 1 1 1 0 0 0 0 0 0 0 0 0 2 2 3 3 3 3 3 3 4 5 6 12 9 7 8 10 11 
1 1 1 1 1 1 1 1 1 1 1 1 1 1 0 0 0 0 0 0 0 0 0 2 2 3 3 3 3 3 3 4 5 6 12 9 7 8 11 10 
1 1 1 1 1 1 1 1 1 1 1 1 1 1 0 0 0 0 0 0 0 0 0 2 2 3 3 3 3 3 3 4 5 6 12 9 7 10 8 11 
1 1 1 1 1 1 1 1 1 1 1 1 1 1 0 0 0 0 0 0 0 0 0 2 2 3 3 3 3 3 3 4 5 6 12 9 7 10 11 8 
1 1 1 1 1 1 1 1 1 1 1 1 1 1 0 0 0 0 0 0 0 0 0 2 2 3 3 3 3 3 3 4 5 6 12 9 7 11 8 10 
1 1 1 1 1 1 1 1 1 1 1 1 1 1 0 0 0 0 0 0 0 0 0 2 2 3 3 3 3 3 3 4 5 6 12 9 7 11 10 8 
1 1 1 1 1 1 1 1 1 1 1 1 1 1 0 0 0 0 0 0 0 0 0 2 2 3 3 3 3 3 3 4 5 6 12 9 8 7 10 11 
1 1 1 1 1 1 1 1 1 1 1 1 1 1 0 0 0 0 0 0 0 0 0 2 2 3 3 3 3 3 3 4 5 6 12 9 8 7 11 10 
1 1 1 1 1 1 1 1 1 1 1 1 1 1 0 0 0 0 0 0 0 0 0 2 2 3 3 3 3 3 3 4 5 6 12 9 8 10 7 11 
1 1 1 1 1 1 1 1 1 1 1 1 1 1 0 0 0 0 0 0 0 0 0 2 2 3 3 3 3 3 3 4 5 6 12 9 8 10 11 7 
1 1 1 1 1 1 1 1 1 1 1 1 1 1 0 0 0 0 0 0 0 0 0 2 2 3 3 3 3 3 3 4 5 6 12 9 8 11 7 10 
1 1 1 1 1 1 1 1 1 1 1 1 1 1 0 0 0 0 0 0 0 0 0 2 2 3 3 3 3 3 3 4 5 6 12 9 8 11 10 7 
1 1 1 1 1 1 1 1 1 1 1 1 1 1 0 0 0 0 0 0 0 0 0 2 2 3 3 3 3 3 3 4 5 6 12 9 10 7 8 11 
1 1 1 1 1 1 1 1 1 1 1 1 1 1 0 0 0 0 0 0 0 0 0 2 2 3 3 3 3 3 3 4 5 6 12 9 10 7 11 8 
1 1 1 1 1 1 1 1 1 1 1 1 1 1 0 0 0 0 0 0 0 0 0 2 2 3 3 3 3 3 3 4 5 6 12 9 10 8 7 11 
1 1 1 1 1 1 1 1 1 1 1 1 1 1 0 0 0 0 0 0 0 0 0 2 2 3 3 3 3 3 3 4 5 6 12 9 10 8 11 7 
1 1 1 1 1 1 1 1 1 1 1 1 1 1 0 0 0 0 0 0 0 0 0 2 2 3 3 3 3 3 3 4 5 6 12 9 10 11 7 8 
1 1 1 1 1 1 1 1 1 1 1 1 1 1 0 0 0 0 0 0 0 0 0 2 2 3 3 3 3 3 3 4 5 6 12 9 10 11 8 7 
1 1 1 1 1 1 1 1 1 1 1 1 1 1 0 0 0 0 0 0 0 0 0 2 2 3 3 3 3 3 3 4 5 6 12 9 11 7 8 10 
1 1 1 1 1 1 1 1 1 1 1 1 1 1 0 0 0 0 0 0 0 0 0 2 2 3 3 3 3 3 3 4 5 6 12 9 11 7 10 8 
1 1 1 1 1 1 1 1 1 1 1 1 1 1 0 0 0 0 0 0 0 0 0 2 2 3 3 3 3 3 3 4 5 6 12 9 11 8 7 10 
1 1 1 1 1 1 1 1 1 1 1 1 1 1 0 0 0 0 0 0 0 0 0 2 2 3 3 3 3 3 3 4 5 6 12 9 11 8 10 7 
1 1 1 1 1 1 1 1 1 1 1 1 1 1 0 0 0 0 0 0 0 0 0 2 2 3 3 3 3 3 3 4 5 6 12 9 11 10 7 8 
1 1 1 1 1 1 1 1 1 1 1 1 1 1 0 0 0 0 0 0 0 0 0 2 2 3 3 3 3 3 3 4 5 6 12 9 11 10 8 7 
1 1 1 1 1 1 1 1 1 1 1 1 1 1 0 0 0 0 0 0 0 0 0 2 2 3 3 3 3 3 3 4 5 6 12 10 7 8 9 11 
1 1 1 1 1 1 1 1 1 1 1 1 1 1 0 0 0 0 0 0 0 0 0 2 2 3 3 3 3 3 3 4 5 6 12 10 7 8 11 9 
1 1 1 1 1 1 1 1 1 1 1 1 1 1 0 0 0 0 0 0 0 0 0 2 2 3 3 3 3 3 3 4 5 6 12 10 7 9 8 11 
1 1 1 1 1 1 1 1 1 1 1 1 1 1 0 0 0 0 0 0 0 0 0 2 2 3 3 3 3 3 3 4 5 6 12 10 7 9 11 8 
1 1 1 1 1 1 1 1 1 1 1 1 1 1 0 0 0 0 0 0 0 0 0 2 2 3 3 3 3 3 3 4 5 6 12 10 7 11 8 9 
1 1 1 1 1 1 1 1 1 1 1 1 1 1 0 0 0 0 0 0 0 0 0 2 2 3 3 3 3 3 3 4 5 6 12 10 7 11 9 8 
1 1 1 1 1 1 1 1 1 1 1 1 1 1 0 0 0 0 0 0 0 0 0 2 2 3 3 3 3 3 3 4 5 6 12 10 8 7 9 11 
1 1 1 1 1 1 1 1 1 1 1 1 1 1 0 0 0 0 0 0 0 0 0 2 2 3 3 3 3 3 3 4 5 6 12 10 8 7 11 9 
1 1 1 1 1 1 1 1 1 1 1 1 1 1 0 0 0 0 0 0 0 0 0 2 2 3 3 3 3 3 3 4 5 6 12 10 8 9 7 11 
1 1 1 1 1 1 1 1 1 1 1 1 1 1 0 0 0 0 0 0 0 0 0 2 2 3 3 3 3 3 3 4 5 6 12 10 8 9 11 7 
1 1 1 1 1 1 1 1 1 1 1 1 1 1 0 0 0 0 0 0 0 0 0 2 2 3 3 3 3 3 3 4 5 6 12 10 8 11 7 9 
1 1 1 1 1 1 1 1 1 1 1 1 1 1 0 0 0 0 0 0 0 0 0 2 2 3 3 3 3 3 3 4 5 6 12 10 8 11 9 7 
1 1 1 1 1 1 1 1 1 1 1 1 1 1 0 0 0 0 0 0 0 0 0 2 2 3 3 3 3 3 3 4 5 6 12 10 9 7 8 11 
1 1 1 1 1 1 1 1 1 1 1 1 1 1 0 0 0 0 0 0 0 0 0 2 2 3 3 3 3 3 3 4 5 6 12 10 9 7 11 8 
1 1 1 1 1 1 1 1 1 1 1 1 1 1 0 0 0 0 0 0 0 0 0 2 2 3 3 3 3 3 3 4 5 6 12 10 9 8 7 11 
1 1 1 1 1 1 1 1 1 1 1 1 1 1 0 0 0 0 0 0 0 0 0 2 2 3 3 3 3 3 3 4 5 6 12 10 9 8 11 7 
1 1 1 1 1 1 1 1 1 1 1 1 1 1 0 0 0 0 0 0 0 0 0 2 2 3 3 3 3 3 3 4 5 6 12 10 9 11 7 8 
1 1 1 1 1 1 1 1 1 1 1 1 1 1 0 0 0 0 0 0 0 0 0 2 2 3 3 3 3 3 3 4 5 6 12 10 9 11 8 7 
1 1 1 1 1 1 1 1 1 1 1 1 1 1 0 0 0 0 0 0 0 0 0 2 2 3 3 3 3 3 3 4 5 6 12 10 11 7 8 9 
1 1 1 1 1 1 1 1 1 1 1 1 1 1 0 0 0 0 0 0 0 0 0 2 2 3 3 3 3 3 3 4 5 6 12 10 11 7 9 8 
1 1 1 1 1 1 1 1 1 1 1 1 1 1 0 0 0 0 0 0 0 0 0 2 2 3 3 3 3 3 3 4 5 6 12 10 11 8 7 9 
1 1 1 1 1 1 1 1 1 1 1 1 1 1 0 0 0 0 0 0 0 0 0 2 2 3 3 3 3 3 3 4 5 6 12 10 11 8 9 7 
1 1 1 1 1 1 1 1 1 1 1 1 1 1 0 0 0 0 0 0 0 0 0 2 2 3 3 3 3 3 3 4 5 6 12 10 11 9 7 8 
1 1 1 1 1 1 1 1 1 1 1 1 1 1 0 0 0 0 0 0 0 0 0 2 2 3 3 3 3 3 3 4 5 6 12 10 11 9 8 7 
1 1 1 1 1 1 1 1 1 1 1 1 1 1 0 0 0 0 0 0 0 0 0 2 2 3 3 3 3 3 3 4 5 6 12 11 7 8 9 10 
1 1 1 1 1 1 1 1 1 1 1 1 1 1 0 0 0 0 0 0 0 0 0 2 2 3 3 3 3 3 3 4 5 6 12 11 7 8 10 9 
1 1 1 1 1 1 1 1 1 1 1 1 1 1 0 0 0 0 0 0 0 0 0 2 2 3 3 3 3 3 3 4 5 6 12 11 7 9 8 10 
1 1 1 1 1 1 1 1 1 1 1 1 1 1 0 0 0 0 0 0 0 0 0 2 2 3 3 3 3 3 3 4 5 6 12 11 7 9 10 8 
1 1 1 1 1 1 1 1 1 1 1 1 1 1 0 0 0 0 0 0 0 0 0 2 2 3 3 3 3 3 3 4 5 6 12 11 7 10 8 9 
1 1 1 1 1 1 1 1 1 1 1 1 1 1 0 0 0 0 0 0 0 0 0 2 2 3 3 3 3 3 3 4 5 6 12 11 7 10 9 8 
1 1 1 1 1 1 1 1 1 1 1 1 1 1 0 0 0 0 0 0 0 0 0 2 2 3 3 3 3 3 3 4 5 6 12 11 8 7 9 10 
1 1 1 1 1 1 1 1 1 1 1 1 1 1 0 0 0 0 0 0 0 0 0 2 2 3 3 3 3 3 3 4 5 6 12 11 8 7 10 9 
1 1 1 1 1 1 1 1 1 1 1 1 1 1 0 0 0 0 0 0 0 0 0 2 2 3 3 3 3 3 3 4 5 6 12 11 8 9 7 10 
1 1 1 1 1 1 1 1 1 1 1 1 1 1 0 0 0 0 0 0 0 0 0 2 2 3 3 3 3 3 3 4 5 6 12 11 8 9 10 7 
1 1 1 1 1 1 1 1 1 1 1 1 1 1 0 0 0 0 0 0 0 0 0 2 2 3 3 3 3 3 3 4 5 6 12 11 8 10 7 9 
1 1 1 1 1 1 1 1 1 1 1 1 1 1 0 0 0 0 0 0 0 0 0 2 2 3 3 3 3 3 3 4 5 6 12 11 8 10 9 7 
1 1 1 1 1 1 1 1 1 1 1 1 1 1 0 0 0 0 0 0 0 0 0 2 2 3 3 3 3 3 3 4 5 6 12 11 9 7 8 10 
1 1 1 1 1 1 1 1 1 1 1 1 1 1 0 0 0 0 0 0 0 0 0 2 2 3 3 3 3 3 3 4 5 6 12 11 9 7 10 8 
1 1 1 1 1 1 1 1 1 1 1 1 1 1 0 0 0 0 0 0 0 0 0 2 2 3 3 3 3 3 3 4 5 6 12 11 9 8 7 10 
1 1 1 1 1 1 1 1 1 1 1 1 1 1 0 0 0 0 0 0 0 0 0 2 2 3 3 3 3 3 3 4 5 6 12 11 9 8 10 7 
1 1 1 1 1 1 1 1 1 1 1 1 1 1 0 0 0 0 0 0 0 0 0 2 2 3 3 3 3 3 3 4 5 6 12 11 9 10 7 8 
1 1 1 1 1 1 1 1 1 1 1 1 1 1 0 0 0 0 0 0 0 0 0 2 2 3 3 3 3 3 3 4 5 6 12 11 9 10 8 7 
1 1 1 1 1 1 1 1 1 1 1 1 1 1 0 0 0 0 0 0 0 0 0 2 2 3 3 3 3 3 3 4 5 6 12 11 10 7 8 9 
1 1 1 1 1 1 1 1 1 1 1 1 1 1 0 0 0 0 0 0 0 0 0 2 2 3 3 3 3 3 3 4 5 6 12 11 10 7 9 8 
1 1 1 1 1 1 1 1 1 1 1 1 1 1 0 0 0 0 0 0 0 0 0 2 2 3 3 3 3 3 3 4 5 6 12 11 10 8 7 9 
1 1 1 1 1 1 1 1 1 1 1 1 1 1 0 0 0 0 0 0 0 0 0 2 2 3 3 3 3 3 3 4 5 6 12 11 10 8 9 7 
1 1 1 1 1 1 1 1 1 1 1 1 1 1 0 0 0 0 0 0 0 0 0 2 2 3 3 3 3 3 3 4 5 6 12 11 10 9 7 8 
1 1 1 1 1 1 1 1 1 1 1 1 1 1 0 0 0 0 0 0 0 0 0 2 2 3 3 3 3 3 3 4 5 6 12 11 10 9 8 7 
1 1 1 1 1 1 1 1 1 1 1 1 1 1 0 0 0 0 0 0 0 0 0 2 2 3 3 3 3 3 3 4 5 7 6 8 9 10 11 12 
1 1 1 1 1 1 1 1 1 1 1 1 1 1 0 0 0 0 0 0 0 0 0 2 2 3 3 3 3 3 3 4 5 7 6 8 9 10 12 11 
1 1 1 1 1 1 1 1 1 1 1 1 1 1 0 0 0 0 0 0 0 0 0 2 2 3 3 3 3 3 3 4 5 7 6 8 9 11 10 12 
1 1 1 1 1 1 1 1 1 1 1 1 1 1 0 0 0 0 0 0 0 0 0 2 2 3 3 3 3 3 3 4 5 7 6 8 9 11 12 10 
1 1 1 1 1 1 1 1 1 1 1 1 1 1 0 0 0 0 0 0 0 0 0 2 2 3 3 3 3 3 3 4 5 7 6 8 9 12 10 11 
1 1 1 1 1 1 1 1 1 1 1 1 1 1 0 0 0 0 0 0 0 0 0 2 2 3 3 3 3 3 3 4 5 7 6 8 9 12 11 10 
1 1 1 1 1 1 1 1 1 1 1 1 1 1 0 0 0 0 0 0 0 0 0 2 2 3 3 3 3 3 3 4 5 7 6 8 10 9 11 12 
1 1 1 1 1 1 1 1 1 1 1 1 1 1 0 0 0 0 0 0 0 0 0 2 2 3 3 3 3 3 3 4 5 7 6 8 10 9 12 11 
1 1 1 1 1 1 1 1 1 1 1 1 1 1 0 0 0 0 0 0 0 0 0 2 2 3 3 3 3 3 3 4 5 7 6 8 10 11 9 12 
1 1 1 1 1 1 1 1 1 1 1 1 1 1 0 0 0 0 0 0 0 0 0 2 2 3 3 3 3 3 3 4 5 7 6 8 10 11 12 9 
1 1 1 1 1 1 1 1 1 1 1 1 1 1 0 0 0 0 0 0 0 0 0 2 2 3 3 3 3 3 3 4 5 7 6 8 10 12 9 11 
1 1 1 1 1 1 1 1 1 1 1 1 1 1 0 0 0 0 0 0 0 0 0 2 2 3 3 3 3 3 3 4 5 7 6 8 10 12 11 9 
1 1 1 1 1 1 1 1 1 1 1 1 1 1 0 0 0 0 0 0 0 0 0 2 2 3 3 3 3 3 3 4 5 7 6 8 11 9 10 12 
1 1 1 1 1 1 1 1 1 1 1 1 1 1 0 0 0 0 0 0 0 0 0 2 2 3 3 3 3 3 3 4 5 7 6 8 11 9 12 10 
1 1 1 1 1 1 1 1 1 1 1 1 1 1 0 0 0 0 0 0 0 0 0 2 2 3 3 3 3 3 3 4 5 7 6 8 11 10 9 12 
1 1 1 1 1 1 1 1 1 1 1 1 1 1 0 0 0 0 0 0 0 0 0 2 2 3 3 3 3 3 3 4 5 7 6 8 11 10 12 9 
1 1 1 1 1 1 1 1 1 1 1 1 1 1 0 0 0 0 0 0 0 0 0 2 2 3 3 3 3 3 3 4 5 7 6 8 11 12 9 10 
1 1 1 1 1 1 1 1 1 1 1 1 1 1 0 0 0 0 0 0 0 0 0 2 2 3 3 3 3 3 3 4 5 7 6 8 11 12 10 9 
1 1 1 1 1 1 1 1 1 1 1 1 1 1 0 0 0 0 0 0 0 0 0 2 2 3 3 3 3 3 3 4 5 7 6 8 12 9 10 11 
1 1 1 1 1 1 1 1 1 1 1 1 1 1 0 0 0 0 0 0 0 0 0 2 2 3 3 3 3 3 3 4 5 7 6 8 12 9 11 10 
1 1 1 1 1 1 1 1 1 1 1 1 1 1 0 0 0 0 0 0 0 0 0 2 2 3 3 3 3 3 3 4 5 7 6 8 12 10 9 11 
1 1 1 1 1 1 1 1 1 1 1 1 1 1 0 0 0 0 0 0 0 0 0 2 2 3 3 3 3 3 3 4 5 7 6 8 12 10 11 9 
1 1 1 1 1 1 1 1 1 1 1 1 1 1 0 0 0 0 0 0 0 0 0 2 2 3 3 3 3 3 3 4 5 7 6 8 12 11 9 10 
1 1 1 1 1 1 1 1 1 1 1 1 1 1 0 0 0 0 0 0 0 0 0 2 2 3 3 3 3 3 3 4 5 7 6 8 12 11 10 9 
1 1 1 1 1 1 1 1 1 1 1 1 1 1 0 0 0 0 0 0 0 0 0 2 2 3 3 3 3 3 3 4 5 7 6 9 8 10 11 12 
1 1 1 1 1 1 1 1 1 1 1 1 1 1 0 0 0 0 0 0 0 0 0 2 2 3 3 3 3 3 3 4 5 7 6 9 8 10 12 11 
1 1 1 1 1 1 1 1 1 1 1 1 1 1 0 0 0 0 0 0 0 0 0 2 2 3 3 3 3 3 3 4 5 7 6 9 8 11 10 12 
1 1 1 1 1 1 1 1 1 1 1 1 1 1 0 0 0 0 0 0 0 0 0 2 2 3 3 3 3 3 3 4 5 7 6 9 8 11 12 10 
1 1 1 1 1 1 1 1 1 1 1 1 1 1 0 0 0 0 0 0 0 0 0 2 2 3 3 3 3 3 3 4 5 7 6 9 8 12 10 11 
1 1 1 1 1 1 1 1 1 1 1 1 1 1 0 0 0 0 0 0 0 0 0 2 2 3 3 3 3 3 3 4 5 7 6 9 8 12 11 10 
1 1 1 1 1 1 1 1 1 1 1 1 1 1 0 0 0 0 0 0 0 0 0 2 2 3 3 3 3 3 3 4 5 7 6 9 10 8 11 12 
1 1 1 1 1 1 1 1 1 1 1 1 1 1 0 0 0 0 0 0 0 0 0 2 2 3 3 3 3 3 3 4 5 7 6 9 10 8 12 11 
1 1 1 1 1 1 1 1 1 1 1 1 1 1 0 0 0 0 0 0 0 0 0 2 2 3 3 3 3 3 3 4 5 7 6 9 10 11 8 12 
1 1 1 1 1 1 1 1 1 1 1 1 1 1 0 0 0 0 0 0 0 0 0 2 2 3 3 3 3 3 3 4 5 7 6 9 10 11 12 8 
1 1 1 1 1 1 1 1 1 1 1 1 1 1 0 0 0 0 0 0 0 0 0 2 2 3 3 3 3 3 3 4 5 7 6 9 10 12 8 11 
1 1 1 1 1 1 1 1 1 1 1 1 1 1 0 0 0 0 0 0 0 0 0 2 2 3 3 3 3 3 3 4 5 7 6 9 10 12 11 8 
1 1 1 1 1 1 1 1 1 1 1 1 1 1 0 0 0 0 0 0 0 0 0 2 2 3 3 3 3 3 3 4 5 7 6 9 11 8 10 12 
1 1 1 1 1 1 1 1 1 1 1 1 1 1 0 0 0 0 0 0 0 0 0 2 2 3 3 3 3 3 3 4 5 7 6 9 11 8 12 10 
1 1 1 1 1 1 1 1 1 1 1 1 1 1 0 0 0 0 0 0 0 0 0 2 2 3 3 3 3 3 3 4 5 7 6 9 11 10 8 12 
1 1 1 1 1 1 1 1 1 1 1 1 1 1 0 0 0 0 0 0 0 0 0 2 2 3 3 3 3 3 3 4 5 7 6 9 11 10 12 8 
1 1 1 1 1 1 1 1 1 1 1 1 1 1 0 0 0 0 0 0 0 0 0 2 2 3 3 3 3 3 3 4 5 7 6 9 11 12 8 10 
1 1 1 1 1 1 1 1 1 1 1 1 1 1 0 0 0 0 0 0 0 0 0 2 2 3 3 3 3 3 3 4 5 7 6 9 11 12 10 8 
1 1 1 1 1 1 1 1 1 1 1 1 1 1 0 0 0 0 0 0 0 0 0 2 2 3 3 3 3 3 3 4 5 7 6 9 12 8 10 11 
1 1 1 1 1 1 1 1 1 1 1 1 1 1 0 0 0 0 0 0 0 0 0 2 2 3 3 3 3 3 3 4 5 7 6 9 12 8 11 10 
1 1 1 1 1 1 1 1 1 1 1 1 1 1 0 0 0 0 0 0 0 0 0 2 2 3 3 3 3 3 3 4 5 7 6 9 12 10 8 11 
1 1 1 1 1 1 1 1 1 1 1 1 1 1 0 0 0 0 0 0 0 0 0 2 2 3 3 3 3 3 3 4 5 7 6 9 12 10 11 8 
1 1 1 1 1 1 1 1 1 1 1 1 1 1 0 0 0 0 0 0 0 0 0 2 2 3 3 3 3 3 3 4 5 7 6 9 12 11 8 10 
1 1 1 1 1 1 1 1 1 1 1 1 1 1 0 0 0 0 0 0 0 0 0 2 2 3 3 3 3 3 3 4 5 7 6 9 12 11 10 8 
1 1 1 1 1 1 1 1 1 1 1 1 1 1 0 0 0 0 0 0 0 0 0 2 2 3 3 3 3 3 3 4 5 7 6 10 8 9 11 12 
1 1 1 1 1 1 1 1 1 1 1 1 1 1 0 0 0 0 0 0 0 0 0 2 2 3 3 3 3 3 3 4 5 7 6 10 8 9 12 11 
1 1 1 1 1 1 1 1 1 1 1 1 1 1 0 0 0 0 0 0 0 0 0 2 2 3 3 3 3 3 3 4 5 7 6 10 8 11 9 12 
1 1 1 1 1 1 1 1 1 1 1 1 1 1 0 0 0 0 0 0 0 0 0 2 2 3 3 3 3 3 3 4 5 7 6 10 8 11 12 9 
1 1 1 1 1 1 1 1 1 1 1 1 1 1 0 0 0 0 0 0 0 0 0 2 2 3 3 3 3 3 3 4 5 7 6 10 8 12 9 11 
1 1 1 1 1 1 1 1 1 1 1 1 1 1 0 0 0 0 0 0 0 0 0 2 2 3 3 3 3 3 3 4 5 7 6 10 8 12 11 9 
1 1 1 1 1 1 1 1 1 1 1 1 1 1 0 0 0 0 0 0 0 0 0 2 2 3 3 3 3 3 3 4 5 7 6 10 9 8 11 12 
1 1 1 1 1 1 1 1 1 1 1 1 1 1 0 0 0 0 0 0 0 0 0 2 2 3 3 3 3 3 3 4 5 7 6 10 9 8 12 11 
1 1 1 1 1 1 1 1 1 1 1 1 1 1 0 0 0 0 0 0 0 0 0 2 2 3 3 3 3 3 3 4 5 7 6 10 9 11 8 12 
1 1 1 1 1 1 1 1 1 1 1 1 1 1 0 0 0 0 0 0 0 0 0 2 2 3 3 3 3 3 3 4 5 7 6 10 9 11 12 8 
1 1 1 1 1 1 1 1 1 1 1 1 1 1 0 0 0 0 0 0 0 0 0 2 2 3 3 3 3 3 3 4 5 7 6 10 9 12 8 11 
1 1 1 1 1 1 1 1 1 1 1 1 1 1 0 0 0 0 0 0 0 0 0 2 2 3 3 3 3 3 3 4 5 7 6 10 9 12 11 8 
1 1 1 1 1 1 1 1 1 1 1 1 1 1 0 0 0 0 0 0 0 0 0 2 2 3 3 3 3 3 3 4 5 7 6 10 11 8 9 12 
1 1 1 1 1 1 1 1 1 1 1 1 1 1 0 0 0 0 0 0 0 0 0 2 2 3 3 3 3 3 3 4 5 7 6 10 11 8 12 9 
1 1 1 1 1 1 1 1 1 1 1 1 1 1 0 0 0 0 0 0 0 0 0 2 2 3 3 3 3 3 3 4 5 7 6 10 11 9 8 12 
1 1 1 1 1 1 1 1 1 1 1 1 1 1 0 0 0 0 0 0 0 0 0 2 2 3 3 3 3 3 3 4 5 7 6 10 11 9 12 8 
1 1 1 1 1 1 1 1 1 1 1 1 1 1 0 0 0 0 0 0 0 0 0 2 2 3 3 3 3 3 3 4 5 7 6 10 11 12 8 9 
1 1 1 1 1 1 1 1 1 1 1 1 1 1 0 0 0 0 0 0 0 0 0 2 2 3 3 3 3 3 3 4 5 7 6 10 11 12 9 8 
1 1 1 1 1 1 1 1 1 1 1 1 1 1 0 0 0 0 0 0 0 0 0 2 2 3 3 3 3 3 3 4 5 7 6 10 12 8 9 11 
1 1 1 1 1 1 1 1 1 1 1 1 1 1 0 0 0 0 0 0 0 0 0 2 2 3 3 3 3 3 3 4 5 7 6 10 12 8 11 9 
1 1 1 1 1 1 1 1 1 1 1 1 1 1 0 0 0 0 0 0 0 0 0 2 2 3 3 3 3 3 3 4 5 7 6 10 12 9 8 11 
1 1 1 1 1 1 1 1 1 1 1 1 1 1 0 0 0 0 0 0 0 0 0 2 2 3 3 3 3 3 3 4 5 7 6 10 12 9 11 8 
1 1 1 1 1 1 1 1 1 1 1 1 1 1 0 0 0 0 0 0 0 0 0 2 2 3 3 3 3 3 3 4 5 7 6 10 12 11 8 9 
1 1 1 1 1 1 1 1 1 1 1 1 1 1 0 0 0 0 0 0 0 0 0 2 2 3 3 3 3 3 3 4 5 7 6 10 12 11 9 8 
1 1 1 1 1 1 1 1 1 1 1 1 1 1 0 0 0 0 0 0 0 0 0 2 2 3 3 3 3 3 3 4 5 7 6 11 8 9 10 12 
1 1 1 1 1 1 1 1 1 1 1 1 1 1 0 0 0 0 0 0 0 0 0 2 2 3 3 3 3 3 3 4 5 7 6 11 8 9 12 10 
1 1 1 1 1 1 1 1 1 1 1 1 1 1 0 0 0 0 0 0 0 0 0 2 2 3 3 3 3 3 3 4 5 7 6 11 8 10 9 12 
1 1 1 1 1 1 1 1 1 1 1 1 1 1 0 0 0 0 0 0 0 0 0 2 2 3 3 3 3 3 3 4 5 7 6 11 8 10 12 9 
1 1 1 1 1 1 1 1 1 1 1 1 1 1 0 0 0 0 0 0 0 0 0 2 2 3 3 3 3 3 3 4 5 7 6 11 8 12 9 10 
1 1 1 1 1 1 1 1 1 1 1 1 1 1 0 0 0 0 0 0 0 0 0 2 2 3 3 3 3 3 3 4 5 7 6 11 8 12 10 9 
1 1 1 1 1 1 1 1 1 1 1 1 1 1 0 0 0 0 0 0 0 0 0 2 2 3 3 3 3 3 3 4 5 7 6 11 9 8 10 12 
1 1 1 1 1 1 1 1 1 1 1 1 1 1 0 0 0 0 0 0 0 0 0 2 2 3 3 3 3 3 3 4 5 7 6 11 9 8 12 10 
1 1 1 1 1 1 1 1 1 1 1 1 1 1 0 0 0 0 0 0 0 0 0 2 2 3 3 3 3 3 3 4 5 7 6 11 9 10 8 12 
1 1 1 1 1 1 1 1 1 1 1 1 1 1 0 0 0 0 0 0 0 0 0 2 2 3 3 3 3 3 3 4 5 7 6 11 9 10 12 8 
1 1 1 1 1 1 1 1 1 1 1 1 1 1 0 0 0 0 0 0 0 0 0 2 2 3 3 3 3 3 3 4 5 7 6 11 9 12 8 10 
1 1 1 1 1 1 1 1 1 1 1 1 1 1 0 0 0 0 0 0 0 0 0 2 2 3 3 3 3 3 3 4 5 7 6 11 9 12 10 8 
1 1 1 1 1 1 1 1 1 1 1 1 1 1 0 0 0 0 0 0 0 0 0 2 2 3 3 3 3 3 3 4 5 7 6 11 10 8 9 12 
1 1 1 1 1 1 1 1 1 1 1 1 1 1 0 0 0 0 0 0 0 0 0 2 2 3 3 3 3 3 3 4 5 7 6 11 10 8 12 9 
1 1 1 1 1 1 1 1 1 1 1 1 1 1 0 0 0 0 0 0 0 0 0 2 2 3 3 3 3 3 3 4 5 7 6 11 10 9 8 12 
1 1 1 1 1 1 1 1 1 1 1 1 1 1 0 0 0 0 0 0 0 0 0 2 2 3 3 3 3 3 3 4 5 7 6 11 10 9 12 8 
1 1 1 1 1 1 1 1 1 1 1 1 1 1 0 0 0 0 0 0 0 0 0 2 2 3 3 3 3 3 3 4 5 7 6 11 10 12 8 9 
1 1 1 1 1 1 1 1 1 1 1 1 1 1 0 0 0 0 0 0 0 0 0 2 2 3 3 3 3 3 3 4 5 7 6 11 10 12 9 8 
1 1 1 1 1 1 1 1 1 1 1 1 1 1 0 0 0 0 0 0 0 0 0 2 2 3 3 3 3 3 3 4 5 7 6 11 12 8 9 10 
1 1 1 1 1 1 1 1 1 1 1 1 1 1 0 0 0 0 0 0 0 0 0 2 2 3 3 3 3 3 3 4 5 7 6 11 12 8 10 9 
1 1 1 1 1 1 1 1 1 1 1 1 1 1 0 0 0 0 0 0 0 0 0 2 2 3 3 3 3 3 3 4 5 7 6 11 12 9 8 10 
1 1 1 1 1 1 1 1 1 1 1 1 1 1 0 0 0 0 0 0 0 0 0 2 2 3 3 3 3 3 3 4 5 7 6 11 12 9 10 8 
1 1 1 1 1 1 1 1 1 1 1 1 1 1 0 0 0 0 0 0 0 0 0 2 2 3 3 3 3 3 3 4 5 7 6 11 12 10 8 9 
1 1 1 1 1 1 1 1 1 1 1 1 1 1 0 0 0 0 0 0 0 0 0 2 2 3 3 3 3 3 3 4 5 7 6 11 12 10 9 8 
1 1 1 1 1 1 1 1 1 1 1 1 1 1 0 0 0 0 0 0 0 0 0 2 2 3 3 3 3 3 3 4 5 7 6 12 8 9 10 11 
1 1 1 1 1 1 1 1 1 1 1 1 1 1 0 0 0 0 0 0 0 0 0 2 2 3 3 3 3 3 3 4 5 7 6 12 8 9 11 10 
1 1 1 1 1 1 1 1 1 1 1 1 1 1 0 0 0 0 0 0 0 0 0 2 2 3 3 3 3 3 3 4 5 7 6 12 8 10 9 11 
1 1 1 1 1 1 1 1 1 1 1 1 1 1 0 0 0 0 0 0 0 0 0 2 2 3 3 3 3 3 3 4 5 7 6 12 8 10 11 9 
1 1 1 1 1 1 1 1 1 1 1 1 1 1 0 0 0 0 0 0 0 0 0 2 2 3 3 3 3 3 3 4 5 7 6 12 8 11 9 10 
1 1 1 1 1 1 1 1 1 1 1 1 1 1 0 0 0 0 0 0 0 0 0 2 2 3 3 3 3 3 3 4 5 7 6 12 8 11 10 9 
1 1 1 1 1 1 1 1 1 1 1 1 1 1 0 0 0 0 0 0 0 0 0 2 2 3 3 3 3 3 3 4 5 7 6 12 9 8 10 11 
1 1 1 1 1 1 1 1 1 1 1 1 1 1 0 0 0 0 0 0 0 0 0 2 2 3 3 3 3 3 3 4 5 7 6 12 9 8 11 10 
1 1 1 1 1 1 1 1 1 1 1 1 1 1 0 0 0 0 0 0 0 0 0 2 2 3 3 3 3 3 3 4 5 7 6 12 9 10 8 11 
1 1 1 1 1 1 1 1 1 1 1 1 1 1 0 0 0 0 0 0 0 0 0 2 2 3 3 3 3 3 3 4 5 7 6 12 9 10 11 8 
1 1 1 1 1 1 1 1 1 1 1 1 1 1 0 0 0 0 0 0 0 0 0 2 2 3 3 3 3 3 3 4 5 7 6 12 9 11 8 10 
1 1 1 1 1 1 1 1 1 1 1 1 1 1 0 0 0 0 0 0 0 0 0 2 2 3 3 3 3 3 3 4 5 7 6 12 9 11 10 8 
1 1 1 1 1 1 1 1 1 1 1 1 1 1 0 0 0 0 0 0 0 0 0 2 2 3 3 3 3 3 3 4 5 7 6 12 10 8 9 11 
1 1 1 1 1 1 1 1 1 1 1 1 1 1 0 0 0 0 0 0 0 0 0 2 2 3 3 3 3 3 3 4 5 7 6 12 10 8 11 9 
1 1 1 1 1 1 1 1 1 1 1 1 1 1 0 0 0 0 0 0 0 0 0 2 2 3 3 3 3 3 3 4 5 7 6 12 10 9 8 11 
1 1 1 1 1 1 1 1 1 1 1 1 1 1 0 0 0 0 0 0 0 0 0 2 2 3 3 3 3 3 3 4 5 7 6 12 10 9 11 8 
1 1 1 1 1 1 1 1 1 1 1 1 1 1 0 0 0 0 0 0 0 0 0 2 2 3 3 3 3 3 3 4 5 7 6 12 10 11 8 9 
1 1 1 1 1 1 1 1 1 1 1 1 1 1 0 0 0 0 0 0 0 0 0 2 2 3 3 3 3 3 3 4 5 7 6 12 10 11 9 8 
1 1 1 1 1 1 1 1 1 1 1 1 1 1 0 0 0 0 0 0 0 0 0 2 2 3 3 3 3 3 3 4 5 7 6 12 11 8 9 10 
1 1 1 1 1 1 1 1 1 1 1 1 1 1 0 0 0 0 0 0 0 0 0 2 2 3 3 3 3 3 3 4 5 7 6 12 11 8 10 9 
1 1 1 1 1 1 1 1 1 1 1 1 1 1 0 0 0 0 0 0 0 0 0 2 2 3 3 3 3 3 3 4 5 7 6 12 11 9 8 10 
1 1 1 1 1 1 1 1 1 1 1 1 1 1 0 0 0 0 0 0 0 0 0 2 2 3 3 3 3 3 3 4 5 7 6 12 11 9 10 8 
1 1 1 1 1 1 1 1 1 1 1 1 1 1 0 0 0 0 0 0 0 0 0 2 2 3 3 3 3 3 3 4 5 7 6 12 11 10 8 9 
1 1 1 1 1 1 1 1 1 1 1 1 1 1 0 0 0 0 0 0 0 0 0 2 2 3 3 3 3 3 3 4 5 7 6 12 11 10 9 8 
1 1 1 1 1 1 1 1 1 1 1 1 1 1 0 0 0 0 0 0 0 0 0 2 2 3 3 3 3 3 3 4 5 7 8 6 9 10 11 12 
1 1 1 1 1 1 1 1 1 1 1 1 1 1 0 0 0 0 0 0 0 0 0 2 2 3 3 3 3 3 3 4 5 7 8 6 9 10 12 11 
1 1 1 1 1 1 1 1 1 1 1 1 1 1 0 0 0 0 0 0 0 0 0 2 2 3 3 3 3 3 3 4 5 7 8 6 9 11 10 12 
1 1 1 1 1 1 1 1 1 1 1 1 1 1 0 0 0 0 0 0 0 0 0 2 2 3 3 3 3 3 3 4 5 7 8 6 9 11 12 10 
1 1 1 1 1 1 1 1 1 1 1 1 1 1 0 0 0 0 0 0 0 0 0 2 2 3 3 3 3 3 3 4 5 7 8 6 9 12 10 11 
1 1 1 1 1 1 1 1 1 1 1 1 1 1 0 0 0 0 0 0 0 0 0 2 2 3 3 3 3 3 3 4 5 7 8 6 9 12 11 10 
1 1 1 1 1 1 1 1 1 1 1 1 1 1 0 0 0 0 0 0 0 0 0 2 2 3 3 3 3 3 3 4 5 7 8 6 10 9 11 12 
1 1 1 1 1 1 1 1 1 1 1 1 1 1 0 0 0 0 0 0 0 0 0 2 2 3 3 3 3 3 3 4 5 7 8 6 10 9 12 11 
1 1 1 1 1 1 1 1 1 1 1 1 1 1 0 0 0 0 0 0 0 0 0 2 2 3 3 3 3 3 3 4 5 7 8 6 10 11 9 12 
1 1 1 1 1 1 1 1 1 1 1 1 1 1 0 0 0 0 0 0 0 0 0 2 2 3 3 3 3 3 3 4 5 7 8 6 10 11 12 9 
1 1 1 1 1 1 1 1 1 1 1 1 1 1 0 0 0 0 0 0 0 0 0 2 2 3 3 3 3 3 3 4 5 7 8 6 10 12 9 11 
1 1 1 1 1 1 1 1 1 1 1 1 1 1 0 0 0 0 0 0 0 0 0 2 2 3 3 3 3 3 3 4 5 7 8 6 10 12 11 9 
1 1 1 1 1 1 1 1 1 1 1 1 1 1 0 0 0 0 0 0 0 0 0 2 2 3 3 3 3 3 3 4 5 7 8 6 11 9 10 12 
1 1 1 1 1 1 1 1 1 1 1 1 1 1 0 0 0 0 0 0 0 0 0 2 2 3 3 3 3 3 3 4 5 7 8 6 11 9 12 10 
1 1 1 1 1 1 1 1 1 1 1 1 1 1 0 0 0 0 0 0 0 0 0 2 2 3 3 3 3 3 3 4 5 7 8 6 11 10 9 12 
1 1 1 1 1 1 1 1 1 1 1 1 1 1 0 0 0 0 0 0 0 0 0 2 2 3 3 3 3 3 3 4 5 7 8 6 11 10 12 9 
1 1 1 1 1 1 1 1 1 1 1 1 1 1 0 0 0 0 0 0 0 0 0 2 2 3 3 3 3 3 3 4 5 7 8 6 11 12 9 10 
1 1 1 1 1 1 1 1 1 1 1 1 1 1 0 0 0 0 0 0 0 0 0 2 2 3 3 3 3 3 3 4 5 7 8 6 11 12 10 9 
1 1 1 1 1 1 1 1 1 1 1 1 1 1 0 0 0 0 0 0 0 0 0 2 2 3 3 3 3 3 3 4 5 7 8 6 12 9 10 11 
1 1 1 1 1 1 1 1 1 1 1 1 1 1 0 0 0 0 0 0 0 0 0 2 2 3 3 3 3 3 3 4 5 7 8 6 12 9 11 10 
1 1 1 1 1 1 1 1 1 1 1 1 1 1 0 0 0 0 0 0 0 0 0 2 2 3 3 3 3 3 3 4 5 7 8 6 12 10 9 11 
1 1 1 1 1 1 1 1 1 1 1 1 1 1 0 0 0 0 0 0 0 0 0 2 2 3 3 3 3 3 3 4 5 7 8 6 12 10 11 9 
1 1 1 1 1 1 1 1 1 1 1 1 1 1 0 0 0 0 0 0 0 0 0 2 2 3 3 3 3 3 3 4 5 7 8 6 12 11 9 10 
1 1 1 1 1 1 1 1 1 1 1 1 1 1 0 0 0 0 0 0 0 0 0 2 2 3 3 3 3 3 3 4 5 7 8 6 12 11 10 9 
1 1 1 1 1 1 1 1 1 1 1 1 1 1 0 0 0 0 0 0 0 0 0 2 2 3 3 3 3 3 3 4 5 7 8 9 6 10 11 12 
1 1 1 1 1 1 1 1 1 1 1 1 1 1 0 0 0 0 0 0 0 0 0 2 2 3 3 3 3 3 3 4 5 7 8 9 6 10 12 11 
1 1 1 1 1 1 1 1 1 1 1 1 1 1 0 0 0 0 0 0 0 0 0 2 2 3 3 3 3 3 3 4 5 7 8 9 6 11 10 12 
1 1 1 1 1 1 1 1 1 1 1 1 1 1 0 0 0 0 0 0 0 0 0 2 2 3 3 3 3 3 3 4 5 7 8 9 6 11 12 10 
1 1 1 1 1 1 1 1 1 1 1 1 1 1 0 0 0 0 0 0 0 0 0 2 2 3 3 3 3 3 3 4 5 7 8 9 6 12 10 11 
1 1 1 1 1 1 1 1 1 1 1 1 1 1 0 0 0 0 0 0 0 0 0 2 2 3 3 3 3 3 3 4 5 7 8 9 6 12 11 10 
1 1 1 1 1 1 1 1 1 1 1 1 1 1 0 0 0 0 0 0 0 0 0 2 2 3 3 3 3 3 3 4 5 7 8 9 10 6 11 12 
1 1 1 1 1 1 1 1 1 1 1 1 1 1 0 0 0 0 0 0 0 0 0 2 2 3 3 3 3 3 3 4 5 7 8 9 10 6 12 11 
1 1 1 1 1 1 1 1 1 1 1 1 1 1 0 0 0 0 0 0 0 0 0 2 2 3 3 3 3 3 3 4 5 7 8 9 10 11 6 12 
1 1 1 1 1 1 1 1 1 1 1 1 1 1 0 0 0 0 0 0 0 0 0 2 2 3 3 3 3 3 3 4 5 7 8 9 10 11 12 6 
1 1 1 1 1 1 1 1 1 1 1 1 1 1 0 0 0 0 0 0 0 0 0 2 2 3 3 3 3 3 3 4 5 7 8 9 10 12 6 11 
1 1 1 1 1 1 1 1 1 1 1 1 1 1 0 0 0 0 0 0 0 0 0 2 2 3 3 3 3 3 3 4 5 7 8 9 10 12 11 6 
1 1 1 1 1 1 1 1 1 1 1 1 1 1 0 0 0 0 0 0 0 0 0 2 2 3 3 3 3 3 3 4 5 7 8 9 11 6 10 12 
1 1 1 1 1 1 1 1 1 1 1 1 1 1 0 0 0 0 0 0 0 0 0 2 2 3 3 3 3 3 3 4 5 7 8 9 11 6 12 10 
1 1 1 1 1 1 1 1 1 1 1 1 1 1 0 0 0 0 0 0 0 0 0 2 2 3 3 3 3 3 3 4 5 7 8 9 11 10 6 12 
1 1 1 1 1 1 1 1 1 1 1 1 1 1 0 0 0 0 0 0 0 0 0 2 2 3 3 3 3 3 3 4 5 7 8 9 11 10 12 6 
1 1 1 1 1 1 1 1 1 1 1 1 1 1 0 0 0 0 0 0 0 0 0 2 2 3 3 3 3 3 3 4 5 7 8 9 11 12 6 10 
1 1 1 1 1 1 1 1 1 1 1 1 1 1 0 0 0 0 0 0 0 0 0 2 2 3 3 3 3 3 3 4 5 7 8 9 11 12 10 6 
1 1 1 1 1 1 1 1 1 1 1 1 1 1 0 0 0 0 0 0 0 0 0 2 2 3 3 3 3 3 3 4 5 7 8 9 12 6 10 11 
1 1 1 1 1 1 1 1 1 1 1 1 1 1 0 0 0 0 0 0 0 0 0 2 2 3 3 3 3 3 3 4 5 7 8 9 12 6 11 10 
1 1 1 1 1 1 1 1 1 1 1 1 1 1 0 0 0 0 0 0 0 0 0 2 2 3 3 3 3 3 3 4 5 7 8 9 12 10 6 11 
1 1 1 1 1 1 1 1 1 1 1 1 1 1 0 0 0 0 0 0 0 0 0 2 2 3 3 3 3 3 3 4 5 7 8 9 12 10 11 6 
1 1 1 1 1 1 1 1 1 1 1 1 1 1 0 0 0 0 0 0 0 0 0 2 2 3 3 3 3 3 3 4 5 7 8 9 12 11 6 10 
1 1 1 1 1 1 1 1 1 1 1 1 1 1 0 0 0 0 0 0 0 0 0 2 2 3 3 3 3 3 3 4 5 7 8 9 12 11 10 6 
1 1 1 1 1 1 1 1 1 1 1 1 1 1 0 0 0 0 0 0 0 0 0 2 2 3 3 3 3 3 3 4 5 7 8 10 6 9 11 12 
1 1 1 1 1 1 1 1 1 1 1 1 1 1 0 0 0 0 0 0 0 0 0 2 2 3 3 3 3 3 3 4 5 7 8 10 6 9 12 11 
1 1 1 1 1 1 1 1 1 1 1 1 1 1 0 0 0 0 0 0 0 0 0 2 2 3 3 3 3 3 3 4 5 7 8 10 6 11 9 12 
1 1 1 1 1 1 1 1 1 1 1 1 1 1 0 0 0 0 0 0 0 0 0 2 2 3 3 3 3 3 3 4 5 7 8 10 6 11 12 9 
1 1 1 1 1 1 1 1 1 1 1 1 1 1 0 0 0 0 0 0 0 0 0 2 2 3 3 3 3 3 3 4 5 7 8 10 6 12 9 11 
1 1 1 1 1 1 1 1 1 1 1 1 1 1 0 0 0 0 0 0 0 0 0 2 2 3 3 3 3 3 3 4 5 7 8 10 6 12 11 9 
1 1 1 1 1 1 1 1 1 1 1 1 1 1 0 0 0 0 0 0 0 0 0 2 2 3 3 3 3 3 3 4 5 7 8 10 9 6 11 12 
1 1 1 1 1 1 1 1 1 1 1 1 1 1 0 0 0 0 0 0 0 0 0 2 2 3 3 3 3 3 3 4 5 7 8 10 9 6 12 11 
1 1 1 1 1 1 1 1 1 1 1 1 1 1 0 0 0 0 0 0 0 0 0 2 2 3 3 3 3 3 3 4 5 7 8 10 9 11 6 12 
1 1 1 1 1 1 1 1 1 1 1 1 1 1 0 0 0 0 0 0 0 0 0 2 2 3 3 3 3 3 3 4 5 7 8 10 9 11 12 6 
1 1 1 1 1 1 1 1 1 1 1 1 1 1 0 0 0 0 0 0 0 0 0 2 2 3 3 3 3 3 3 4 5 7 8 10 9 12 6 11 
1 1 1 1 1 1 1 1 1 1 1 1 1 1 0 0 0 0 0 0 0 0 0 2 2 3 3 3 3 3 3 4 5 7 8 10 9 12 11 6 
1 1 1 1 1 1 1 1 1 1 1 1 1 1 0 0 0 0 0 0 0 0 0 2 2 3 3 3 3 3 3 4 5 7 8 10 11 6 9 12 
1 1 1 1 1 1 1 1 1 1 1 1 1 1 0 0 0 0 0 0 0 0 0 2 2 3 3 3 3 3 3 4 5 7 8 10 11 6 12 9 
1 1 1 1 1 1 1 1 1 1 1 1 1 1 0 0 0 0 0 0 0 0 0 2 2 3 3 3 3 3 3 4 5 7 8 10 11 9 6 12 
1 1 1 1 1 1 1 1 1 1 1 1 1 1 0 0 0 0 0 0 0 0 0 2 2 3 3 3 3 3 3 4 5 7 8 10 11 9 12 6 
1 1 1 1 1 1 1 1 1 1 1 1 1 1 0 0 0 0 0 0 0 0 0 2 2 3 3 3 3 3 3 4 5 7 8 10 11 12 6 9 
1 1 1 1 1 1 1 1 1 1 1 1 1 1 0 0 0 0 0 0 0 0 0 2 2 3 3 3 3 3 3 4 5 7 8 10 11 12 9 6 
1 1 1 1 1 1 1 1 1 1 1 1 1 1 0 0 0 0 0 0 0 0 0 2 2 3 3 3 3 3 3 4 5 7 8 10 12 6 9 11 
1 1 1 1 1 1 1 1 1 1 1 1 1 1 0 0 0 0 0 0 0 0 0 2 2 3 3 3 3 3 3 4 5 7 8 10 12 6 11 9 
1 1 1 1 1 1 1 1 1 1 1 1 1 1 0 0 0 0 0 0 0 0 0 2 2 3 3 3 3 3 3 4 5 7 8 10 12 9 6 11 
1 1 1 1 1 1 1 1 1 1 1 1 1 1 0 0 0 0 0 0 0 0 0 2 2 3 3 3 3 3 3 4 5 7 8 10 12 9 11 6 
1 1 1 1 1 1 1 1 1 1 1 1 1 1 0 0 0 0 0 0 0 0 0 2 2 3 3 3 3 3 3 4 5 7 8 10 12 11 6 9 
1 1 1 1 1 1 1 1 1 1 1 1 1 1 0 0 0 0 0 0 0 0 0 2 2 3 3 3 3 3 3 4 5 7 8 10 12 11 9 6 
1 1 1 1 1 1 1 1 1 1 1 1 1 1 0 0 0 0 0 0 0 0 0 2 2 3 3 3 3 3 3 4 5 7 8 11 6 9 10 12 
1 1 1 1 1 1 1 1 1 1 1 1 1 1 0 0 0 0 0 0 0 0 0 2 2 3 3 3 3 3 3 4 5 7 8 11 6 9 12 10 
1 1 1 1 1 1 1 1 1 1 1 1 1 1 0 0 0 0 0 0 0 0 0 2 2 3 3 3 3 3 3 4 5 7 8 11 6 10 9 12 
1 1 1 1 1 1 1 1 1 1 1 1 1 1 0 0 0 0 0 0 0 0 0 2 2 3 3 3 3 3 3 4 5 7 8 11 6 10 12 9 
1 1 1 1 1 1 1 1 1 1 1 1 1 1 0 0 0 0 0 0 0 0 0 2 2 3 3 3 3 3 3 4 5 7 8 11 6 12 9 10 
1 1 1 1 1 1 1 1 1 1 1 1 1 1 0 0 0 0 0 0 0 0 0 2 2 3 3 3 3 3 3 4 5 7 8 11 6 12 10 9 
1 1 1 1 1 1 1 1 1 1 1 1 1 1 0 0 0 0 0 0 0 0 0 2 2 3 3 3 3 3 3 4 5 7 8 11 9 6 10 12 
1 1 1 1 1 1 1 1 1 1 1 1 1 1 0 0 0 0 0 0 0 0 0 2 2 3 3 3 3 3 3 4 5 7 8 11 9 6 12 10 
1 1 1 1 1 1 1 1 1 1 1 1 1 1 0 0 0 0 0 0 0 0 0 2 2 3 3 3 3 3 3 4 5 7 8 11 9 10 6 12 
1 1 1 1 1 1 1 1 1 1 1 1 1 1 0 0 0 0 0 0 0 0 0 2 2 3 3 3 3 3 3 4 5 7 8 11 9 10 12 6 
1 1 1 1 1 1 1 1 1 1 1 1 1 1 0 0 0 0 0 0 0 0 0 2 2 3 3 3 3 3 3 4 5 7 8 11 9 12 6 10 
1 1 1 1 1 1 1 1 1 1 1 1 1 1 0 0 0 0 0 0 0 0 0 2 2 3 3 3 3 3 3 4 5 7 8 11 9 12 10 6 
1 1 1 1 1 1 1 1 1 1 1 1 1 1 0 0 0 0 0 0 0 0 0 2 2 3 3 3 3 3 3 4 5 7 8 11 10 6 9 12 
1 1 1 1 1 1 1 1 1 1 1 1 1 1 0 0 0 0 0 0 0 0 0 2 2 3 3 3 3 3 3 4 5 7 8 11 10 6 12 9 
1 1 1 1 1 1 1 1 1 1 1 1 1 1 0 0 0 0 0 0 0 0 0 2 2 3 3 3 3 3 3 4 5 7 8 11 10 9 6 12 
1 1 1 1 1 1 1 1 1 1 1 1 1 1 0 0 0 0 0 0 0 0 0 2 2 3 3 3 3 3 3 4 5 7 8 11 10 9 12 6 
1 1 1 1 1 1 1 1 1 1 1 1 1 1 0 0 0 0 0 0 0 0 0 2 2 3 3 3 3 3 3 4 5 7 8 11 10 12 6 9 
1 1 1 1 1 1 1 1 1 1 1 1 1 1 0 0 0 0 0 0 0 0 0 2 2 3 3 3 3 3 3 4 5 7 8 11 10 12 9 6 
1 1 1 1 1 1 1 1 1 1 1 1 1 1 0 0 0 0 0 0 0 0 0 2 2 3 3 3 3 3 3 4 5 7 8 11 12 6 9 10 
1 1 1 1 1 1 1 1 1 1 1 1 1 1 0 0 0 0 0 0 0 0 0 2 2 3 3 3 3 3 3 4 5 7 8 11 12 6 10 9 
1 1 1 1 1 1 1 1 1 1 1 1 1 1 0 0 0 0 0 0 0 0 0 2 2 3 3 3 3 3 3 4 5 7 8 11 12 9 6 10 
1 1 1 1 1 1 1 1 1 1 1 1 1 1 0 0 0 0 0 0 0 0 0 2 2 3 3 3 3 3 3 4 5 7 8 11 12 9 10 6 
1 1 1 1 1 1 1 1 1 1 1 1 1 1 0 0 0 0 0 0 0 0 0 2 2 3 3 3 3 3 3 4 5 7 8 11 12 10 6 9 
1 1 1 1 1 1 1 1 1 1 1 1 1 1 0 0 0 0 0 0 0 0 0 2 2 3 3 3 3 3 3 4 5 7 8 11 12 10 9 6 
1 1 1 1 1 1 1 1 1 1 1 1 1 1 0 0 0 0 0 0 0 0 0 2 2 3 3 3 3 3 3 4 5 7 8 12 6 9 10 11 
1 1 1 1 1 1 1 1 1 1 1 1 1 1 0 0 0 0 0 0 0 0 0 2 2 3 3 3 3 3 3 4 5 7 8 12 6 9 11 10 
1 1 1 1 1 1 1 1 1 1 1 1 1 1 0 0 0 0 0 0 0 0 0 2 2 3 3 3 3 3 3 4 5 7 8 12 6 10 9 11 
1 1 1 1 1 1 1 1 1 1 1 1 1 1 0 0 0 0 0 0 0 0 0 2 2 3 3 3 3 3 3 4 5 7 8 12 6 10 11 9 
1 1 1 1 1 1 1 1 1 1 1 1 1 1 0 0 0 0 0 0 0 0 0 2 2 3 3 3 3 3 3 4 5 7 8 12 6 11 9 10 
1 1 1 1 1 1 1 1 1 1 1 1 1 1 0 0 0 0 0 0 0 0 0 2 2 3 3 3 3 3 3 4 5 7 8 12 6 11 10 9 
1 1 1 1 1 1 1 1 1 1 1 1 1 1 0 0 0 0 0 0 0 0 0 2 2 3 3 3 3 3 3 4 5 7 8 12 9 6 10 11 
1 1 1 1 1 1 1 1 1 1 1 1 1 1 0 0 0 0 0 0 0 0 0 2 2 3 3 3 3 3 3 4 5 7 8 12 9 6 11 10 
1 1 1 1 1 1 1 1 1 1 1 1 1 1 0 0 0 0 0 0 0 0 0 2 2 3 3 3 3 3 3 4 5 7 8 12 9 10 6 11 
1 1 1 1 1 1 1 1 1 1 1 1 1 1 0 0 0 0 0 0 0 0 0 2 2 3 3 3 3 3 3 4 5 7 8 12 9 10 11 6 
1 1 1 1 1 1 1 1 1 1 1 1 1 1 0 0 0 0 0 0 0 0 0 2 2 3 3 3 3 3 3 4 5 7 8 12 9 11 6 10 
1 1 1 1 1 1 1 1 1 1 1 1 1 1 0 0 0 0 0 0 0 0 0 2 2 3 3 3 3 3 3 4 5 7 8 12 9 11 10 6 
1 1 1 1 1 1 1 1 1 1 1 1 1 1 0 0 0 0 0 0 0 0 0 2 2 3 3 3 3 3 3 4 5 7 8 12 10 6 9 11 
1 1 1 1 1 1 1 1 1 1 1 1 1 1 0 0 0 0 0 0 0 0 0 2 2 3 3 3 3 3 3 4 5 7 8 12 10 6 11 9 
1 1 1 1 1 1 1 1 1 1 1 1 1 1 0 0 0 0 0 0 0 0 0 2 2 3 3 3 3 3 3 4 5 7 8 12 10 9 6 11 
1 1 1 1 1 1 1 1 1 1 1 1 1 1 0 0 0 0 0 0 0 0 0 2 2 3 3 3 3 3 3 4 5 7 8 12 10 9 11 6 
1 1 1 1 1 1 1 1 1 1 1 1 1 1 0 0 0 0 0 0 0 0 0 2 2 3 3 3 3 3 3 4 5 7 8 12 10 11 6 9 
1 1 1 1 1 1 1 1 1 1 1 1 1 1 0 0 0 0 0 0 0 0 0 2 2 3 3 3 3 3 3 4 5 7 8 12 10 11 9 6 
1 1 1 1 1 1 1 1 1 1 1 1 1 1 0 0 0 0 0 0 0 0 0 2 2 3 3 3 3 3 3 4 5 7 8 12 11 6 9 10 
1 1 1 1 1 1 1 1 1 1 1 1 1 1 0 0 0 0 0 0 0 0 0 2 2 3 3 3 3 3 3 4 5 7 8 12 11 6 10 9 
1 1 1 1 1 1 1 1 1 1 1 1 1 1 0 0 0 0 0 0 0 0 0 2 2 3 3 3 3 3 3 4 5 7 8 12 11 9 6 10 
1 1 1 1 1 1 1 1 1 1 1 1 1 1 0 0 0 0 0 0 0 0 0 2 2 3 3 3 3 3 3 4 5 7 8 12 11 9 10 6 
1 1 1 1 1 1 1 1 1 1 1 1 1 1 0 0 0 0 0 0 0 0 0 2 2 3 3 3 3 3 3 4 5 7 8 12 11 10 6 9 
1 1 1 1 1 1 1 1 1 1 1 1 1 1 0 0 0 0 0 0 0 0 0 2 2 3 3 3 3 3 3 4 5 7 8 12 11 10 9 6 
1 1 1 1 1 1 1 1 1 1 1 1 1 1 0 0 0 0 0 0 0 0 0 2 2 3 3 3 3 3 3 4 5 7 9 6 8 10 11 12 
1 1 1 1 1 1 1 1 1 1 1 1 1 1 0 0 0 0 0 0 0 0 0 2 2 3 3 3 3 3 3 4 5 7 9 6 8 10 12 11 
1 1 1 1 1 1 1 1 1 1 1 1 1 1 0 0 0 0 0 0 0 0 0 2 2 3 3 3 3 3 3 4 5 7 9 6 8 11 10 12 
1 1 1 1 1 1 1 1 1 1 1 1 1 1 0 0 0 0 0 0 0 0 0 2 2 3 3 3 3 3 3 4 5 7 9 6 8 11 12 10 
1 1 1 1 1 1 1 1 1 1 1 1 1 1 0 0 0 0 0 0 0 0 0 2 2 3 3 3 3 3 3 4 5 7 9 6 8 12 10 11 
1 1 1 1 1 1 1 1 1 1 1 1 1 1 0 0 0 0 0 0 0 0 0 2 2 3 3 3 3 3 3 4 5 7 9 6 8 12 11 10 
1 1 1 1 1 1 1 1 1 1 1 1 1 1 0 0 0 0 0 0 0 0 0 2 2 3 3 3 3 3 3 4 5 7 9 6 10 8 11 12 
1 1 1 1 1 1 1 1 1 1 1 1 1 1 0 0 0 0 0 0 0 0 0 2 2 3 3 3 3 3 3 4 5 7 9 6 10 8 12 11 
1 1 1 1 1 1 1 1 1 1 1 1 1 1 0 0 0 0 0 0 0 0 0 2 2 3 3 3 3 3 3 4 5 7 9 6 10 11 8 12 
1 1 1 1 1 1 1 1 1 1 1 1 1 1 0 0 0 0 0 0 0 0 0 2 2 3 3 3 3 3 3 4 5 7 9 6 10 11 12 8 
1 1 1 1 1 1 1 1 1 1 1 1 1 1 0 0 0 0 0 0 0 0 0 2 2 3 3 3 3 3 3 4 5 7 9 6 10 12 8 11 
1 1 1 1 1 1 1 1 1 1 1 1 1 1 0 0 0 0 0 0 0 0 0 2 2 3 3 3 3 3 3 4 5 7 9 6 10 12 11 8 
1 1 1 1 1 1 1 1 1 1 1 1 1 1 0 0 0 0 0 0 0 0 0 2 2 3 3 3 3 3 3 4 5 7 9 6 11 8 10 12 
1 1 1 1 1 1 1 1 1 1 1 1 1 1 0 0 0 0 0 0 0 0 0 2 2 3 3 3 3 3 3 4 5 7 9 6 11 8 12 10 
1 1 1 1 1 1 1 1 1 1 1 1 1 1 0 0 0 0 0 0 0 0 0 2 2 3 3 3 3 3 3 4 5 7 9 6 11 10 8 12 
1 1 1 1 1 1 1 1 1 1 1 1 1 1 0 0 0 0 0 0 0 0 0 2 2 3 3 3 3 3 3 4 5 7 9 6 11 10 12 8 
1 1 1 1 1 1 1 1 1 1 1 1 1 1 0 0 0 0 0 0 0 0 0 2 2 3 3 3 3 3 3 4 5 7 9 6 11 12 8 10 
1 1 1 1 1 1 1 1 1 1 1 1 1 1 0 0 0 0 0 0 0 0 0 2 2 3 3 3 3 3 3 4 5 7 9 6 11 12 10 8 
1 1 1 1 1 1 1 1 1 1 1 1 1 1 0 0 0 0 0 0 0 0 0 2 2 3 3 3 3 3 3 4 5 7 9 6 12 8 10 11 
1 1 1 1 1 1 1 1 1 1 1 1 1 1 0 0 0 0 0 0 0 0 0 2 2 3 3 3 3 3 3 4 5 7 9 6 12 8 11 10 
1 1 1 1 1 1 1 1 1 1 1 1 1 1 0 0 0 0 0 0 0 0 0 2 2 3 3 3 3 3 3 4 5 7 9 6 12 10 8 11 
1 1 1 1 1 1 1 1 1 1 1 1 1 1 0 0 0 0 0 0 0 0 0 2 2 3 3 3 3 3 3 4 5 7 9 6 12 10 11 8 
1 1 1 1 1 1 1 1 1 1 1 1 1 1 0 0 0 0 0 0 0 0 0 2 2 3 3 3 3 3 3 4 5 7 9 6 12 11 8 10 
1 1 1 1 1 1 1 1 1 1 1 1 1 1 0 0 0 0 0 0 0 0 0 2 2 3 3 3 3 3 3 4 5 7 9 6 12 11 10 8 
1 1 1 1 1 1 1 1 1 1 1 1 1 1 0 0 0 0 0 0 0 0 0 2 2 3 3 3 3 3 3 4 5 7 9 8 6 10 11 12 
1 1 1 1 1 1 1 1 1 1 1 1 1 1 0 0 0 0 0 0 0 0 0 2 2 3 3 3 3 3 3 4 5 7 9 8 6 10 12 11 
1 1 1 1 1 1 1 1 1 1 1 1 1 1 0 0 0 0 0 0 0 0 0 2 2 3 3 3 3 3 3 4 5 7 9 8 6 11 10 12 
1 1 1 1 1 1 1 1 1 1 1 1 1 1 0 0 0 0 0 0 0 0 0 2 2 3 3 3 3 3 3 4 5 7 9 8 6 11 12 10 
1 1 1 1 1 1 1 1 1 1 1 1 1 1 0 0 0 0 0 0 0 0 0 2 2 3 3 3 3 3 3 4 5 7 9 8 6 12 10 11 
1 1 1 1 1 1 1 1 1 1 1 1 1 1 0 0 0 0 0 0 0 0 0 2 2 3 3 3 3 3 3 4 5 7 9 8 6 12 11 10 
1 1 1 1 1 1 1 1 1 1 1 1 1 1 0 0 0 0 0 0 0 0 0 2 2 3 3 3 3 3 3 4 5 7 9 8 10 6 11 12 
1 1 1 1 1 1 1 1 1 1 1 1 1 1 0 0 0 0 0 0 0 0 0 2 2 3 3 3 3 3 3 4 5 7 9 8 10 6 12 11 
1 1 1 1 1 1 1 1 1 1 1 1 1 1 0 0 0 0 0 0 0 0 0 2 2 3 3 3 3 3 3 4 5 7 9 8 10 11 6 12 
1 1 1 1 1 1 1 1 1 1 1 1 1 1 0 0 0 0 0 0 0 0 0 2 2 3 3 3 3 3 3 4 5 7 9 8 10 11 12 6 
1 1 1 1 1 1 1 1 1 1 1 1 1 1 0 0 0 0 0 0 0 0 0 2 2 3 3 3 3 3 3 4 5 7 9 8 10 12 6 11 
1 1 1 1 1 1 1 1 1 1 1 1 1 1 0 0 0 0 0 0 0 0 0 2 2 3 3 3 3 3 3 4 5 7 9 8 10 12 11 6 
1 1 1 1 1 1 1 1 1 1 1 1 1 1 0 0 0 0 0 0 0 0 0 2 2 3 3 3 3 3 3 4 5 7 9 8 11 6 10 12 
1 1 1 1 1 1 1 1 1 1 1 1 1 1 0 0 0 0 0 0 0 0 0 2 2 3 3 3 3 3 3 4 5 7 9 8 11 6 12 10 
1 1 1 1 1 1 1 1 1 1 1 1 1 1 0 0 0 0 0 0 0 0 0 2 2 3 3 3 3 3 3 4 5 7 9 8 11 10 6 12 
1 1 1 1 1 1 1 1 1 1 1 1 1 1 0 0 0 0 0 0 0 0 0 2 2 3 3 3 3 3 3 4 5 7 9 8 11 10 12 6 
